#
# A fatal error has been detected by the Java Runtime Environment:
#
#  EXCEPTION_ACCESS_VIOLATION (0xc0000005) at pc=0x00007ffac519a605, pid=18552, tid=30512
#
# JRE version: Java(TM) SE Runtime Environment (9.0+11) (build 9.0.4+11)
# Java VM: Java HotSpot(TM) 64-Bit Server VM (9.0.4+11, mixed mode, tiered, compressed oops, g1 gc, windows-amd64)
# Problematic frame:
# C  [librdi_common.dll+0x17a605]
#
# No core dump will be written. Minidumps are not enabled by default on client versions of Windows
#
# If you would like to submit a bug report, please visit:
#   http://bugreport.java.com/bugreport/crash.jsp
# The crash happened outside the Java Virtual Machine in native code.
# See problematic frame for where to report the bug.
#

---------------  S U M M A R Y ------------

Command Line: -Dsun.java2d.pmoffscreen=false -Dsun.java2d.xrender=false -Dsun.java2d.d3d=false -Dsun.awt.nopixfmt=true -Dsun.java2d.dpiaware=true -Dsun.java2d.uiScale.enabled=false -Xverify:none -Dswing.aatext=true -XX:-UsePerfData -Djdk.map.althashing.threshold=512 -XX:StringTableSize=4072 --add-opens=java.base/java.nio=ALL-UNNAMED --add-opens=java.desktop/sun.swing=ALL-UNNAMED --add-opens=java.desktop/javax.swing=ALL-UNNAMED --add-opens=java.desktop/javax.swing.tree=ALL-UNNAMED --add-opens=java.desktop/javax.swing.plaf.basic=ALL-UNNAMED --add-opens=java.desktop/javax.swing.plaf.synth=ALL-UNNAMED --add-opens=java.desktop/com.sun.awt=ALL-UNNAMED -XX:NewSize=60m -XX:MaxNewSize=60m -Xms128m -Xmx3072m -Xss5m 

Host: Intel(R) Core(TM) i7-10875H CPU @ 2.30GHz, 16 cores, 15G,  Windows 10 , 64 bit Build 22621 (10.0.22621.2070)
Time: Mon Aug 28 13:08:23 2023 ?D1¨²¡À¨º¡Á?¨º¡À?? elapsed time: 3971 seconds (0d 1h 6m 11s)

---------------  T H R E A D  ---------------

Current thread (0x0000024fa7d3f800):  JavaThread "AWT-EventQueue-1" [_thread_in_native, id=30512, stack(0x0000007eb6f00000,0x0000007eb7400000)]

Stack: [0x0000007eb6f00000,0x0000007eb7400000],  sp=0x0000007eb73f9a20,  free space=5094k
Native frames: (J=compiled Java code, j=interpreted, Vv=VM code, C=native code)
C  [librdi_common.dll+0x17a605]
C  [librdi_common.dll+0x16f315]
C  [librdi_common.dll+0x138d2a]
C  [librdi_wavedata.dll+0x263c4a]
C  [librdi_wavedata.dll+0x263230]
C  [librdi_wavedata.dll+0x263ef3]
C  [librdi_wavedata.dll+0x237fb3]
C  [librdi_wavedata.dll+0x238032]
C  [librdi_wavedata.dll+0x2380d1]
C  [librdi_wavedata.dll+0x22ea27]
C  [librdi_wavedata.dll+0x26a74f]
C  0x0000024f94061cba

Java frames: (J=compiled Java code, j=interpreted, Vv=VM code)
J 22006  ui.views.waveform.waveformi.WVExecutive_getNameDataSize(J)J (0 bytes) @ 0x0000024f94061c21 [0x0000024f94061be0+0x0000000000000041]
J 22005 c1 ui.views.waveform.executive.a.gBl()Lui/views/waveform/executive/protobuf/WVNameValue$WVNameTreeMessage; (70 bytes) @ 0x0000024f8cfb04a4 [0x0000024f8cfb0420+0x0000000000000084]
J 22004 c1 ui.views.waveform.f.a.gBQ()Ljavax/swing/tree/TreeModel; (136 bytes) @ 0x0000024f8d10d8d4 [0x0000024f8d10d7c0+0x0000000000000114]
J 23553 c1 ui.views.waveform.f.a.cPh()V (54 bytes) @ 0x0000024f8e82857c [0x0000024f8e828500+0x000000000000007c]
J 23431 c1 ui.views.waveform.w.cPh()V (38 bytes) @ 0x0000024f8e5226b4 [0x0000024f8e521d00+0x00000000000009b4]
J 21684 c1 ui.views.waveform.c.b.j(Lui/frmwork/b/i;)V (589 bytes) @ 0x0000024f8d68e224 [0x0000024f8d686aa0+0x0000000000007784]
J 21683 c1 ui.views.waveform.w.a(Lui/frmwork/b/i;)V (17 bytes) @ 0x0000024f8c34cf14 [0x0000024f8c34ce40+0x00000000000000d4]
J 23162 c2 ui.frmwork.b.l.d(Lui/frmwork/b/i;)V (61 bytes) @ 0x0000024f945a51b8 [0x0000024f945a5040+0x0000000000000178]
J 23171 c2 ui.frmwork.HTclEventBroker.i(JZ)V (471 bytes) @ 0x0000024f945e29e8 [0x0000024f945e1f80+0x0000000000000a68]
J 26100 c2 ui.frmwork.HTclEventBroker.fireTclEvent(J)I (113 bytes) @ 0x0000024f94c8db34 [0x0000024f94c8ca40+0x00000000000010f4]
v  ~StubRoutines::call_stub
J 20675  ui.views.waveform.waveformi.WVExecutive_mouseMoveEvent(JII)V (0 bytes) @ 0x0000024f939bc7a9 [0x0000024f939bc760+0x0000000000000049]
J 22245 c2 ui.views.waveform.b.a.mouseMoved(Ljava/awt/event/MouseEvent;)V (32 bytes) @ 0x0000024f9427514c [0x0000024f942750e0+0x000000000000006c]
J 14923 c2 java.awt.AWTEventMulticaster.mouseMoved(Ljava/awt/event/MouseEvent;)V java.desktop@9.0.4 (27 bytes) @ 0x0000024f937fccf4 [0x0000024f937fcc40+0x00000000000000b4]
J 14923 c2 java.awt.AWTEventMulticaster.mouseMoved(Ljava/awt/event/MouseEvent;)V java.desktop@9.0.4 (27 bytes) @ 0x0000024f937fccb4 [0x0000024f937fcc40+0x0000000000000074]
J 20168 c2 javax.swing.JComponent.processMouseMotionEvent(Ljava/awt/event/MouseEvent;)V java.desktop@9.0.4 (46 bytes) @ 0x0000024f947f9070 [0x0000024f947f8fc0+0x00000000000000b0]
J 27042 c2 ui.frmwork.c.i.processMouseMotionEvent(Ljava/awt/event/MouseEvent;)V (131 bytes) @ 0x0000024f947f3d68 [0x0000024f947f3aa0+0x00000000000002c8]
J 23750 c2 java.awt.Container.processEvent(Ljava/awt/AWTEvent;)V java.desktop@9.0.4 (22 bytes) @ 0x0000024f94aa7620 [0x0000024f94aa74a0+0x0000000000000180]
J 28079 c2 java.awt.Component.dispatchEventImpl(Ljava/awt/AWTEvent;)V java.desktop@9.0.4 (739 bytes) @ 0x0000024f946f1420 [0x0000024f946ef520+0x0000000000001f00]
J 26864 c2 java.awt.Container.dispatchEventImpl(Ljava/awt/AWTEvent;)V java.desktop@9.0.4 (129 bytes) @ 0x0000024f94dd2dd0 [0x0000024f94dd2580+0x0000000000000850]
J 20686 c2 java.awt.LightweightDispatcher.retargetMouseEvent(Ljava/awt/Component;ILjava/awt/event/MouseEvent;)V java.desktop@9.0.4 (350 bytes) @ 0x0000024f93b59874 [0x0000024f93b592c0+0x00000000000005b4]
J 20905 c2 java.awt.LightweightDispatcher.processMouseEvent(Ljava/awt/event/MouseEvent;)Z java.desktop@9.0.4 (265 bytes) @ 0x0000024f93e90f90 [0x0000024f93e909c0+0x00000000000005d0]
J 26864 c2 java.awt.Container.dispatchEventImpl(Ljava/awt/AWTEvent;)V java.desktop@9.0.4 (129 bytes) @ 0x0000024f94dd3004 [0x0000024f94dd2580+0x0000000000000a84]
J 14925 c2 java.awt.Window.dispatchEventImpl(Ljava/awt/AWTEvent;)V java.desktop@9.0.4 (23 bytes) @ 0x0000024f937fc88c [0x0000024f937fc840+0x000000000000004c]
J 14918 c2 java.awt.EventQueue$3.run()Ljava/lang/Object; java.desktop@9.0.4 (5 bytes) @ 0x0000024f939531f0 [0x0000024f93952c00+0x00000000000005f0]
v  ~StubRoutines::call_stub
J 3346  java.security.AccessController.doPrivileged(Ljava/security/PrivilegedAction;Ljava/security/AccessControlContext;)Ljava/lang/Object; java.base@9.0.4 (0 bytes) @ 0x0000024f936c3846 [0x0000024f936c37e0+0x0000000000000066]
J 14567 c2 java.awt.EventQueue$4.run()Ljava/lang/Object; java.desktop@9.0.4 (5 bytes) @ 0x0000024f942a2ba4 [0x0000024f942a2b40+0x0000000000000064]
v  ~StubRoutines::call_stub
J 3346  java.security.AccessController.doPrivileged(Ljava/security/PrivilegedAction;Ljava/security/AccessControlContext;)Ljava/lang/Object; java.base@9.0.4 (0 bytes) @ 0x0000024f936c3846 [0x0000024f936c37e0+0x0000000000000066]
J 13234 c2 ui.frmwork.b.d.dispatchEvent(Ljava/awt/AWTEvent;)V (34 bytes) @ 0x0000024f9415971c [0x0000024f94159560+0x00000000000001bc]
J 21910% c2 java.awt.EventDispatchThread.pumpEventsForFilter(ILjava/awt/Conditional;Ljava/awt/EventFilter;)V java.desktop@9.0.4 (47 bytes) @ 0x0000024f94046c7c [0x0000024f94046a20+0x000000000000025c]
j  java.awt.EventDispatchThread.pumpEventsForHierarchy(ILjava/awt/Conditional;Ljava/awt/Component;)V+11 java.desktop@9.0.4
j  java.awt.EventDispatchThread.pumpEvents(ILjava/awt/Conditional;)V+4 java.desktop@9.0.4
j  java.awt.EventDispatchThread.pumpEvents(Ljava/awt/Conditional;)V+3 java.desktop@9.0.4
j  java.awt.EventDispatchThread.run()V+9 java.desktop@9.0.4
v  ~StubRoutines::call_stub

siginfo: EXCEPTION_ACCESS_VIOLATION (0xc0000005), reading address 0xffffffffffffffff


Register to memory mapping:

RIP=0x00007ffac519a605 librdi_common.dll
RAX=0x0000024ffc4da701 is an unknown value
RBX=0x90056a84da14133d is an unknown value
RCX=0x0000024ffc4da760 is an unknown value
RDX=0x90056a84da14133d is an unknown value
RSP=0x0000007eb73f9a20 is pointing into the stack for thread: 0x0000024fa7d3f800
RBP=0x0000007eb73f9b50 is pointing into the stack for thread: 0x0000024fa7d3f800
RSI=0x0000024fcd82e8c0 is an unknown value
RDI=0x0000007eb73f9c38 is pointing into the stack for thread: 0x0000024fa7d3f800
R8 =0x0000007eb73f9c38 is pointing into the stack for thread: 0x0000024fa7d3f800
R9 =0x0000000000000000 is an unknown value
R10=0x00007ffb25060000 VCRUNTIME140.dll
R11=0x000001004e006a00 is an unknown value
R12=0x0000007eb73f9c38 is pointing into the stack for thread: 0x0000024fa7d3f800
R13=0x0000000000000000 is an unknown value
R14=0x0000024ff85afa10 is an unknown value
R15=0x90056a84da14133d is an unknown value


Registers:
RAX=0x0000024ffc4da701, RBX=0x90056a84da14133d, RCX=0x0000024ffc4da760, RDX=0x90056a84da14133d
RSP=0x0000007eb73f9a20, RBP=0x0000007eb73f9b50, RSI=0x0000024fcd82e8c0, RDI=0x0000007eb73f9c38
R8 =0x0000007eb73f9c38, R9 =0x0000000000000000, R10=0x00007ffb25060000, R11=0x000001004e006a00
R12=0x0000007eb73f9c38, R13=0x0000000000000000, R14=0x0000024ff85afa10, R15=0x90056a84da14133d
RIP=0x00007ffac519a605, EFLAGS=0x0000000000010202

Top of Stack: (sp=0x0000007eb73f9a20)
0x0000007eb73f9a20:   0000007eb73f9ca9 00007ffb250932c5
0x0000007eb73f9a30:   0000024f00000000 90056a84da14133d
0x0000007eb73f9a40:   90056a84da14133d 00007ffac518f315
0x0000007eb73f9a50:   0000000000000000 00007ffb2509365f
0x0000007eb73f9a60:   000085a74da1694b 0000000000000000
0x0000007eb73f9a70:   0000000000000000 0000000000000000
0x0000007eb73f9a80:   0000000000000002 00007ffac51f8de5
0x0000007eb73f9a90:   0000024faadfbc70 0000024fc80fb078
0x0000007eb73f9aa0:   0000024fc80fb0b8 00007ffac5e17e50
0x0000007eb73f9ab0:   fffffffffffffffe 00007ffac5743cc5
0x0000007eb73f9ac0:   fffffffffffffffe 00007ffac5e17e50
0x0000007eb73f9ad0:   0000024fc80fb070 0000024ffb0ecfd8
0x0000007eb73f9ae0:   0000007eb73f9c38 00007ffac51f80d6
0x0000007eb73f9af0:   0000024fc80fb070 0000007eb73f9c38
0x0000007eb73f9b00:   0000024f00000002 0000024ff84d0000
0x0000007eb73f9b10:   fffffffffffffffe 0000000000000020 

Instructions: (pc=0x00007ffac519a605)
0x00007ffac519a5e5:   20 48 8b d9 e8 22 c4 04 00 48 8b c8 48 8b d3 e8
0x00007ffac519a5f5:   27 0d 05 00 84 c0 75 08 33 c0 48 83 c4 20 5b c3
0x00007ffac519a605:   48 8b 4b 50 48 85 c9 74 0a 48 83 c4 20 5b e9 68
0x00007ffac519a615:   e2 04 00 48 8b d3 48 8d 0d 56 78 71 00 e8 59 b7 



---------------  P R O C E S S  ---------------

Java Threads: ( => current thread )
  0x0000024fccd7a800 JavaThread "Relaunch Simulation" [_thread_blocked, id=27688, stack(0x0000007ebae00000,0x0000007ebb300000)]
  0x0000024fccd79800 JavaThread "Image Fetcher 2" daemon [_thread_blocked, id=24044, stack(0x0000007ebb300000,0x0000007ebb800000)]
  0x0000024fccd7c800 JavaThread "Thread-3557" [_thread_in_native, id=35568, stack(0x0000007eb6100000,0x0000007eb6200000)]
  0x0000024fccd79000 JavaThread "Thread-3544" [_thread_in_native, id=20832, stack(0x0000007eb6400000,0x0000007eb6500000)]
  0x0000024f8498a000 JavaThread "Thread-3355" [_thread_in_native, id=15272, stack(0x0000007eb6100000,0x0000007eb6200000)]
  0x0000024fca807000 JavaThread "Thread-3347" [_thread_in_native, id=5420, stack(0x0000007eb6400000,0x0000007eb6500000)]
  0x0000024f8431b000 JavaThread "Thread-3045" [_thread_in_native, id=6776, stack(0x0000007eb6400000,0x0000007eb6500000)]
  0x0000024f8431a800 JavaThread "Thread-3038" [_thread_in_native, id=28996, stack(0x0000007eb7400000,0x0000007eb7500000)]
  0x0000024f8498e800 JavaThread "Thread-2639" [_thread_in_native, id=1272, stack(0x0000007eb7e00000,0x0000007eb7f00000)]
  0x0000024f8498d000 JavaThread "Thread-2520" [_thread_in_native, id=20036, stack(0x0000007eb6100000,0x0000007eb6200000)]
  0x0000024f84981800 JavaThread "Thread-2513" [_thread_in_native, id=15620, stack(0x0000007eb6400000,0x0000007eb6500000)]
  0x0000024f84986000 JavaThread "Thread-2101" [_thread_in_native, id=2252, stack(0x0000007eb6100000,0x0000007eb6200000)]
  0x0000024f84987000 JavaThread "Thread-2094" [_thread_in_native, id=34488, stack(0x0000007eb6400000,0x0000007eb6500000)]
  0x0000024fca808000 JavaThread "Thread-1286" [_thread_in_native, id=20528, stack(0x0000007eb6100000,0x0000007eb6200000)]
  0x0000024fca808800 JavaThread "Thread-1257" [_thread_in_native, id=26588, stack(0x0000007eb6100000,0x0000007eb6200000)]
  0x0000024f8497f000 JavaThread "Thread-1021" [_thread_in_native, id=15088, stack(0x0000007eb6400000,0x0000007eb6500000)]
  0x0000024f84984000 JavaThread "Thread-996" [_thread_in_native, id=21368, stack(0x0000007eb6400000,0x0000007eb6500000)]
  0x0000024f84984800 JavaThread "Thread-979" [_thread_in_native, id=29772, stack(0x0000007eb7400000,0x0000007eb7500000)]
  0x0000024fca805000 JavaThread "Thread-836" [_thread_in_native, id=26272, stack(0x0000007eb6100000,0x0000007eb6200000)]
  0x0000024fca80b800 JavaThread "Thread-724" [_thread_in_native, id=13328, stack(0x0000007eb7f00000,0x0000007eb8000000)]
  0x0000024fca80b000 JavaThread "Thread-698" [_thread_in_native, id=21784, stack(0x0000007eb7800000,0x0000007eb7900000)]
  0x0000024fca806800 JavaThread "Image Animator 3" daemon [_thread_blocked, id=34536, stack(0x0000007ebc700000,0x0000007ebcc00000)]
  0x0000024f8498c000 JavaThread "SyntheticaAnimation 50" daemon [_thread_blocked, id=9012, stack(0x0000007ebb800000,0x0000007ebbd00000)]
  0x0000024f84980000 JavaThread "Image Animator 3" daemon [_thread_blocked, id=11692, stack(0x0000007eba900000,0x0000007ebae00000)]
  0x0000024f84983000 JavaThread "hw_ila_monitor" [_thread_blocked, id=21412, stack(0x0000007eb9f00000,0x0000007eba400000)]
  0x0000024f84982800 JavaThread "Update Runs Swing Worker" [_thread_in_native, id=31488, stack(0x0000007eb9a00000,0x0000007eb9f00000)]
  0x0000024fbea80800 JavaThread "Refresh Filesets Swing Worker" [_thread_blocked, id=13600, stack(0x0000007eb9500000,0x0000007eb9a00000)]
  0x0000024f84315800 JavaThread "SyntheticaAnimation 70" daemon [_thread_blocked, id=2684, stack(0x0000007eb9000000,0x0000007eb9500000)]
  0x0000024f84319000 JavaThread "SyntheticaAnimation 25" daemon [_thread_blocked, id=33216, stack(0x0000007eb8b00000,0x0000007eb9000000)]
  0x0000024f84319800 JavaThread "SyntheticaAnimation 50" daemon [_thread_blocked, id=18300, stack(0x0000007eb8600000,0x0000007eb8b00000)]
  0x0000024f84317000 JavaThread "Monitor HEventQueue" [_thread_blocked, id=24660, stack(0x0000007eb8100000,0x0000007eb8600000)]
  0x0000024f84318000 JavaThread "Batik CleanerThread" daemon [_thread_blocked, id=13376, stack(0x0000007eb7900000,0x0000007eb7e00000)]
  0x0000024f8431c800 JavaThread "SyntheticaCleanerThread" daemon [_thread_blocked, id=35280, stack(0x0000007eb6500000,0x0000007eb6a00000)]
=>0x0000024fa7d3f800 JavaThread "AWT-EventQueue-1" [_thread_in_native, id=30512, stack(0x0000007eb6f00000,0x0000007eb7400000)]
  0x0000024fa7df9000 JavaThread "Process Messages" [_thread_blocked, id=412, stack(0x0000007eb6a00000,0x0000007eb6f00000)]
  0x0000024fa5d52800 JavaThread "Thread-1" [_thread_in_native, id=8528, stack(0x0000007eae500000,0x0000007eaf900000)]
  0x0000024fa53ff000 JavaThread "TimerQueue" daemon [_thread_blocked, id=31900, stack(0x0000007eb5b00000,0x0000007eb6000000)]
  0x0000024f84b2f800 JavaThread "AWT-Windows" daemon [_thread_in_native, id=22292, stack(0x0000007eb5600000,0x0000007eb5b00000)]
  0x0000024f84b2e800 JavaThread "AWT-Shutdown" [_thread_blocked, id=24680, stack(0x0000007eb5100000,0x0000007eb5600000)]
  0x0000024f84cd1000 JavaThread "Java2D Disposer" daemon [_thread_blocked, id=14136, stack(0x0000007eb4c00000,0x0000007eb5100000)]
  0x0000024f84584800 JavaThread "Service Thread" daemon [_thread_blocked, id=24180, stack(0x0000007eb4600000,0x0000007eb4b00000)]
  0x0000024f84390000 JavaThread "Common-Cleaner" daemon [_thread_blocked, id=19304, stack(0x0000007eb4100000,0x0000007eb4600000)]
  0x0000024f8431c000 JavaThread "Sweeper thread" daemon [_thread_blocked, id=19592, stack(0x0000007eb3c00000,0x0000007eb4100000)]
  0x0000024f84314800 JavaThread "C1 CompilerThread11" daemon [_thread_blocked, id=15080, stack(0x0000007eb3b00000,0x0000007eb3c00000)]
  0x0000024f84313800 JavaThread "C1 CompilerThread10" daemon [_thread_blocked, id=22596, stack(0x0000007eb3a00000,0x0000007eb3b00000)]
  0x0000024f84312800 JavaThread "C1 CompilerThread9" daemon [_thread_blocked, id=6012, stack(0x0000007eb3900000,0x0000007eb3a00000)]
  0x0000024f84311800 JavaThread "C1 CompilerThread8" daemon [_thread_blocked, id=19804, stack(0x0000007eb3800000,0x0000007eb3900000)]
  0x0000024f8430c800 JavaThread "C2 CompilerThread7" daemon [_thread_blocked, id=24176, stack(0x0000007eb3700000,0x0000007eb3800000)]
  0x0000024f80f9a800 JavaThread "C2 CompilerThread6" daemon [_thread_blocked, id=23792, stack(0x0000007eb3600000,0x0000007eb3700000)]
  0x0000024f80f99800 JavaThread "C2 CompilerThread5" daemon [_thread_blocked, id=21336, stack(0x0000007eb3500000,0x0000007eb3600000)]
  0x0000024f80f99000 JavaThread "C2 CompilerThread4" daemon [_thread_blocked, id=25860, stack(0x0000007eb3400000,0x0000007eb3500000)]
  0x0000024f82c44000 JavaThread "C2 CompilerThread3" daemon [_thread_blocked, id=20656, stack(0x0000007eb3300000,0x0000007eb3400000)]
  0x0000024f8337f000 JavaThread "C2 CompilerThread2" daemon [_thread_blocked, id=27868, stack(0x0000007eb3200000,0x0000007eb3300000)]
  0x0000024f8337e800 JavaThread "C2 CompilerThread1" daemon [_thread_blocked, id=16480, stack(0x0000007eb3100000,0x0000007eb3200000)]
  0x0000024f842e9800 JavaThread "C2 CompilerThread0" daemon [_thread_blocked, id=19368, stack(0x0000007eb3000000,0x0000007eb3100000)]
  0x0000024ffe87b800 JavaThread "Attach Listener" daemon [_thread_blocked, id=15128, stack(0x0000007eb2b00000,0x0000007eb3000000)]
  0x0000024f829ed800 JavaThread "Signal Dispatcher" daemon [_thread_blocked, id=32000, stack(0x0000007eb2600000,0x0000007eb2b00000)]
  0x0000024f82002800 JavaThread "Finalizer" daemon [_thread_blocked, id=30448, stack(0x0000007eb2100000,0x0000007eb2600000)]
  0x0000024f82539800 JavaThread "Reference Handler" daemon [_thread_blocked, id=14264, stack(0x0000007eb1c00000,0x0000007eb2100000)]
  0x0000024f80827800 JavaThread "main" [_thread_blocked, id=1704, stack(0x0000007eae400000,0x0000007eae500000)]

Other Threads:
  0x0000024ffe936000 VMThread "VM Thread" [stack: 0x0000007eb1b00000,0x0000007eb1c00000] [id=26452]
  0x0000024f84588800 WatcherThread [stack: 0x0000007eb4b00000,0x0000007eb4c00000] [id=20352]
  0x0000024f8075a800 GCTaskThread "GC Thread#0" [stack: 0x0000007eafc00000,0x0000007eafd00000] [id=9148]
  0x0000024ffb014800 GCTaskThread "GC Thread#1" [stack: 0x0000007eafd00000,0x0000007eafe00000] [id=20396]
  0x0000024f820c4000 GCTaskThread "GC Thread#2" [stack: 0x0000007eafe00000,0x0000007eaff00000] [id=14728]
  0x0000024f81edf800 GCTaskThread "GC Thread#3" [stack: 0x0000007eaff00000,0x0000007eb0000000] [id=26916]
  0x0000024f80072800 GCTaskThread "GC Thread#4" [stack: 0x0000007eb0000000,0x0000007eb0100000] [id=22092]
  0x0000024f82cd6000 GCTaskThread "GC Thread#5" [stack: 0x0000007eb0100000,0x0000007eb0200000] [id=15020]
  0x0000024f829f1800 GCTaskThread "GC Thread#6" [stack: 0x0000007eb0200000,0x0000007eb0300000] [id=7820]
  0x0000024f8253e000 GCTaskThread "GC Thread#7" [stack: 0x0000007eb0300000,0x0000007eb0400000] [id=29740]
  0x0000024f82643800 GCTaskThread "GC Thread#8" [stack: 0x0000007eb0400000,0x0000007eb0500000] [id=5180]
  0x0000024f8257a800 GCTaskThread "GC Thread#9" [stack: 0x0000007eb0500000,0x0000007eb0600000] [id=24040]
  0x0000024f80f60800 GCTaskThread "GC Thread#10" [stack: 0x0000007eb0600000,0x0000007eb0700000] [id=34212]
  0x0000024f80f5f000 GCTaskThread "GC Thread#11" [stack: 0x0000007eb0700000,0x0000007eb0800000] [id=28452]
  0x0000024f80f5d800 GCTaskThread "GC Thread#12" [stack: 0x0000007eb0800000,0x0000007eb0900000] [id=32300]
  0x0000024f84201800 ConcurrentGCThread "G1 Main Marker" [stack: 0x0000007eb1700000,0x0000007eb1800000] [id=17228]
  0x0000024f80f61000 ConcurrentGCThread "G1 Marker#0" [stack: 0x0000007eb1800000,0x0000007eb1900000] [id=19048]
  0x0000024f80f63800 ConcurrentGCThread "G1 Marker#1" [stack: 0x0000007eb1900000,0x0000007eb1a00000] [id=32940]
  0x0000024f80f5e000 ConcurrentGCThread "G1 Marker#2" [stack: 0x0000007eb1a00000,0x0000007eb1b00000] [id=14120]
  0x0000024ffec39800 ConcurrentGCThread "G1 Refine#0" [stack: 0x0000007eb1500000,0x0000007eb1600000] [id=30504]
  0x0000024ffe744800 ConcurrentGCThread "G1 Refine#1" [stack: 0x0000007eb1400000,0x0000007eb1500000] [id=13656]
  0x0000024ffec38800 ConcurrentGCThread "G1 Refine#2" [stack: 0x0000007eb1300000,0x0000007eb1400000] [id=2480]
  0x0000024ffee8f000 ConcurrentGCThread "G1 Refine#3" [stack: 0x0000007eb1200000,0x0000007eb1300000] [id=24364]
  0x0000024ffc7f8800 ConcurrentGCThread "G1 Refine#4" [stack: 0x0000007eb1100000,0x0000007eb1200000] [id=23176]
  0x0000024ffc7f8000 ConcurrentGCThread "G1 Refine#5" [stack: 0x0000007eb1000000,0x0000007eb1100000] [id=12536]
  0x0000024ffe939800 ConcurrentGCThread "G1 Refine#6" [stack: 0x0000007eb0f00000,0x0000007eb1000000] [id=8892]
  0x0000024f821d3000 ConcurrentGCThread "G1 Refine#7" [stack: 0x0000007eb0e00000,0x0000007eb0f00000] [id=31148]
  0x0000024f82b60000 ConcurrentGCThread "G1 Refine#8" [stack: 0x0000007eb0d00000,0x0000007eb0e00000] [id=7408]
  0x0000024f821d2800 ConcurrentGCThread "G1 Refine#9" [stack: 0x0000007eb0c00000,0x0000007eb0d00000] [id=25924]
  0x0000024f82d35000 ConcurrentGCThread "G1 Refine#10" [stack: 0x0000007eb0b00000,0x0000007eb0c00000] [id=21544]
  0x0000024f82b35000 ConcurrentGCThread "G1 Refine#11" [stack: 0x0000007eb0a00000,0x0000007eb0b00000] [id=31436]
  0x0000024f8014f800 ConcurrentGCThread "G1 Refine#12" [stack: 0x0000007eb0900000,0x0000007eb0a00000] [id=19584]
  0x0000024ffe978800 ConcurrentGCThread "G1 Young RemSet Sampling" [stack: 0x0000007eb1600000,0x0000007eb1700000] [id=33376]

Threads with active compile tasks:

VM state:not at safepoint (normal execution)

VM Mutex/Monitor currently owned by a thread: None

Heap address: 0x0000000700000000, size: 3072 MB, Compressed Oops mode: Zero based, Oop shift amount: 3
Narrow klass base: 0x0000000000000000, Narrow klass shift: 3
Compressed class space size: 1073741824 Address: 0x00000007c0000000

Heap:
 garbage-first heap   total 273408K, used 195280K [0x0000000700000000, 0x0000000700100858, 0x00000007c0000000)
  region size 1024K, 54 young (55296K), 5 survivors (5120K)
 Metaspace       used 86374K, capacity 88140K, committed 96176K, reserved 1132544K
  class space    used 10933K, capacity 11330K, committed 12976K, reserved 1048576K
Heap Regions: E=young(eden), S=young(survivor), O=old, HS=humongous(starts), HC=humongous(continues), CS=collection set, F=free, A=archive, TS=gc time stamp, AC=allocation context, TAMS=top-at-mark-start (previous, next)
|   0|0x0000000700000000, 0x0000000700100000, 0x0000000700100000|100%|HS|  |TS  0|AC  0|TAMS 0x0000000700100000, 0x0000000700100000|
|   1|0x0000000700100000, 0x0000000700200000, 0x0000000700200000|100%|HS|  |TS  0|AC  0|TAMS 0x0000000700200000, 0x0000000700200000|
|   2|0x0000000700200000, 0x0000000700300000, 0x0000000700300000|100%|HC|  |TS  0|AC  0|TAMS 0x0000000700300000, 0x0000000700300000|
|   3|0x0000000700300000, 0x0000000700400000, 0x0000000700400000|100%|HS|  |TS  0|AC  0|TAMS 0x0000000700400000, 0x0000000700400000|
|   4|0x0000000700400000, 0x00000007004fffb8, 0x0000000700500000| 99%| O|  |TS  0|AC  0|TAMS 0x00000007004fffb8, 0x00000007004fffb8|
|   5|0x0000000700500000, 0x00000007005fffd0, 0x0000000700600000| 99%| O|  |TS  0|AC  0|TAMS 0x00000007005fffd0, 0x00000007005fffd0|
|   6|0x0000000700600000, 0x00000007006fffd0, 0x0000000700700000| 99%| O|  |TS  0|AC  0|TAMS 0x00000007006fffd0, 0x00000007006fffd0|
|   7|0x0000000700700000, 0x00000007007ffff0, 0x0000000700800000| 99%| O|  |TS  0|AC  0|TAMS 0x00000007007ffff0, 0x00000007007ffff0|
|   8|0x0000000700800000, 0x00000007008ffff8, 0x0000000700900000| 99%| O|  |TS  0|AC  0|TAMS 0x00000007008ffff8, 0x00000007008ffff8|
|   9|0x0000000700900000, 0x00000007009fd0f0, 0x0000000700a00000| 98%| O|  |TS  0|AC  0|TAMS 0x00000007009fd0f0, 0x00000007009fd0f0|
|  10|0x0000000700a00000, 0x0000000700aff8a8, 0x0000000700b00000| 99%| O|  |TS  0|AC  0|TAMS 0x0000000700aff8a8, 0x0000000700aff8a8|
|  11|0x0000000700b00000, 0x0000000700bfde88, 0x0000000700c00000| 99%| O|  |TS  0|AC  0|TAMS 0x0000000700bfde88, 0x0000000700bfde88|
|  12|0x0000000700c00000, 0x0000000700cd5690, 0x0000000700d00000| 83%| O|  |TS  0|AC  0|TAMS 0x0000000700cd5690, 0x0000000700cd5690|
|  13|0x0000000700d00000, 0x0000000700dfffe0, 0x0000000700e00000| 99%| O|  |TS  0|AC  0|TAMS 0x0000000700dfffe0, 0x0000000700dfffe0|
|  14|0x0000000700e00000, 0x0000000700edb398, 0x0000000700f00000| 85%| O|  |TS  0|AC  0|TAMS 0x0000000700edb398, 0x0000000700edb398|
|  15|0x0000000700f00000, 0x0000000700ffb390, 0x0000000701000000| 98%| O|  |TS  0|AC  0|TAMS 0x0000000700ffb390, 0x0000000700ffb390|
|  16|0x0000000701000000, 0x00000007010dda48, 0x0000000701100000| 86%| O|  |TS  0|AC  0|TAMS 0x00000007010dda48, 0x00000007010dda48|
|  17|0x0000000701100000, 0x0000000701200000, 0x0000000701200000|100%| O|  |TS  0|AC  0|TAMS 0x0000000701200000, 0x0000000701200000|
|  18|0x0000000701200000, 0x00000007012ffab8, 0x0000000701300000| 99%| O|  |TS  0|AC  0|TAMS 0x00000007012ffab8, 0x00000007012ffab8|
|  19|0x0000000701300000, 0x0000000701400000, 0x0000000701400000|100%| O|  |TS  0|AC  0|TAMS 0x0000000701400000, 0x0000000701400000|
|  20|0x0000000701400000, 0x00000007014ffff0, 0x0000000701500000| 99%| O|  |TS  0|AC  0|TAMS 0x00000007014ffff0, 0x00000007014ffff0|
|  21|0x0000000701500000, 0x00000007015ffff0, 0x0000000701600000| 99%| O|  |TS  0|AC  0|TAMS 0x00000007015ffff0, 0x00000007015ffff0|
|  22|0x0000000701600000, 0x00000007016ffff8, 0x0000000701700000| 99%| O|  |TS  0|AC  0|TAMS 0x00000007016ffff8, 0x00000007016ffff8|
|  23|0x0000000701700000, 0x00000007017fffe8, 0x0000000701800000| 99%| O|  |TS  0|AC  0|TAMS 0x00000007017fffe8, 0x00000007017fffe8|
|  24|0x0000000701800000, 0x00000007018ffff0, 0x0000000701900000| 99%| O|  |TS  0|AC  0|TAMS 0x00000007018ffff0, 0x00000007018ffff0|
|  25|0x0000000701900000, 0x00000007019ffff0, 0x0000000701a00000| 99%| O|  |TS  0|AC  0|TAMS 0x00000007019ffff0, 0x00000007019ffff0|
|  26|0x0000000701a00000, 0x0000000701b00000, 0x0000000701b00000|100%| O|  |TS  0|AC  0|TAMS 0x0000000701b00000, 0x0000000701b00000|
|  27|0x0000000701b00000, 0x0000000701bfffe8, 0x0000000701c00000| 99%| O|  |TS  0|AC  0|TAMS 0x0000000701bfffe8, 0x0000000701bfffe8|
|  28|0x0000000701c00000, 0x0000000701d00000, 0x0000000701d00000|100%| O|  |TS  0|AC  0|TAMS 0x0000000701d00000, 0x0000000701d00000|
|  29|0x0000000701d00000, 0x0000000701dffff0, 0x0000000701e00000| 99%| O|  |TS  0|AC  0|TAMS 0x0000000701dffff0, 0x0000000701dffff0|
|  30|0x0000000701e00000, 0x0000000701effff0, 0x0000000701f00000| 99%| O|  |TS  0|AC  0|TAMS 0x0000000701effff0, 0x0000000701effff0|
|  31|0x0000000701f00000, 0x0000000702000000, 0x0000000702000000|100%| O|  |TS  0|AC  0|TAMS 0x0000000702000000, 0x0000000702000000|
|  32|0x0000000702000000, 0x00000007020fffd0, 0x0000000702100000| 99%| O|  |TS  0|AC  0|TAMS 0x00000007020fffd0, 0x00000007020fffd0|
|  33|0x0000000702100000, 0x0000000702200000, 0x0000000702200000|100%| O|  |TS  0|AC  0|TAMS 0x0000000702200000, 0x0000000702200000|
|  34|0x0000000702200000, 0x00000007022e52b8, 0x0000000702300000| 89%| O|  |TS  0|AC  0|TAMS 0x00000007022e52b8, 0x00000007022e52b8|
|  35|0x0000000702300000, 0x00000007023fffe0, 0x0000000702400000| 99%| O|  |TS  0|AC  0|TAMS 0x00000007023fffe0, 0x00000007023fffe0|
|  36|0x0000000702400000, 0x00000007024fffe8, 0x0000000702500000| 99%| O|  |TS  0|AC  0|TAMS 0x00000007024fffe8, 0x00000007024fffe8|
|  37|0x0000000702500000, 0x00000007025ffff0, 0x0000000702600000| 99%| O|  |TS  0|AC  0|TAMS 0x00000007025ffff0, 0x00000007025ffff0|
|  38|0x0000000702600000, 0x00000007026e65b8, 0x0000000702700000| 89%| O|  |TS  0|AC  0|TAMS 0x00000007026e65b8, 0x00000007026e65b8|
|  39|0x0000000702700000, 0x00000007027fffe0, 0x0000000702800000| 99%| O|  |TS  0|AC  0|TAMS 0x00000007027fffe0, 0x00000007027fffe0|
|  40|0x0000000702800000, 0x00000007028ffff0, 0x0000000702900000| 99%| O|  |TS  0|AC  0|TAMS 0x00000007028ffff0, 0x00000007028ffff0|
|  41|0x0000000702900000, 0x00000007029ffff8, 0x0000000702a00000| 99%| O|  |TS  0|AC  0|TAMS 0x00000007029ffff8, 0x00000007029ffff8|
|  42|0x0000000702a00000, 0x0000000702afffe0, 0x0000000702b00000| 99%| O|  |TS  0|AC  0|TAMS 0x0000000702afffe0, 0x0000000702afffe0|
|  43|0x0000000702b00000, 0x0000000702bffff8, 0x0000000702c00000| 99%| O|  |TS  0|AC  0|TAMS 0x0000000702bffff8, 0x0000000702bffff8|
|  44|0x0000000702c00000, 0x0000000702cffff0, 0x0000000702d00000| 99%| O|  |TS  0|AC  0|TAMS 0x0000000702cffff0, 0x0000000702cffff0|
|  45|0x0000000702d00000, 0x0000000702dfffc8, 0x0000000702e00000| 99%| O|  |TS  0|AC  0|TAMS 0x0000000702dfffc8, 0x0000000702dfffc8|
|  46|0x0000000702e00000, 0x0000000702efd890, 0x0000000702f00000| 99%| O|  |TS  0|AC  0|TAMS 0x0000000702efd890, 0x0000000702efd890|
|  47|0x0000000702f00000, 0x0000000702ffd790, 0x0000000703000000| 99%| O|  |TS  0|AC  0|TAMS 0x0000000702ffd790, 0x0000000702ffd790|
|  48|0x0000000703000000, 0x00000007030fe230, 0x0000000703100000| 99%| O|  |TS  0|AC  0|TAMS 0x00000007030fe230, 0x00000007030fe230|
|  49|0x0000000703100000, 0x00000007031fffe8, 0x0000000703200000| 99%| O|  |TS  0|AC  0|TAMS 0x00000007031fffe8, 0x00000007031fffe8|
|  50|0x0000000703200000, 0x00000007032ffe88, 0x0000000703300000| 99%| O|  |TS  0|AC  0|TAMS 0x00000007032ffe88, 0x00000007032ffe88|
|  51|0x0000000703300000, 0x00000007033ff718, 0x0000000703400000| 99%| O|  |TS  0|AC  0|TAMS 0x00000007033ff718, 0x00000007033ff718|
|  52|0x0000000703400000, 0x00000007034fffe0, 0x0000000703500000| 99%| O|  |TS  0|AC  0|TAMS 0x00000007034fffe0, 0x00000007034fffe0|
|  53|0x0000000703500000, 0x00000007035ffff0, 0x0000000703600000| 99%| O|  |TS  0|AC  0|TAMS 0x00000007035ffff0, 0x00000007035ffff0|
|  54|0x0000000703600000, 0x0000000703700000, 0x0000000703700000|100%| O|  |TS  0|AC  0|TAMS 0x0000000703700000, 0x0000000703700000|
|  55|0x0000000703700000, 0x00000007037ffff8, 0x0000000703800000| 99%| O|  |TS  0|AC  0|TAMS 0x00000007037ffff8, 0x00000007037ffff8|
|  56|0x0000000703800000, 0x00000007038ffff0, 0x0000000703900000| 99%| O|  |TS  0|AC  0|TAMS 0x00000007038ffff0, 0x00000007038ffff0|
|  57|0x0000000703900000, 0x00000007039fffd8, 0x0000000703a00000| 99%| O|  |TS  0|AC  0|TAMS 0x00000007039fffd8, 0x00000007039fffd8|
|  58|0x0000000703a00000, 0x0000000703afe520, 0x0000000703b00000| 99%| O|  |TS  0|AC  0|TAMS 0x0000000703afe520, 0x0000000703afe520|
|  59|0x0000000703b00000, 0x0000000703bffff0, 0x0000000703c00000| 99%| O|  |TS  0|AC  0|TAMS 0x0000000703bffff0, 0x0000000703bffff0|
|  60|0x0000000703c00000, 0x0000000703cffeb8, 0x0000000703d00000| 99%| O|  |TS  0|AC  0|TAMS 0x0000000703cffeb8, 0x0000000703cffeb8|
|  61|0x0000000703d00000, 0x0000000703dfffe8, 0x0000000703e00000| 99%| O|  |TS  0|AC  0|TAMS 0x0000000703dfffe8, 0x0000000703dfffe8|
|  62|0x0000000703e00000, 0x0000000703efff68, 0x0000000703f00000| 99%| O|  |TS  0|AC  0|TAMS 0x0000000703efff68, 0x0000000703efff68|
|  63|0x0000000703f00000, 0x0000000703ffffd8, 0x0000000704000000| 99%| O|  |TS  0|AC  0|TAMS 0x0000000703ffffd8, 0x0000000703ffffd8|
|  64|0x0000000704000000, 0x00000007040fffd8, 0x0000000704100000| 99%| O|  |TS  0|AC  0|TAMS 0x00000007040fffd8, 0x00000007040fffd8|
|  65|0x0000000704100000, 0x0000000704200000, 0x0000000704200000|100%| O|  |TS  0|AC  0|TAMS 0x0000000704200000, 0x0000000704200000|
|  66|0x0000000704200000, 0x00000007042fff90, 0x0000000704300000| 99%| O|  |TS  0|AC  0|TAMS 0x00000007042fff90, 0x00000007042fff90|
|  67|0x0000000704300000, 0x00000007043fffc0, 0x0000000704400000| 99%| O|  |TS  0|AC  0|TAMS 0x00000007043fffc0, 0x00000007043fffc0|
|  68|0x0000000704400000, 0x00000007044ffff8, 0x0000000704500000| 99%| O|  |TS  0|AC  0|TAMS 0x00000007044ffff8, 0x00000007044ffff8|
|  69|0x0000000704500000, 0x00000007045ffff8, 0x0000000704600000| 99%| O|  |TS  0|AC  0|TAMS 0x00000007045ffff8, 0x00000007045ffff8|
|  70|0x0000000704600000, 0x0000000704700000, 0x0000000704700000|100%| O|  |TS  0|AC  0|TAMS 0x0000000704700000, 0x0000000704700000|
|  71|0x0000000704700000, 0x00000007047ffff8, 0x0000000704800000| 99%| O|  |TS  0|AC  0|TAMS 0x00000007047ffff8, 0x00000007047ffff8|
|  72|0x0000000704800000, 0x00000007048fffe8, 0x0000000704900000| 99%| O|  |TS  0|AC  0|TAMS 0x00000007048fffe8, 0x00000007048fffe8|
|  73|0x0000000704900000, 0x0000000704a00000, 0x0000000704a00000|100%| O|  |TS  0|AC  0|TAMS 0x0000000704a00000, 0x0000000704a00000|
|  74|0x0000000704a00000, 0x0000000704b00000, 0x0000000704b00000|100%| O|  |TS  0|AC  0|TAMS 0x0000000704b00000, 0x0000000704b00000|
|  75|0x0000000704b00000, 0x0000000704bc3200, 0x0000000704c00000| 76%| O|  |TS  0|AC  0|TAMS 0x0000000704bc3200, 0x0000000704bc3200|
|  76|0x0000000704c00000, 0x0000000704c00000, 0x0000000704d00000|  0%| F|  |TS  0|AC  0|TAMS 0x0000000704c00000, 0x0000000704c00000|
|  77|0x0000000704d00000, 0x0000000704dffed0, 0x0000000704e00000| 99%| O|  |TS  0|AC  0|TAMS 0x0000000704dffed0, 0x0000000704dffed0|
|  78|0x0000000704e00000, 0x0000000704f00000, 0x0000000704f00000|100%| O|  |TS  0|AC  0|TAMS 0x0000000704f00000, 0x0000000704f00000|
|  79|0x0000000704f00000, 0x0000000704fffff0, 0x0000000705000000| 99%| O|  |TS  0|AC  0|TAMS 0x0000000704fffff0, 0x0000000704fffff0|
|  80|0x0000000705000000, 0x00000007050fefc0, 0x0000000705100000| 99%| O|  |TS  0|AC  0|TAMS 0x00000007050fefc0, 0x00000007050fefc0|
|  81|0x0000000705100000, 0x00000007051fffd8, 0x0000000705200000| 99%| O|  |TS  0|AC  0|TAMS 0x00000007051fffd8, 0x00000007051fffd8|
|  82|0x0000000705200000, 0x00000007052fffe8, 0x0000000705300000| 99%| O|  |TS  0|AC  0|TAMS 0x00000007052fffe8, 0x00000007052fffe8|
|  83|0x0000000705300000, 0x0000000705400000, 0x0000000705400000|100%| O|  |TS  0|AC  0|TAMS 0x0000000705400000, 0x0000000705400000|
|  84|0x0000000705400000, 0x00000007054ffff8, 0x0000000705500000| 99%| O|  |TS  0|AC  0|TAMS 0x00000007054ffff8, 0x00000007054ffff8|
|  85|0x0000000705500000, 0x00000007055fffd0, 0x0000000705600000| 99%| O|  |TS  0|AC  0|TAMS 0x00000007055fffd0, 0x00000007055fffd0|
|  86|0x0000000705600000, 0x00000007056ffee8, 0x0000000705700000| 99%| O|  |TS  0|AC  0|TAMS 0x00000007056ffee8, 0x00000007056ffee8|
|  87|0x0000000705700000, 0x00000007057fffe8, 0x0000000705800000| 99%| O|  |TS  0|AC  0|TAMS 0x00000007057fffe8, 0x00000007057fffe8|
|  88|0x0000000705800000, 0x00000007058ff3b8, 0x0000000705900000| 99%| O|  |TS  0|AC  0|TAMS 0x00000007058ff3b8, 0x00000007058ff3b8|
|  89|0x0000000705900000, 0x00000007059ffff0, 0x0000000705a00000| 99%| O|  |TS  0|AC  0|TAMS 0x00000007059ffff0, 0x00000007059ffff0|
|  90|0x0000000705a00000, 0x0000000705afe5b0, 0x0000000705b00000| 99%| O|  |TS  0|AC  0|TAMS 0x0000000705afe5b0, 0x0000000705afe5b0|
|  91|0x0000000705b00000, 0x0000000705bfffe8, 0x0000000705c00000| 99%| O|  |TS  0|AC  0|TAMS 0x0000000705bfffe8, 0x0000000705bfffe8|
|  92|0x0000000705c00000, 0x0000000705cfffb0, 0x0000000705d00000| 99%| O|  |TS  0|AC  0|TAMS 0x0000000705cfffb0, 0x0000000705cfffb0|
|  93|0x0000000705d00000, 0x0000000705dfe370, 0x0000000705e00000| 99%| O|  |TS  0|AC  0|TAMS 0x0000000705dfe370, 0x0000000705dfe370|
|  94|0x0000000705e00000, 0x0000000705efffe8, 0x0000000705f00000| 99%| O|  |TS  0|AC  0|TAMS 0x0000000705efffe8, 0x0000000705efffe8|
|  95|0x0000000705f00000, 0x0000000705fffff8, 0x0000000706000000| 99%| O|  |TS  0|AC  0|TAMS 0x0000000705fffff8, 0x0000000705fffff8|
|  96|0x0000000706000000, 0x00000007060ca5f0, 0x0000000706100000| 79%| O|  |TS  0|AC  0|TAMS 0x00000007060ca5f0, 0x00000007060ca5f0|
|  97|0x0000000706100000, 0x00000007061ffff8, 0x0000000706200000| 99%| O|  |TS  0|AC  0|TAMS 0x00000007061ffff8, 0x00000007061ffff8|
|  98|0x0000000706200000, 0x00000007062fffc8, 0x0000000706300000| 99%| O|  |TS  0|AC  0|TAMS 0x00000007062fffc8, 0x00000007062fffc8|
|  99|0x0000000706300000, 0x00000007063ffff8, 0x0000000706400000| 99%| O|  |TS  0|AC  0|TAMS 0x00000007063ffff8, 0x00000007063ffff8|
| 100|0x0000000706400000, 0x00000007064ffff0, 0x0000000706500000| 99%| O|  |TS  0|AC  0|TAMS 0x00000007064ffff0, 0x00000007064ffff0|
| 101|0x0000000706500000, 0x00000007065fffe8, 0x0000000706600000| 99%| O|  |TS  0|AC  0|TAMS 0x00000007065fffe8, 0x00000007065fffe8|
| 102|0x0000000706600000, 0x00000007066ffff8, 0x0000000706700000| 99%| O|  |TS  0|AC  0|TAMS 0x00000007066ffff8, 0x00000007066ffff8|
| 103|0x0000000706700000, 0x00000007067fff18, 0x0000000706800000| 99%| O|  |TS  0|AC  0|TAMS 0x00000007067fff18, 0x00000007067fff18|
| 104|0x0000000706800000, 0x00000007068ff0c8, 0x0000000706900000| 99%| O|  |TS  0|AC  0|TAMS 0x00000007068ff0c8, 0x00000007068ff0c8|
| 105|0x0000000706900000, 0x00000007069fffe8, 0x0000000706a00000| 99%| O|  |TS  0|AC  0|TAMS 0x00000007069fffe8, 0x00000007069fffe8|
| 106|0x0000000706a00000, 0x0000000706b00000, 0x0000000706b00000|100%|HS|  |TS  0|AC  0|TAMS 0x0000000706b00000, 0x0000000706b00000|
| 107|0x0000000706b00000, 0x0000000706c00000, 0x0000000706c00000|100%|HS|  |TS  0|AC  0|TAMS 0x0000000706c00000, 0x0000000706c00000|
| 108|0x0000000706c00000, 0x0000000706d00000, 0x0000000706d00000|100%|HC|  |TS  0|AC  0|TAMS 0x0000000706d00000, 0x0000000706d00000|
| 109|0x0000000706d00000, 0x0000000706e00000, 0x0000000706e00000|100%|HS|  |TS  0|AC  0|TAMS 0x0000000706e00000, 0x0000000706e00000|
| 110|0x0000000706e00000, 0x0000000706f00000, 0x0000000706f00000|100%|HC|  |TS  0|AC  0|TAMS 0x0000000706f00000, 0x0000000706f00000|
| 111|0x0000000706f00000, 0x0000000706fffff0, 0x0000000707000000| 99%| O|  |TS  0|AC  0|TAMS 0x0000000706fffff0, 0x0000000706fffff0|
| 112|0x0000000707000000, 0x00000007070fffe8, 0x0000000707100000| 99%| O|  |TS  0|AC  0|TAMS 0x00000007070fffe8, 0x00000007070fffe8|
| 113|0x0000000707100000, 0x00000007071ff5a0, 0x0000000707200000| 99%| O|  |TS  0|AC  0|TAMS 0x00000007071ff5a0, 0x00000007071ff5a0|
| 114|0x0000000707200000, 0x00000007072ffff0, 0x0000000707300000| 99%| O|  |TS  0|AC  0|TAMS 0x00000007072ffff0, 0x00000007072ffff0|
| 115|0x0000000707300000, 0x00000007073ffff8, 0x0000000707400000| 99%| O|  |TS  0|AC  0|TAMS 0x00000007073ffff8, 0x00000007073ffff8|
| 116|0x0000000707400000, 0x00000007074b5888, 0x0000000707500000| 70%| O|  |TS  0|AC  0|TAMS 0x00000007074b5888, 0x00000007074b5888|
| 117|0x0000000707500000, 0x0000000707600000, 0x0000000707600000|100%|HS|  |TS  0|AC  0|TAMS 0x0000000707600000, 0x0000000707600000|
| 118|0x0000000707600000, 0x0000000707700000, 0x0000000707700000|100%|HC|  |TS  0|AC  0|TAMS 0x0000000707700000, 0x0000000707700000|
| 119|0x0000000707700000, 0x0000000707800000, 0x0000000707800000|100%|HC|  |TS  0|AC  0|TAMS 0x0000000707800000, 0x0000000707800000|
| 120|0x0000000707800000, 0x0000000707900000, 0x0000000707900000|100%|HC|  |TS  0|AC  0|TAMS 0x0000000707900000, 0x0000000707900000|
| 121|0x0000000707900000, 0x0000000707a00000, 0x0000000707a00000|100%|HS|  |TS  0|AC  0|TAMS 0x0000000707a00000, 0x0000000707a00000|
| 122|0x0000000707a00000, 0x0000000707b00000, 0x0000000707b00000|100%|HC|  |TS  0|AC  0|TAMS 0x0000000707b00000, 0x0000000707b00000|
| 123|0x0000000707b00000, 0x0000000707c00000, 0x0000000707c00000|100%|HC|  |TS  0|AC  0|TAMS 0x0000000707c00000, 0x0000000707c00000|
| 124|0x0000000707c00000, 0x0000000707d00000, 0x0000000707d00000|100%|HC|  |TS  0|AC  0|TAMS 0x0000000707d00000, 0x0000000707d00000|
| 125|0x0000000707d00000, 0x0000000707e00000, 0x0000000707e00000|100%|HC|  |TS  0|AC  0|TAMS 0x0000000707e00000, 0x0000000707e00000|
| 126|0x0000000707e00000, 0x0000000707f00000, 0x0000000707f00000|100%|HC|  |TS  0|AC  0|TAMS 0x0000000707f00000, 0x0000000707f00000|
| 127|0x0000000707f00000, 0x0000000708000000, 0x0000000708000000|100%|HC|  |TS  0|AC  0|TAMS 0x0000000708000000, 0x0000000708000000|
| 128|0x0000000708000000, 0x0000000708100000, 0x0000000708100000|100%|HC|  |TS  0|AC  0|TAMS 0x0000000708100000, 0x0000000708100000|
| 129|0x0000000708100000, 0x0000000708200000, 0x0000000708200000|100%| O|  |TS  0|AC  0|TAMS 0x0000000708200000, 0x0000000708200000|
| 130|0x0000000708200000, 0x0000000708300000, 0x0000000708300000|100%| O|  |TS  0|AC  0|TAMS 0x0000000708300000, 0x0000000708300000|
| 131|0x0000000708300000, 0x0000000708400000, 0x0000000708400000|100%| O|  |TS  0|AC  0|TAMS 0x0000000708400000, 0x0000000708400000|
| 132|0x0000000708400000, 0x0000000708500000, 0x0000000708500000|100%|HS|  |TS  0|AC  0|TAMS 0x0000000708500000, 0x0000000708500000|
| 133|0x0000000708500000, 0x0000000708600000, 0x0000000708600000|100%|HC|  |TS  0|AC  0|TAMS 0x0000000708600000, 0x0000000708600000|
| 134|0x0000000708600000, 0x0000000708700000, 0x0000000708700000|100%|HC|  |TS  0|AC  0|TAMS 0x0000000708700000, 0x0000000708700000|
| 135|0x0000000708700000, 0x0000000708800000, 0x0000000708800000|100%|HC|  |TS  0|AC  0|TAMS 0x0000000708800000, 0x0000000708800000|
| 136|0x0000000708800000, 0x0000000708900000, 0x0000000708900000|100%|HC|  |TS  0|AC  0|TAMS 0x0000000708900000, 0x0000000708900000|
| 137|0x0000000708900000, 0x0000000708a00000, 0x0000000708a00000|100%|HC|  |TS  0|AC  0|TAMS 0x0000000708a00000, 0x0000000708a00000|
| 138|0x0000000708a00000, 0x0000000708b00000, 0x0000000708b00000|100%|HC|  |TS  0|AC  0|TAMS 0x0000000708b00000, 0x0000000708b00000|
| 139|0x0000000708b00000, 0x0000000708c00000, 0x0000000708c00000|100%|HC|  |TS  0|AC  0|TAMS 0x0000000708c00000, 0x0000000708c00000|
| 140|0x0000000708c00000, 0x0000000708d00000, 0x0000000708d00000|100%| O|  |TS  0|AC  0|TAMS 0x0000000708d00000, 0x0000000708d00000|
| 141|0x0000000708d00000, 0x0000000708d00000, 0x0000000708e00000|  0%| F|  |TS  0|AC  0|TAMS 0x0000000708d00000, 0x0000000708d00000|
| 142|0x0000000708e00000, 0x0000000708e00000, 0x0000000708f00000|  0%| F|  |TS  0|AC  0|TAMS 0x0000000708e00000, 0x0000000708e00000|
| 143|0x0000000708f00000, 0x0000000708f00000, 0x0000000709000000|  0%| F|  |TS  0|AC  0|TAMS 0x0000000708f00000, 0x0000000708f00000|
| 144|0x0000000709000000, 0x0000000709000000, 0x0000000709100000|  0%| F|  |TS  0|AC  0|TAMS 0x0000000709000000, 0x0000000709000000|
| 145|0x0000000709100000, 0x0000000709100000, 0x0000000709200000|  0%| F|  |TS  0|AC  0|TAMS 0x0000000709100000, 0x0000000709100000|
| 146|0x0000000709200000, 0x0000000709200000, 0x0000000709300000|  0%| F|  |TS  0|AC  0|TAMS 0x0000000709200000, 0x0000000709200000|
| 147|0x0000000709300000, 0x0000000709300000, 0x0000000709400000|  0%| F|  |TS  0|AC  0|TAMS 0x0000000709300000, 0x0000000709300000|
| 148|0x0000000709400000, 0x0000000709400000, 0x0000000709500000|  0%| F|  |TS  0|AC  0|TAMS 0x0000000709400000, 0x0000000709400000|
| 149|0x0000000709500000, 0x0000000709500000, 0x0000000709600000|  0%| F|  |TS  0|AC  0|TAMS 0x0000000709500000, 0x0000000709500000|
| 150|0x0000000709600000, 0x0000000709600000, 0x0000000709700000|  0%| F|  |TS  0|AC  0|TAMS 0x0000000709600000, 0x0000000709600000|
| 151|0x0000000709700000, 0x0000000709700000, 0x0000000709800000|  0%| F|  |TS  0|AC  0|TAMS 0x0000000709700000, 0x0000000709700000|
| 152|0x0000000709800000, 0x0000000709800000, 0x0000000709900000|  0%| F|  |TS  0|AC  0|TAMS 0x0000000709800000, 0x0000000709800000|
| 153|0x0000000709900000, 0x0000000709900000, 0x0000000709a00000|  0%| F|  |TS  0|AC  0|TAMS 0x0000000709900000, 0x0000000709900000|
| 154|0x0000000709a00000, 0x0000000709a00000, 0x0000000709b00000|  0%| F|  |TS  0|AC  0|TAMS 0x0000000709a00000, 0x0000000709a00000|
| 155|0x0000000709b00000, 0x0000000709b00000, 0x0000000709c00000|  0%| F|  |TS  0|AC  0|TAMS 0x0000000709b00000, 0x0000000709b00000|
| 156|0x0000000709c00000, 0x0000000709c00000, 0x0000000709d00000|  0%| F|  |TS  0|AC  0|TAMS 0x0000000709c00000, 0x0000000709c00000|
| 157|0x0000000709d00000, 0x0000000709d00000, 0x0000000709e00000|  0%| F|  |TS  0|AC  0|TAMS 0x0000000709d00000, 0x0000000709d00000|
| 158|0x0000000709e00000, 0x0000000709e00000, 0x0000000709f00000|  0%| F|  |TS  0|AC  0|TAMS 0x0000000709e00000, 0x0000000709e00000|
| 159|0x0000000709f00000, 0x0000000709f00000, 0x000000070a000000|  0%| F|  |TS  0|AC  0|TAMS 0x0000000709f00000, 0x0000000709f00000|
| 160|0x000000070a000000, 0x000000070a000000, 0x000000070a100000|  0%| F|  |TS  0|AC  0|TAMS 0x000000070a000000, 0x000000070a000000|
| 161|0x000000070a100000, 0x000000070a100000, 0x000000070a200000|  0%| F|  |TS  0|AC  0|TAMS 0x000000070a100000, 0x000000070a100000|
| 162|0x000000070a200000, 0x000000070a200000, 0x000000070a300000|  0%| F|  |TS  0|AC  0|TAMS 0x000000070a200000, 0x000000070a200000|
| 163|0x000000070a300000, 0x000000070a300000, 0x000000070a400000|  0%| F|  |TS  0|AC  0|TAMS 0x000000070a300000, 0x000000070a300000|
| 164|0x000000070a400000, 0x000000070a400000, 0x000000070a500000|  0%| F|  |TS  0|AC  0|TAMS 0x000000070a400000, 0x000000070a400000|
| 165|0x000000070a500000, 0x000000070a500000, 0x000000070a600000|  0%| F|  |TS  0|AC  0|TAMS 0x000000070a500000, 0x000000070a500000|
| 166|0x000000070a600000, 0x000000070a600000, 0x000000070a700000|  0%| F|  |TS  0|AC  0|TAMS 0x000000070a600000, 0x000000070a600000|
| 167|0x000000070a700000, 0x000000070a700000, 0x000000070a800000|  0%| F|  |TS  0|AC  0|TAMS 0x000000070a700000, 0x000000070a700000|
| 168|0x000000070a800000, 0x000000070a800000, 0x000000070a900000|  0%| F|  |TS  0|AC  0|TAMS 0x000000070a800000, 0x000000070a800000|
| 169|0x000000070a900000, 0x000000070a900000, 0x000000070aa00000|  0%| F|  |TS  0|AC  0|TAMS 0x000000070a900000, 0x000000070a900000|
| 170|0x000000070aa00000, 0x000000070aa00000, 0x000000070ab00000|  0%| F|  |TS  0|AC  0|TAMS 0x000000070aa00000, 0x000000070aa00000|
| 171|0x000000070ab00000, 0x000000070ab00000, 0x000000070ac00000|  0%| F|  |TS  0|AC  0|TAMS 0x000000070ab00000, 0x000000070ab00000|
| 172|0x000000070ac00000, 0x000000070ac00000, 0x000000070ad00000|  0%| F|  |TS  0|AC  0|TAMS 0x000000070ac00000, 0x000000070ac00000|
| 173|0x000000070ad00000, 0x000000070ad00000, 0x000000070ae00000|  0%| F|  |TS  0|AC  0|TAMS 0x000000070ad00000, 0x000000070ad00000|
| 174|0x000000070ae00000, 0x000000070ae00000, 0x000000070af00000|  0%| F|  |TS  0|AC  0|TAMS 0x000000070ae00000, 0x000000070ae00000|
| 175|0x000000070af00000, 0x000000070af00000, 0x000000070b000000|  0%| F|  |TS  0|AC  0|TAMS 0x000000070af00000, 0x000000070af00000|
| 176|0x000000070b000000, 0x000000070b000000, 0x000000070b100000|  0%| F|  |TS  0|AC  0|TAMS 0x000000070b000000, 0x000000070b000000|
| 177|0x000000070b100000, 0x000000070b100000, 0x000000070b200000|  0%| F|  |TS  0|AC  0|TAMS 0x000000070b100000, 0x000000070b100000|
| 178|0x000000070b200000, 0x000000070b200000, 0x000000070b300000|  0%| F|  |TS  0|AC  0|TAMS 0x000000070b200000, 0x000000070b200000|
| 179|0x000000070b300000, 0x000000070b300000, 0x000000070b400000|  0%| F|  |TS  0|AC  0|TAMS 0x000000070b300000, 0x000000070b300000|
| 180|0x000000070b400000, 0x000000070b400000, 0x000000070b500000|  0%| F|  |TS  0|AC  0|TAMS 0x000000070b400000, 0x000000070b400000|
| 181|0x000000070b500000, 0x000000070b500000, 0x000000070b600000|  0%| F|  |TS  0|AC  0|TAMS 0x000000070b500000, 0x000000070b500000|
| 182|0x000000070b600000, 0x000000070b600000, 0x000000070b700000|  0%| F|  |TS  0|AC  0|TAMS 0x000000070b600000, 0x000000070b600000|
| 183|0x000000070b700000, 0x000000070b700000, 0x000000070b800000|  0%| F|  |TS  0|AC  0|TAMS 0x000000070b700000, 0x000000070b700000|
| 184|0x000000070b800000, 0x000000070b800000, 0x000000070b900000|  0%| F|  |TS  0|AC  0|TAMS 0x000000070b800000, 0x000000070b800000|
| 185|0x000000070b900000, 0x000000070b900000, 0x000000070ba00000|  0%| F|  |TS  0|AC  0|TAMS 0x000000070b900000, 0x000000070b900000|
| 186|0x000000070ba00000, 0x000000070ba00000, 0x000000070bb00000|  0%| F|  |TS  0|AC  0|TAMS 0x000000070ba00000, 0x000000070ba00000|
| 187|0x000000070bb00000, 0x000000070bb00000, 0x000000070bc00000|  0%| F|  |TS  0|AC  0|TAMS 0x000000070bb00000, 0x000000070bb00000|
| 188|0x000000070bc00000, 0x000000070bc00000, 0x000000070bd00000|  0%| F|  |TS  0|AC  0|TAMS 0x000000070bc00000, 0x000000070bc00000|
| 189|0x000000070bd00000, 0x000000070bd00000, 0x000000070be00000|  0%| F|  |TS  0|AC  0|TAMS 0x000000070bd00000, 0x000000070bd00000|
| 190|0x000000070be00000, 0x000000070be00000, 0x000000070bf00000|  0%| F|  |TS  0|AC  0|TAMS 0x000000070be00000, 0x000000070be00000|
| 191|0x000000070bf00000, 0x000000070bf00000, 0x000000070c000000|  0%| F|  |TS  0|AC  0|TAMS 0x000000070bf00000, 0x000000070bf00000|
| 192|0x000000070c000000, 0x000000070c000000, 0x000000070c100000|  0%| F|  |TS  0|AC  0|TAMS 0x000000070c000000, 0x000000070c000000|
| 193|0x000000070c100000, 0x000000070c100000, 0x000000070c200000|  0%| F|  |TS  0|AC  0|TAMS 0x000000070c100000, 0x000000070c100000|
| 194|0x000000070c200000, 0x000000070c200000, 0x000000070c300000|  0%| F|  |TS  0|AC  0|TAMS 0x000000070c200000, 0x000000070c200000|
| 195|0x000000070c300000, 0x000000070c300000, 0x000000070c400000|  0%| F|  |TS  0|AC  0|TAMS 0x000000070c300000, 0x000000070c300000|
| 196|0x000000070c400000, 0x000000070c400000, 0x000000070c500000|  0%| F|  |TS  0|AC  0|TAMS 0x000000070c400000, 0x000000070c400000|
| 197|0x000000070c500000, 0x000000070c500000, 0x000000070c600000|  0%| F|  |TS  0|AC  0|TAMS 0x000000070c500000, 0x000000070c500000|
| 198|0x000000070c600000, 0x000000070c600000, 0x000000070c700000|  0%| F|  |TS  0|AC  0|TAMS 0x000000070c600000, 0x000000070c600000|
| 199|0x000000070c700000, 0x000000070c700000, 0x000000070c800000|  0%| F|  |TS  0|AC  0|TAMS 0x000000070c700000, 0x000000070c700000|
| 200|0x000000070c800000, 0x000000070c800000, 0x000000070c900000|  0%| F|  |TS  0|AC  0|TAMS 0x000000070c800000, 0x000000070c800000|
| 201|0x000000070c900000, 0x000000070c900000, 0x000000070ca00000|  0%| F|  |TS  0|AC  0|TAMS 0x000000070c900000, 0x000000070c900000|
| 202|0x000000070ca00000, 0x000000070ca32a00, 0x000000070cb00000| 19%| S|CS|TS  0|AC  0|TAMS 0x000000070ca00000, 0x000000070ca00000|
| 203|0x000000070cb00000, 0x000000070cb00000, 0x000000070cc00000|  0%| F|  |TS  0|AC  0|TAMS 0x000000070cb00000, 0x000000070cb00000|
| 204|0x000000070cc00000, 0x000000070cc00000, 0x000000070cd00000|  0%| F|  |TS  0|AC  0|TAMS 0x000000070cc00000, 0x000000070cc00000|
| 205|0x000000070cd00000, 0x000000070cd00000, 0x000000070ce00000|  0%| F|  |TS  0|AC  0|TAMS 0x000000070cd00000, 0x000000070cd00000|
| 206|0x000000070ce00000, 0x000000070ce00000, 0x000000070cf00000|  0%| F|  |TS  0|AC  0|TAMS 0x000000070ce00000, 0x000000070ce00000|
| 207|0x000000070cf00000, 0x000000070d000000, 0x000000070d000000|100%| S|CS|TS  0|AC  0|TAMS 0x000000070cf00000, 0x000000070cf00000|
| 208|0x000000070d000000, 0x000000070d100000, 0x000000070d100000|100%| S|CS|TS  0|AC  0|TAMS 0x000000070d000000, 0x000000070d000000|
| 209|0x000000070d100000, 0x000000070d200000, 0x000000070d200000|100%| S|CS|TS  0|AC  0|TAMS 0x000000070d100000, 0x000000070d100000|
| 210|0x000000070d200000, 0x000000070d300000, 0x000000070d300000|100%| S|CS|TS  0|AC  0|TAMS 0x000000070d200000, 0x000000070d200000|
| 211|0x000000070d300000, 0x000000070d300000, 0x000000070d400000|  0%| F|  |TS  0|AC  0|TAMS 0x000000070d300000, 0x000000070d300000|
| 212|0x000000070d400000, 0x000000070d400000, 0x000000070d500000|  0%| F|  |TS  0|AC  0|TAMS 0x000000070d400000, 0x000000070d400000|
| 213|0x000000070d500000, 0x000000070d500000, 0x000000070d600000|  0%| F|  |TS  0|AC  0|TAMS 0x000000070d500000, 0x000000070d500000|
| 214|0x000000070d600000, 0x000000070d600000, 0x000000070d700000|  0%| F|  |TS  0|AC  0|TAMS 0x000000070d600000, 0x000000070d600000|
| 215|0x000000070d700000, 0x000000070d700000, 0x000000070d800000|  0%| F|  |TS  0|AC  0|TAMS 0x000000070d700000, 0x000000070d700000|
| 216|0x000000070d800000, 0x000000070d800000, 0x000000070d900000|  0%| F|  |TS  0|AC  0|TAMS 0x000000070d800000, 0x000000070d800000|
| 217|0x000000070d900000, 0x000000070d900000, 0x000000070da00000|  0%| F|  |TS  0|AC  0|TAMS 0x000000070d900000, 0x000000070d900000|
| 218|0x000000070da00000, 0x000000070dab1ba8, 0x000000070db00000| 69%| E|  |TS  0|AC  0|TAMS 0x000000070da00000, 0x000000070da00000|
| 219|0x000000070db00000, 0x000000070dc00000, 0x000000070dc00000|100%| E|CS|TS  0|AC  0|TAMS 0x000000070db00000, 0x000000070db00000|
| 220|0x000000070dc00000, 0x000000070dd00000, 0x000000070dd00000|100%| E|CS|TS  0|AC  0|TAMS 0x000000070dc00000, 0x000000070dc00000|
| 221|0x000000070dd00000, 0x000000070de00000, 0x000000070de00000|100%| E|CS|TS  0|AC  0|TAMS 0x000000070dd00000, 0x000000070dd00000|
| 222|0x000000070de00000, 0x000000070df00000, 0x000000070df00000|100%| E|CS|TS  0|AC  0|TAMS 0x000000070de00000, 0x000000070de00000|
| 223|0x000000070df00000, 0x000000070e000000, 0x000000070e000000|100%| E|CS|TS  0|AC  0|TAMS 0x000000070df00000, 0x000000070df00000|
| 224|0x000000070e000000, 0x000000070e100000, 0x000000070e100000|100%| E|CS|TS  0|AC  0|TAMS 0x000000070e000000, 0x000000070e000000|
| 225|0x000000070e100000, 0x000000070e200000, 0x000000070e200000|100%| E|CS|TS  0|AC  0|TAMS 0x000000070e100000, 0x000000070e100000|
| 226|0x000000070e200000, 0x000000070e300000, 0x000000070e300000|100%| E|CS|TS  0|AC  0|TAMS 0x000000070e200000, 0x000000070e200000|
| 227|0x000000070e300000, 0x000000070e400000, 0x000000070e400000|100%| E|CS|TS  0|AC  0|TAMS 0x000000070e300000, 0x000000070e300000|
| 228|0x000000070e400000, 0x000000070e500000, 0x000000070e500000|100%| E|CS|TS  0|AC  0|TAMS 0x000000070e400000, 0x000000070e400000|
| 229|0x000000070e500000, 0x000000070e600000, 0x000000070e600000|100%| E|CS|TS  0|AC  0|TAMS 0x000000070e500000, 0x000000070e500000|
| 230|0x000000070e600000, 0x000000070e700000, 0x000000070e700000|100%| E|CS|TS  0|AC  0|TAMS 0x000000070e600000, 0x000000070e600000|
| 231|0x000000070e700000, 0x000000070e800000, 0x000000070e800000|100%| E|CS|TS  0|AC  0|TAMS 0x000000070e700000, 0x000000070e700000|
| 232|0x000000070e800000, 0x000000070e900000, 0x000000070e900000|100%| E|CS|TS  0|AC  0|TAMS 0x000000070e800000, 0x000000070e800000|
| 233|0x000000070e900000, 0x000000070ea00000, 0x000000070ea00000|100%| E|CS|TS  0|AC  0|TAMS 0x000000070e900000, 0x000000070e900000|
| 234|0x000000070ea00000, 0x000000070eb00000, 0x000000070eb00000|100%| E|CS|TS  0|AC  0|TAMS 0x000000070ea00000, 0x000000070ea00000|
| 235|0x000000070eb00000, 0x000000070ec00000, 0x000000070ec00000|100%| E|CS|TS  0|AC  0|TAMS 0x000000070eb00000, 0x000000070eb00000|
| 236|0x000000070ec00000, 0x000000070ed00000, 0x000000070ed00000|100%| E|CS|TS  0|AC  0|TAMS 0x000000070ec00000, 0x000000070ec00000|
| 237|0x000000070ed00000, 0x000000070ee00000, 0x000000070ee00000|100%| E|CS|TS  0|AC  0|TAMS 0x000000070ed00000, 0x000000070ed00000|
| 238|0x000000070ee00000, 0x000000070ef00000, 0x000000070ef00000|100%| E|CS|TS  0|AC  0|TAMS 0x000000070ee00000, 0x000000070ee00000|
| 239|0x000000070ef00000, 0x000000070f000000, 0x000000070f000000|100%| E|CS|TS  0|AC  0|TAMS 0x000000070ef00000, 0x000000070ef00000|
| 240|0x000000070f000000, 0x000000070f100000, 0x000000070f100000|100%| E|CS|TS  0|AC  0|TAMS 0x000000070f000000, 0x000000070f000000|
| 241|0x000000070f100000, 0x000000070f200000, 0x000000070f200000|100%| E|CS|TS  0|AC  0|TAMS 0x000000070f100000, 0x000000070f100000|
| 242|0x000000070f200000, 0x000000070f300000, 0x000000070f300000|100%| E|CS|TS  0|AC  0|TAMS 0x000000070f200000, 0x000000070f200000|
| 243|0x000000070f300000, 0x000000070f400000, 0x000000070f400000|100%| E|CS|TS  0|AC  0|TAMS 0x000000070f300000, 0x000000070f300000|
| 244|0x000000070f400000, 0x000000070f500000, 0x000000070f500000|100%| E|CS|TS  0|AC  0|TAMS 0x000000070f400000, 0x000000070f400000|
| 245|0x000000070f500000, 0x000000070f600000, 0x000000070f600000|100%| E|CS|TS  0|AC  0|TAMS 0x000000070f500000, 0x000000070f500000|
| 246|0x000000070f600000, 0x000000070f700000, 0x000000070f700000|100%| E|CS|TS  0|AC  0|TAMS 0x000000070f600000, 0x000000070f600000|
| 247|0x000000070f700000, 0x000000070f800000, 0x000000070f800000|100%| E|CS|TS  0|AC  0|TAMS 0x000000070f700000, 0x000000070f700000|
| 248|0x000000070f800000, 0x000000070f900000, 0x000000070f900000|100%| E|CS|TS  0|AC  0|TAMS 0x000000070f800000, 0x000000070f800000|
| 249|0x000000070f900000, 0x000000070fa00000, 0x000000070fa00000|100%| E|CS|TS  0|AC  0|TAMS 0x000000070f900000, 0x000000070f900000|
| 250|0x000000070fa00000, 0x000000070fb00000, 0x000000070fb00000|100%| E|CS|TS  0|AC  0|TAMS 0x000000070fa00000, 0x000000070fa00000|
| 251|0x000000070fb00000, 0x000000070fc00000, 0x000000070fc00000|100%| E|CS|TS  0|AC  0|TAMS 0x000000070fb00000, 0x000000070fb00000|
| 252|0x000000070fc00000, 0x000000070fd00000, 0x000000070fd00000|100%| E|CS|TS  0|AC  0|TAMS 0x000000070fc00000, 0x000000070fc00000|
| 253|0x000000070fd00000, 0x000000070fe00000, 0x000000070fe00000|100%| E|CS|TS  0|AC  0|TAMS 0x000000070fd00000, 0x000000070fd00000|
| 254|0x000000070fe00000, 0x000000070ff00000, 0x000000070ff00000|100%| E|CS|TS  0|AC  0|TAMS 0x000000070fe00000, 0x000000070fe00000|
| 255|0x000000070ff00000, 0x0000000710000000, 0x0000000710000000|100%| E|CS|TS  0|AC  0|TAMS 0x000000070ff00000, 0x000000070ff00000|
| 256|0x0000000710000000, 0x0000000710100000, 0x0000000710100000|100%| E|CS|TS  0|AC  0|TAMS 0x0000000710000000, 0x0000000710000000|
| 257|0x0000000710100000, 0x0000000710200000, 0x0000000710200000|100%| E|CS|TS  0|AC  0|TAMS 0x0000000710100000, 0x0000000710100000|
| 258|0x0000000710200000, 0x0000000710300000, 0x0000000710300000|100%| E|CS|TS  0|AC  0|TAMS 0x0000000710200000, 0x0000000710200000|
| 259|0x0000000710300000, 0x0000000710400000, 0x0000000710400000|100%| E|CS|TS  0|AC  0|TAMS 0x0000000710300000, 0x0000000710300000|
| 260|0x0000000710400000, 0x0000000710500000, 0x0000000710500000|100%| E|CS|TS  0|AC  0|TAMS 0x0000000710400000, 0x0000000710400000|
| 261|0x0000000710500000, 0x0000000710600000, 0x0000000710600000|100%| E|CS|TS  0|AC  0|TAMS 0x0000000710500000, 0x0000000710500000|
| 262|0x0000000710600000, 0x0000000710700000, 0x0000000710700000|100%| E|CS|TS  0|AC  0|TAMS 0x0000000710600000, 0x0000000710600000|
| 263|0x0000000710700000, 0x0000000710800000, 0x0000000710800000|100%| E|CS|TS  0|AC  0|TAMS 0x0000000710700000, 0x0000000710700000|
| 264|0x0000000710800000, 0x0000000710900000, 0x0000000710900000|100%| E|CS|TS  0|AC  0|TAMS 0x0000000710800000, 0x0000000710800000|
| 265|0x0000000710900000, 0x0000000710a00000, 0x0000000710a00000|100%| E|CS|TS  0|AC  0|TAMS 0x0000000710900000, 0x0000000710900000|
| 266|0x0000000710a00000, 0x0000000710b00000, 0x0000000710b00000|100%| E|CS|TS  0|AC  0|TAMS 0x0000000710a00000, 0x0000000710a00000|

Card table byte_map: [0x0000024f9af10000,0x0000024f9b510000] byte_map_base: 0x0000024f97710000

Marking Bits (Prev, Next): (CMBitMap*) 0x0000024ffe745138, (CMBitMap*) 0x0000024ffe745100
 Prev Bits: [0x0000024f9eb10000, 0x0000024fa1b10000)
 Next Bits: [0x0000024f9bb10000, 0x0000024f9eb10000)

Polling page: 0x0000024ffa030000

CodeHeap 'non-profiled nmethods': size=119168Kb used=27742Kb max_used=27846Kb free=91425Kb
 bounds [0x0000024f934b0000, 0x0000024f95000000, 0x0000024f9a910000]
CodeHeap 'profiled nmethods': size=119168Kb used=49599Kb max_used=53749Kb free=69568Kb
 bounds [0x0000024f8c050000, 0x0000024f8f530000, 0x0000024f934b0000]
CodeHeap 'non-nmethods': size=7424Kb used=3542Kb max_used=3663Kb free=3881Kb
 bounds [0x0000024f8b910000, 0x0000024f8bcc0000, 0x0000024f8c050000]
 total_blobs=41403 nmethods=21270 adapters=1214
 compilation: enabled

Compilation events (10 events):
Event: 3970.474 Thread 0x0000024f84311800 28303       3       ui.views.p.c::a (430 bytes)
Event: 3970.474 Thread 0x0000024f84313800 28304       3       ui.views.p.a.h::<init> (6 bytes)
Event: 3970.474 Thread 0x0000024f84314800 28305       3       ui.data.design.g::agA (63 bytes)
Event: 3970.475 Thread 0x0000024f84313800 nmethod 28304 0x0000024f8cab3d10 code [0x0000024f8cab3ee0, 0x0000024f8cab42b8]
Event: 3970.476 Thread 0x0000024f84314800 nmethod 28305 0x0000024f8ccc7f10 code [0x0000024f8ccc8340, 0x0000024f8ccc9b90]
Event: 3970.478 Thread 0x0000024f84311800 nmethod 28303 0x0000024f8d388d90 code [0x0000024f8d3895e0, 0x0000024f8d38e8b0]
Event: 3970.482 Thread 0x0000024f84312800 28306       3       java.lang.CompoundEnumeration::next (58 bytes)
Event: 3970.482 Thread 0x0000024f84312800 nmethod 28306 0x0000024f8cab0810 code [0x0000024f8cab09e0, 0x0000024f8cab0d70]
Event: 3971.526 Thread 0x0000024f84313800 28307       3       ui.frmwork.str.robot.n::R (15 bytes)
Event: 3971.526 Thread 0x0000024f84313800 nmethod 28307 0x0000024f8cab6190 code [0x0000024f8cab63c0, 0x0000024f8cab6e10]

GC Heap History (10 events):
Event: 3967.405 GC heap before
{Heap before GC invocations=966 (full 400):
 garbage-first heap   total 273408K, used 201978K [0x0000000700000000, 0x0000000700100858, 0x00000007c0000000)
  region size 1024K, 60 young (61440K), 4 survivors (4096K)
 Metaspace       used 86353K, capacity 88076K, committed 96176K, reserved 1132544K
  class space    used 10933K, capacity 11330K, committed 12976K, reserved 1048576K
}
Event: 3967.408 GC heap after
{Heap after GC invocations=967 (full 400):
 garbage-first heap   total 273408K, used 145084K [0x0000000700000000, 0x0000000700100858, 0x00000007c0000000)
  region size 1024K, 4 young (4096K), 4 survivors (4096K)
 Metaspace       used 86353K, capacity 88076K, committed 96176K, reserved 1132544K
  class space    used 10933K, capacity 11330K, committed 12976K, reserved 1048576K
}
Event: 3968.455 GC heap before
{Heap before GC invocations=968 (full 400):
 garbage-first heap   total 273408K, used 202428K [0x0000000700000000, 0x0000000700100858, 0x00000007c0000000)
  region size 1024K, 60 young (61440K), 4 survivors (4096K)
 Metaspace       used 86355K, capacity 88076K, committed 96176K, reserved 1132544K
  class space    used 10933K, capacity 11330K, committed 12976K, reserved 1048576K
}
Event: 3968.458 GC heap after
{Heap after GC invocations=969 (full 400):
 garbage-first heap   total 273408K, used 145920K [0x0000000700000000, 0x0000000700100858, 0x00000007c0000000)
  region size 1024K, 5 young (5120K), 5 survivors (5120K)
 Metaspace       used 86355K, capacity 88076K, committed 96176K, reserved 1132544K
  class space    used 10933K, capacity 11330K, committed 12976K, reserved 1048576K
}
Event: 3968.580 GC heap before
{Heap before GC invocations=969 (full 400):
 garbage-first heap   total 273408K, used 202240K [0x0000000700000000, 0x0000000700100858, 0x00000007c0000000)
  region size 1024K, 60 young (61440K), 5 survivors (5120K)
 Metaspace       used 86355K, capacity 88076K, committed 96176K, reserved 1132544K
  class space    used 10933K, capacity 11330K, committed 12976K, reserved 1048576K
}
Event: 3968.583 GC heap after
{Heap after GC invocations=970 (full 400):
 garbage-first heap   total 273408K, used 145433K [0x0000000700000000, 0x0000000700100858, 0x00000007c0000000)
  region size 1024K, 4 young (4096K), 4 survivors (4096K)
 Metaspace       used 86355K, capacity 88076K, committed 96176K, reserved 1132544K
  class space    used 10933K, capacity 11330K, committed 12976K, reserved 1048576K
}
Event: 3969.290 GC heap before
{Heap before GC invocations=971 (full 400):
 garbage-first heap   total 273408K, used 202777K [0x0000000700000000, 0x0000000700100858, 0x00000007c0000000)
  region size 1024K, 60 young (61440K), 4 survivors (4096K)
 Metaspace       used 86360K, capacity 88140K, committed 96176K, reserved 1132544K
  class space    used 10933K, capacity 11330K, committed 12976K, reserved 1048576K
}
Event: 3969.293 GC heap after
{Heap after GC invocations=972 (full 400):
 garbage-first heap   total 273408K, used 145592K [0x0000000700000000, 0x0000000700100858, 0x00000007c0000000)
  region size 1024K, 4 young (4096K), 4 survivors (4096K)
 Metaspace       used 86360K, capacity 88140K, committed 96176K, reserved 1132544K
  class space    used 10933K, capacity 11330K, committed 12976K, reserved 1048576K
}
Event: 3970.486 GC heap before
{Heap before GC invocations=972 (full 400):
 garbage-first heap   total 273408K, used 202936K [0x0000000700000000, 0x0000000700100858, 0x00000007c0000000)
  region size 1024K, 60 young (61440K), 4 survivors (4096K)
 Metaspace       used 86373K, capacity 88140K, committed 96176K, reserved 1132544K
  class space    used 10933K, capacity 11330K, committed 12976K, reserved 1048576K
}
Event: 3970.490 GC heap after
{Heap after GC invocations=973 (full 400):
 garbage-first heap   total 273408K, used 146128K [0x0000000700000000, 0x0000000700100858, 0x00000007c0000000)
  region size 1024K, 5 young (5120K), 5 survivors (5120K)
 Metaspace       used 86373K, capacity 88140K, committed 96176K, reserved 1132544K
  class space    used 10933K, capacity 11330K, committed 12976K, reserved 1048576K
}

Deoptimization events (10 events):
Event: 3181.235 Thread 0x0000024fa7d3f800 Uncommon trap: reason=range_check action=make_not_entrant pc=0x0000024f9397b120 method=ui.views.V.a.ck.markTokensImpl(BLjavax/swing/text/Segment;I)B @ 712 c2
Event: 3188.138 Thread 0x0000024fa7d3f800 Uncommon trap: reason=unstable_if action=reinterpret pc=0x0000024f9395922c method=java.awt.EventQueue.setCurrentEventAndMostRecentTimeImpl(Ljava/awt/AWTEvent;)V @ 87 c2
Event: 3188.138 Thread 0x0000024fa7d3f800 Uncommon trap: reason=unstable_if action=reinterpret pc=0x0000024f947062e0 method=java.awt.Component.dispatchEventImpl(Ljava/awt/AWTEvent;)V @ 270 c2
Event: 3188.139 Thread 0x0000024fa7d3f800 Uncommon trap: reason=unstable_if action=reinterpret pc=0x0000024f94336ff8 method=sun.awt.im.InputMethodContext.dispatchEvent(Ljava/awt/AWTEvent;)V @ 4 c2
Event: 3188.145 Thread 0x0000024fa7d3f800 Uncommon trap: reason=unstable_if action=reinterpret pc=0x0000024f9396f6a0 method=java.awt.EventQueue.setCurrentEventAndMostRecentTimeImpl(Ljava/awt/AWTEvent;)V @ 87 c2
Event: 3604.167 Thread 0x0000024f84cd1000 Uncommon trap: reason=class_check action=maybe_recompile pc=0x0000024f94d66a48 method=sun.java2d.Disposer.run()V @ 11 c2
Event: 3800.943 Thread 0x0000024f84b2f800 Uncommon trap: reason=unstable_if action=reinterpret pc=0x0000024f943362b4 method=sun.awt.windows.WWindowPeer.preprocessPostEvent(Ljava/awt/AWTEvent;)V @ 4 c2
Event: 3800.943 Thread 0x0000024f84b2f800 Uncommon trap: reason=unstable_if action=reinterpret pc=0x0000024f948e0614 method=sun.awt.windows.WWindowPeer.preprocessPostEvent(Ljava/awt/AWTEvent;)V @ 4 c2
Event: 3909.994 Thread 0x0000024fa7d3f800 Uncommon trap: reason=bimorphic_or_optimized_type_check action=maybe_recompile pc=0x0000024f948b5d90 method=sun.awt.windows.WComponentPeer.handleEvent(Ljava/awt/AWTEvent;)V @ 152 c2
Event: 3925.213 Thread 0x0000024fa7d3f800 Uncommon trap: reason=bimorphic_or_optimized_type_check action=maybe_recompile pc=0x0000024f948b5d90 method=sun.awt.windows.WComponentPeer.handleEvent(Ljava/awt/AWTEvent;)V @ 152 c2

Classes redefined (0 events):
No events

Internal exceptions (10 events):
Event: 3955.426 Thread 0x0000024fa7d3f800 Exception <a 'de/concept/nlview/NlviewException'{0x000000070ffe3aa8}> (0x000000070ffe3aa8) thrown at [t:/workspace/hotspot/src/share/vm/prims/jni.cpp, line 604]
Event: 3955.426 Thread 0x0000024fa7d3f800 Exception <a 'de/concept/nlview/NlviewException'{0x000000070ffe45c8}> (0x000000070ffe45c8) thrown at [t:/workspace/hotspot/src/share/vm/prims/jni.cpp, line 604]
Event: 3955.426 Thread 0x0000024fa7d3f800 Exception <a 'de/concept/nlview/NlviewException'{0x000000070ffe7f88}> (0x000000070ffe7f88) thrown at [t:/workspace/hotspot/src/share/vm/prims/jni.cpp, line 604]
Event: 3955.426 Thread 0x0000024fa7d3f800 Exception <a 'de/concept/nlview/NlviewException'{0x000000070ffe8bb0}> (0x000000070ffe8bb0) thrown at [t:/workspace/hotspot/src/share/vm/prims/jni.cpp, line 604]
Event: 3955.426 Thread 0x0000024fa7d3f800 Exception <a 'de/concept/nlview/NlviewException'{0x000000070ffe97d8}> (0x000000070ffe97d8) thrown at [t:/workspace/hotspot/src/share/vm/prims/jni.cpp, line 604]
Event: 3962.666 Thread 0x0000024fa7d3f800 Exception <a 'java/io/FileNotFoundException'{0x000000070f218210}> (0x000000070f218210) thrown at [t:/workspace/hotspot/src/share/vm/prims/jni.cpp, line 604]
Event: 3962.902 Thread 0x0000024fa7d3f800 Exception <a 'java/io/FileNotFoundException'{0x000000070e356e68}> (0x000000070e356e68) thrown at [t:/workspace/hotspot/src/share/vm/prims/jni.cpp, line 604]
Event: 3962.902 Thread 0x0000024fa7d3f800 Exception <a 'java/io/FileNotFoundException'{0x000000070e357900}> (0x000000070e357900) thrown at [t:/workspace/hotspot/src/share/vm/prims/jni.cpp, line 604]
Event: 3964.709 Thread 0x0000024fca806800 Exception <a 'java/lang/InterruptedException'{0x000000070e900190}: sleep interrupted> (0x000000070e900190) thrown at [t:/workspace/hotspot/src/share/vm/prims/jvm.cpp, line 2984]
Event: 3967.300 Thread 0x0000024fccd79800 Exception <a 'java/lang/InterruptedException'{0x000000070ea00ee0}: sleep interrupted> (0x000000070ea00ee0) thrown at [t:/workspace/hotspot/src/share/vm/prims/jvm.cpp, line 2984]

Events (10 events):
Event: 3970.561 Executing VM operation: CGC_Operation done
Event: 3970.571 Executing VM operation: CGC_Operation
Event: 3970.572 Executing VM operation: CGC_Operation done
Event: 3970.719 Thread 0x0000024fccd7a800 Thread added: 0x0000024fccd7a800
Event: 3970.722 Executing VM operation: RevokeBias
Event: 3970.722 Executing VM operation: RevokeBias done
Event: 3970.723 Executing VM operation: RevokeBias
Event: 3970.723 Executing VM operation: RevokeBias done
Event: 3971.384 Thread 0x0000024fccd78000 Thread added: 0x0000024fccd78000
Event: 3971.386 Thread 0x0000024fccd78000 Thread exited: 0x0000024fccd78000


Dynamic libraries:
0x00007ff67b830000 - 0x00007ff67b860000 	F:\Xilinx\Vivado\2018.3\bin\unwrapped\win64.o\vivado.exe
0x00007ffb3fd70000 - 0x00007ffb3ff84000 	C:\WINDOWS\SYSTEM32\ntdll.dll
0x00007ffb3ebc0000 - 0x00007ffb3ec84000 	C:\WINDOWS\System32\KERNEL32.DLL
0x00007ffb3d4f0000 - 0x00007ffb3d894000 	C:\WINDOWS\System32\KERNELBASE.dll
0x00007ffb3d330000 - 0x00007ffb3d441000 	C:\WINDOWS\System32\ucrtbase.dll
0x00007ffb25080000 - 0x00007ffb2510e000 	C:\WINDOWS\SYSTEM32\MSVCP140.dll
0x00007ffb25060000 - 0x00007ffb2507b000 	C:\WINDOWS\SYSTEM32\VCRUNTIME140.dll
0x00007ffafbf20000 - 0x00007ffafbf34000 	F:\Xilinx\Vivado\2018.3\lib\win64.o\librdi_commonmain.dll
0x00007ffaf9c80000 - 0x00007ffaf9c94000 	F:\Xilinx\Vivado\2018.3\lib\win64.o\libboost_signals.dll
0x00007ffac5020000 - 0x00007ffac5eb4000 	F:\Xilinx\Vivado\2018.3\lib\win64.o\librdi_common.dll
0x00007ffb3f780000 - 0x00007ffb3f92a000 	C:\WINDOWS\System32\USER32.dll
0x00007ffb3d300000 - 0x00007ffb3d326000 	C:\WINDOWS\System32\win32u.dll
0x00007ffb3f230000 - 0x00007ffb3f259000 	C:\WINDOWS\System32\GDI32.dll
0x00007ffb26ed0000 - 0x00007ffb26edc000 	C:\WINDOWS\SYSTEM32\VCRUNTIME140_1.dll
0x00007ffb3d8a0000 - 0x00007ffb3d9b9000 	C:\WINDOWS\System32\gdi32full.dll
0x00007ffb3d450000 - 0x00007ffb3d4ea000 	C:\WINDOWS\System32\msvcp_win.dll
0x00007ffaf3710000 - 0x00007ffaf3736000 	F:\Xilinx\Vivado\2018.3\lib\win64.o\libboost_filesystem.dll
0x00007ffb3dd60000 - 0x00007ffb3de10000 	C:\WINDOWS\System32\ADVAPI32.dll
0x00007ffb3ed40000 - 0x00007ffb3ede7000 	C:\WINDOWS\System32\msvcrt.dll
0x00007ffb20460000 - 0x00007ffb2046a000 	F:\Xilinx\Vivado\2018.3\lib\win64.o\librdi_commonversion.dll
0x00007ffb3ec90000 - 0x00007ffb3ed36000 	C:\WINDOWS\System32\sechost.dll
0x00007ffadb1e0000 - 0x00007ffadb301000 	F:\Xilinx\Vivado\2018.3\lib\win64.o\librdi_commonxillic.dll
0x0000000051440000 - 0x000000005156b000 	F:\Xilinx\Vivado\2018.3\lib\win64.o\tcl85t.dll
0x00007ffb3f110000 - 0x00007ffb3f227000 	C:\WINDOWS\System32\RPCRT4.dll
0x00007ffb3dbb0000 - 0x00007ffb3dc21000 	C:\WINDOWS\System32\WS2_32.dll
0x00007ffb3e380000 - 0x00007ffb3eb96000 	C:\WINDOWS\System32\SHELL32.dll
0x00007ffacabf0000 - 0x00007ffacaf5e000 	F:\Xilinx\Vivado\2018.3\lib\win64.o\libCOIN-all.dll
0x00007ffaf99e0000 - 0x00007ffaf99f4000 	F:\Xilinx\Vivado\2018.3\lib\win64.o\libboost_date_time.dll
0x00007ffadad00000 - 0x00007ffadad7f000 	F:\Xilinx\Vivado\2018.3\lib\win64.o\libboost_program_options.dll
0x00007ffac8e70000 - 0x00007ffac9125000 	F:\Xilinx\Vivado\2018.3\lib\win64.o\libXil_lmgr11.dll
0x00007ffb3efc0000 - 0x00007ffb3f0b7000 	C:\WINDOWS\System32\COMDLG32.dll
0x00007ffb3de50000 - 0x00007ffb3e1da000 	C:\WINDOWS\System32\combase.dll
0x00007ffb201e0000 - 0x00007ffb201eb000 	F:\Xilinx\Vivado\2018.3\lib\win64.o\libboost_system.dll
0x00007ffb3fc30000 - 0x00007ffb3fd23000 	C:\WINDOWS\System32\shcore.dll
0x00007ffae51a0000 - 0x00007ffae51c1000 	F:\Xilinx\Vivado\2018.3\lib\win64.o\libboost_thread.dll
0x00007fface160000 - 0x00007fface274000 	F:\Xilinx\Vivado\2018.3\lib\win64.o\libboost_regex.dll
0x00007ffb3fa40000 - 0x00007ffb3fa9e000 	C:\WINDOWS\System32\SHLWAPI.dll
0x00007ffb200b0000 - 0x00007ffb200bf000 	F:\Xilinx\Vivado\2018.3\lib\win64.o\libboost_xilinx.dll
0x00007ffadac70000 - 0x00007ffadacf2000 	F:\Xilinx\Vivado\2018.3\lib\win64.o\libhdlpsolve.dll
0x00007ffad2bc0000 - 0x00007ffad2c65000 	F:\Xilinx\Vivado\2018.3\lib\win64.o\libhdxml.dll
0x00007ffade360000 - 0x00007ffade38e000 	F:\Xilinx\Vivado\2018.3\lib\win64.o\libisl_sysinfo.dll
0x00007fface0f0000 - 0x00007fface155000 	F:\Xilinx\Vivado\2018.3\lib\win64.o\liblmx6.0.dll
0x00007ffb3fb50000 - 0x00007ffb3fc27000 	C:\WINDOWS\System32\OLEAUT32.dll
0x00007ffb3e1e0000 - 0x00007ffb3e37c000 	C:\WINDOWS\System32\ole32.dll
0x00007ffaf58e0000 - 0x00007ffaf58fa000 	F:\Xilinx\Vivado\2018.3\lib\win64.o\pthreadVC2.dll
0x00007ffaf34e0000 - 0x00007ffaf34fc000 	F:\Xilinx\Vivado\2018.3\lib\win64.o\librdiconfig.dll
0x00007ffadd5b0000 - 0x00007ffadd5d1000 	F:\Xilinx\Vivado\2018.3\lib\win64.o\librdizlib.dll
0x0000000012000000 - 0x0000000012272000 	F:\Xilinx\Vivado\2018.3\lib\win64.o\xerces-c_3_1.dll
0x00007ffac83f0000 - 0x00007ffac8c3e600 	F:\Xilinx\Vivado\2018.3\lib\win64.o\libisl_iostreams.dll
0x00007ffb3d210000 - 0x00007ffb3d27b000 	C:\WINDOWS\System32\WINTRUST.dll
0x00007ffb3d9c0000 - 0x00007ffb3db27000 	C:\WINDOWS\System32\CRYPT32.dll
0x00007ffb370f0000 - 0x00007ffb37109000 	C:\WINDOWS\SYSTEM32\NETAPI32.dll
0x00007ffb22ec0000 - 0x00007ffb233b4000 	C:\WINDOWS\SYSTEM32\WININET.dll
0x00007ffb367f0000 - 0x00007ffb36927000 	C:\WINDOWS\SYSTEM32\WINHTTP.dll
0x00007ffb311c0000 - 0x00007ffb313b0000 	C:\WINDOWS\SYSTEM32\urlmon.dll
0x00007ffb1f800000 - 0x00007ffb1f809000 	C:\WINDOWS\SYSTEM32\WSOCK32.dll
0x00007ffadd260000 - 0x00007ffadd291000 	C:\WINDOWS\SYSTEM32\VCOMP140.DLL
0x00007ffabdbd0000 - 0x00007ffabea61000 	F:\Xilinx\Vivado\2018.3\lib\win64.o\gurobi65.dll
0x00007ffb22b80000 - 0x00007ffb22c33000 	C:\WINDOWS\WinSxS\amd64_microsoft.windows.common-controls_6595b64144ccf1df_5.82.22621.608_none_fb280a3c7926c2cc\COMCTL32.dll
0x00007ffb1fee0000 - 0x00007ffb1feed000 	F:\Xilinx\Vivado\2018.3\lib\win64.o\libboost_chrono.dll
0x00007ffb366a0000 - 0x00007ffb366bf000 	C:\WINDOWS\SYSTEM32\dhcpcsvc.DLL
0x00007ffb30b80000 - 0x00007ffb30e3c000 	C:\WINDOWS\SYSTEM32\iertutil.dll
0x00007ffb30470000 - 0x00007ffb30499000 	C:\WINDOWS\SYSTEM32\srvcli.dll
0x00007ffadd4f0000 - 0x00007ffadd515000 	F:\Xilinx\Vivado\2018.3\lib\win64.o\libisl_iosutils.dll
0x00007ffaf3290000 - 0x00007ffaf32ab000 	F:\Xilinx\Vivado\2018.3\lib\win64.o\libboost_iostreams.dll
0x00007ffb3bc90000 - 0x00007ffb3bc9c000 	C:\WINDOWS\SYSTEM32\netutils.dll
0x00007ffb3de10000 - 0x00007ffb3de41000 	C:\WINDOWS\System32\IMM32.DLL
0x00007ffb3cdf0000 - 0x00007ffb3ce02000 	C:\WINDOWS\SYSTEM32\MSASN1.dll
0x00007ffb3c240000 - 0x00007ffb3c258000 	C:\WINDOWS\SYSTEM32\kernel.appcore.dll
0x00007ffac7950000 - 0x00007ffac7e45000 	F:\Xilinx\Vivado\2018.3\lib\win64.o\librdi_commontasks.dll
0x00007ffb34ac0000 - 0x00007ffb34aca000 	C:\WINDOWS\SYSTEM32\VERSION.dll
0x00007ffac8170000 - 0x00007ffac83ef000 	F:\Xilinx\Vivado\2018.3\lib\win64.o\librdi_sio.dll
0x0000000050a10000 - 0x0000000051435000 	F:\Xilinx\Vivado\2018.3\tps\win64\jre9.0.4\bin\server\jvm.dll
0x00007ffb3f9d0000 - 0x00007ffb3f9d8000 	C:\WINDOWS\System32\PSAPI.DLL
0x00007ffb3bca0000 - 0x00007ffb3bccd000 	C:\WINDOWS\SYSTEM32\IPHLPAPI.DLL
0x00007ffb22480000 - 0x00007ffb224b4000 	C:\WINDOWS\SYSTEM32\WINMM.dll
0x00007ffacab00000 - 0x00007ffacabef000 	C:\WINDOWS\SYSTEM32\MSVCR120.dll
0x00007ffb3c6e0000 - 0x00007ffb3c749000 	C:\WINDOWS\SYSTEM32\MSWSOCK.DLL
0x00007ffb3b0e0000 - 0x00007ffb3b9ca000 	C:\WINDOWS\SYSTEM32\windows.storage.dll
0x00007ffb3afa0000 - 0x00007ffb3b0de000 	C:\WINDOWS\SYSTEM32\wintypes.dll
0x00007ffaa3220000 - 0x00007ffaa55e2000 	F:\Xilinx\Vivado\2018.3\lib\win64.o\librdi_tcltasks.dll
0x00007ffac6fe0000 - 0x00007ffac73bc000 	F:\Xilinx\Vivado\2018.3\lib\win64.o\librdi_bitstream.dll
0x00007ffacb430000 - 0x00007ffacb49a000 	F:\Xilinx\Vivado\2018.3\lib\win64.o\librdi_boarddep.dll
0x00007ffac77d0000 - 0x00007ffac794e000 	F:\Xilinx\Vivado\2018.3\lib\win64.o\librdi_board.dll
0x00007ffac9fa0000 - 0x00007ffaca07c000 	F:\Xilinx\Vivado\2018.3\lib\win64.o\librdi_chipscope.dll
0x00007ffac7440000 - 0x00007ffac75f9000 	F:\Xilinx\Vivado\2018.3\lib\win64.o\librdi_chipscopeimpl.dll
0x00007ffac7e80000 - 0x00007ffac7fc8000 	F:\Xilinx\Vivado\2018.3\lib\win64.o\librdi_containers.dll
0x00007ffaa1400000 - 0x00007ffaa321f000 	F:\Xilinx\Vivado\2018.3\lib\win64.o\librdi_coregen.dll
0x00007ffac6770000 - 0x00007ffac6e4a000 	F:\Xilinx\Vivado\2018.3\lib\win64.o\librdi_coregenipxact.dll
0x00007ffabad80000 - 0x00007ffabc685000 	F:\Xilinx\Vivado\2018.3\lib\win64.o\librdi_constraints.dll
0x00007ffa9d600000 - 0x00007ffaa13fb000 	F:\Xilinx\Vivado\2018.3\lib\win64.o\librdi_designutils.dll
0x00007ffac6450000 - 0x00007ffac676b000 	F:\Xilinx\Vivado\2018.3\lib\win64.o\librdi_dlyest.dll
0x00007ffac4ac0000 - 0x00007ffac5020000 	F:\Xilinx\Vivado\2018.3\lib\win64.o\librdi_drc.dll
0x00007ffac8da0000 - 0x00007ffac8e62000 	F:\Xilinx\Vivado\2018.3\lib\win64.o\librdi_dsp.dll
0x00007ffac9f40000 - 0x00007ffac9f9d000 	F:\Xilinx\Vivado\2018.3\lib\win64.o\librdi_hdf.dll
0x00007ffabd590000 - 0x00007ffabdbcf000 	F:\Xilinx\Vivado\2018.3\lib\win64.o\librdi_filemgmt.dll
0x00007ffac6170000 - 0x00007ffac644a000 	F:\Xilinx\Vivado\2018.3\lib\win64.o\librdi_guitools.dll
0x00007ffa83b90000 - 0x00007ffa948e2000 	F:\Xilinx\Vivado\2018.3\lib\win64.o\librdi_device.dll
0x00007ffabcf70000 - 0x00007ffabd585000 	F:\Xilinx\Vivado\2018.3\lib\win64.o\librdi_memdata.dll
0x00007ffac7750000 - 0x00007ffac77c1000 	F:\Xilinx\Vivado\2018.3\lib\win64.o\librdi_memoryarray.dll
0x00007ffa9c260000 - 0x00007ffa9d5f1000 	F:\Xilinx\Vivado\2018.3\lib\win64.o\librdi_implflow.dll
0x00007ffac7700000 - 0x00007ffac7750000 	F:\Xilinx\Vivado\2018.3\lib\win64.o\librdi_pfi.dll
0x00007ffabc930000 - 0x00007ffabcf6b000 	F:\Xilinx\Vivado\2018.3\lib\win64.o\librdi_netlist.dll
0x00007ffabaa70000 - 0x00007ffabad77000 	F:\Xilinx\Vivado\2018.3\lib\win64.o\librdi_platform.dll
0x00007ffab98d0000 - 0x00007ffab9fc5000 	F:\Xilinx\Vivado\2018.3\lib\win64.o\librdi_power.dll
0x00007ffab9370000 - 0x00007ffab98c6000 	F:\Xilinx\Vivado\2018.3\lib\win64.o\librdi_project.dll
0x00007ffa95050000 - 0x00007ffa97564000 	F:\Xilinx\Vivado\2018.3\lib\win64.o\librdi_place.dll
0x00007ffa981b0000 - 0x00007ffa988a3000 	F:\Xilinx\Vivado\2018.3\lib\win64.o\librdi_psta.dll
0x00007ffa97ad0000 - 0x00007ffa981a9000 	F:\Xilinx\Vivado\2018.3\lib\win64.o\librdi_rsb.dll
0x00007ffa988b0000 - 0x00007ffa9c25c000 	F:\Xilinx\Vivado\2018.3\lib\win64.o\librdi_mig.dll
0x00007ffac6f00000 - 0x00007ffac6fd8000 	F:\Xilinx\Vivado\2018.3\lib\win64.o\librdi_runsbase.dll
0x00007ffab8f90000 - 0x00007ffab9367000 	F:\Xilinx\Vivado\2018.3\lib\win64.o\librdi_runs.dll
0x00007ffaba840000 - 0x00007ffabaa68000 	F:\Xilinx\Vivado\2018.3\lib\win64.o\librdi_simdata.dll
0x00007ffa82e00000 - 0x00007ffa83b8d000 	F:\Xilinx\Vivado\2018.3\lib\win64.o\librdi_timing.dll
0x00007ffac4960000 - 0x00007ffac4ab4000 	F:\Xilinx\Vivado\2018.3\lib\win64.o\librdi_advchipscopeimpl.dll
0x00007ffabc870000 - 0x00007ffabc928000 	F:\Xilinx\Vivado\2018.3\lib\win64.o\librdi_hip_devdesign.dll
0x00007ffac76b0000 - 0x00007ffac76fc000 	F:\Xilinx\Vivado\2018.3\lib\win64.o\libboost_serialization.dll
0x00007ffa822b0000 - 0x00007ffa82df7000 	F:\Xilinx\Vivado\2018.3\lib\win64.o\libverific.dll
0x00007ffabc7c0000 - 0x00007ffabc86b000 	F:\Xilinx\Vivado\2018.3\lib\win64.o\librdi_ipconfig_readwrite.dll
0x00007ffadae90000 - 0x00007ffadaec8000 	F:\Xilinx\Vivado\2018.3\lib\win64.o\librdi_noc_frameworks.dll
0x00007ffa97710000 - 0x00007ffa97ac5000 	F:\Xilinx\Vivado\2018.3\lib\win64.o\librdi_hip_config.dll
0x00007ffa94b00000 - 0x00007ffa9504e000 	F:\Xilinx\Vivado\2018.3\lib\win64.o\librdi_xdm.dll
0x00007ffaba7a0000 - 0x00007ffaba83e000 	F:\Xilinx\Vivado\2018.3\lib\win64.o\libise.dll
0x00007ffac73f0000 - 0x00007ffac7439000 	F:\Xilinx\Vivado\2018.3\lib\win64.o\librdi_wavedata_SimpleApi.dll
0x00007ffa81cc0000 - 0x00007ffa822a4000 	F:\Xilinx\Vivado\2018.3\lib\win64.o\librdi_wavedata.dll
0x00007ffac6100000 - 0x00007ffac6163000 	F:\Xilinx\Vivado\2018.3\lib\win64.o\librdi_hip_mathengine.dll
0x00007ffa7eb10000 - 0x00007ffa7ed60000 	F:\Xilinx\Vivado\2018.3\lib\win64.o\librdi_hsm.dll
0x00007ffa80cb0000 - 0x00007ffa81cb2000 	F:\Xilinx\Vivado\2018.3\lib\win64.o\librdi_route.dll

VM Arguments:
jvm_args: -Dsun.java2d.pmoffscreen=false -Dsun.java2d.xrender=false -Dsun.java2d.d3d=false -Dsun.awt.nopixfmt=true -Dsun.java2d.dpiaware=true -Dsun.java2d.uiScale.enabled=false -Xverify:none -Dswing.aatext=true -XX:-UsePerfData -Djdk.map.althashing.threshold=512 -XX:StringTableSize=4072 --add-opens=java.base/java.nio=ALL-UNNAMED --add-opens=java.desktop/sun.swing=ALL-UNNAMED --add-opens=java.desktop/javax.swing=ALL-UNNAMED --add-opens=java.desktop/javax.swing.tree=ALL-UNNAMED --add-opens=java.desktop/javax.swing.plaf.basic=ALL-UNNAMED --add-opens=java.desktop/javax.swing.plaf.synth=ALL-UNNAMED --add-opens=java.desktop/com.sun.awt=ALL-UNNAMED -XX:NewSize=60m -XX:MaxNewSize=60m -Xms128m -Xmx3072m -Xss5m 
java_command: <unknown>
java_class_path (initial): F:/Xilinx/Vivado/2018.3\lib\classes\alloy.jar;F:/Xilinx/Vivado/2018.3\lib\classes\autopilot.scelaborator.jar;F:/Xilinx/Vivado/2018.3\lib\classes\autopilot.sourceprocessor.jar;F:/Xilinx/Vivado/2018.3\lib\classes\autopilot.tbprocessor.jar;F:/Xilinx/Vivado/2018.3\lib\classes\batik-anim.jar;F:/Xilinx/Vivado/2018.3\lib\classes\batik-awt-util.jar;F:/Xilinx/Vivado/2018.3\lib\classes\batik-bridge.jar;F:/Xilinx/Vivado/2018.3\lib\classes\batik-codec.jar;F:/Xilinx/Vivado/2018.3\lib\classes\batik-css.jar;F:/Xilinx/Vivado/2018.3\lib\classes\batik-dom.jar;F:/Xilinx/Vivado/2018.3\lib\classes\batik-ext.jar;F:/Xilinx/Vivado/2018.3\lib\classes\batik-gui-util.jar;F:/Xilinx/Vivado/2018.3\lib\classes\batik-gvt.jar;F:/Xilinx/Vivado/2018.3\lib\classes\batik-parser.jar;F:/Xilinx/Vivado/2018.3\lib\classes\batik-script.jar;F:/Xilinx/Vivado/2018.3\lib\classes\batik-svg-dom.jar;F:/Xilinx/Vivado/2018.3\lib\classes\batik-swing.jar;F:/Xilinx/Vivado/2018.3\lib\classes\batik-transcoder.jar;F:/Xilinx/Vivado/2018.3\lib\classes\batik-util.jar;F:/Xilinx/Vivado/2018.3\lib\classes\batik-xml.jar;F:/Xilinx/Vivado/2018.3\lib\classes\com.ibm.icu_4.4.2.v20110208.jar;F:/Xilinx/Vivado/2018.3\lib\classes\commons-collections4-4.1.jar;F:/Xilinx/Vivado/2018.3\lib\classes\commons-math-2.2.jar;F:/Xilinx/Vivado/2018.3\lib\classes\dom4j-1.6.1.jar;F:/Xilinx/Vivado/2018.3\lib\classes\guava-18.0.jar;F:/Xilinx/Vivado/2018.3\lib\classes\help.jar;F:/Xilinx/Vivado/2018.3\lib\classes\hsqldb.jar;F:/Xilinx/Vivado/2018.3\lib\classes\jargs.jar;F:/Xilinx/Vivado/2018.3\lib\classes\jaxb-api-2.3.0.jar;F:/Xilinx/Vivado/2018.3\lib\classes\jh.jar;F:/Xilinx/Vivado/2018.3\lib\classes\jide-action.jar;F:/Xilinx/Vivado/2018.3\lib\classes\jide-charts.jar;F:/Xilinx/Vivado/2018.3\lib\classes\jide-common.jar;F:/Xilinx/Vivado/2018.3\lib\classes\jide-components.jar;F:/Xilinx/Vivado/2018.3\lib\classes\jide-dashboard.jar;F:/Xilinx/Vivado/2018.3\lib\classes\jide-data.jar;F:/Xilinx/Vivado/2018.3\lib\classes\jide-dialogs.jar
Launcher Type: generic

Logging:
Log output configuration:
#0: stdout all=warning uptime,level,tags
#1: stderr all=off uptime,level,tags

Environment Variables:
JAVA_HOME=D:\Program Files\IntelliJ IDEA 2020.3.2\jbr
CLASSPATH=.;F:\Cache\JetBrains\Idea\config\plugins\antlr-intellij-plugin-v4\lib\;F:\Program Files\Apache Software Foundation\Tomcat 10.0\lib\servlet-api.jar;F:\Programs\MySQL\mysql-connector-java-8.0.28\mysql-connector-java-8.0.28.jar;
PATH=F:/Xilinx/Vivado/2018.3/bin;F:/Xilinx/Vivado/2018.3/lib/win64.o;F:/Xilinx/Vivado/2018.3/tps/win64/jre9.0.4/bin/server;F:/Xilinx/Vivado/2018.3/tps/win64/jre9.0.4/bin;F:/Xilinx/SDK/2018.3/bin;F:/Xilinx/Vivado/2018.3/ids_lite/ISE/bin/nt64;F:/Xilinx/Vivado/2018.3/ids_lite/ISE/lib/nt64;F:\Programs\JEnv;F:\Program Files\Microsoft MPI\Bin\;F:\Program Files (x86)\Eazfuscator.NET;C:\Program Files\Common Files\Oracle\Java\javapath;F:\Program Files (x86)\VMware\VMware Workstation\bin\;C:\Program Files\PlasticSCM5\server;C:\Program Files\PlasticSCM5\client;D:\Program Files\CUDA\CUDA_Dev\bin;D:\Program Files\CUDA\CUDA_Dev\libnvvp;C:\Windows\system32;C:\Windows;C:\Windows\System32\Wbem;C:\Windows\System32\WindowsPowerShell\v1.0\;C:\Windows\System32\OpenSSH\;D:\Program Files\Git\cmd;C:\Program Files\NVIDIA Corporation\Nsight Compute 2020.1.1\;D:\Program Files\CUDA\CUDA_Dev\lib\x64;D:\Program Files (x86)\Visual Leak Detector\bin\Win32;D:\Program Files (x86)\Visual Leak Detector\bin\Win64;D:\Program Files\Graphviz\bin;F:\Programs\MATLAB\runtime\win64;F:\Programs\MATLAB\bin;F:\Program Files\MVTec\HALCON-19.11-Progress\bin\x64-win64;C:\Program Files (x86)\NVIDIA Corporation\PhysX\Common;C:\Program Files\NVIDIA Corporation\NVIDIA NvDLISR;F:\Program Files (x86)\NetSarang\Xftp 7\;C:\Program Files\dotnet\;D:\Program Files\nodejs\;C:\Program Files (x86)\ZeroTier\One\;C:\Program Files\Pandoc\;C:\Program Files (x86)\dotnet\;F:\Program Files (x86)\WinSCP\;F:\Program Files (x86)\NetSarang\Xmanager 7\;F:\Program Files (x86)\NetSarang\Xshell 7\;F:\Program Files (x86)\NetSarang\Xlpd 7\;F:\Program Files (x86)\Arm GNU Toolchain arm-none-eabi\12.2 mpacbti-rel1\bin;F:\Users\.cargo\bin;F:\Program Files\qemu;F:\Programs\cygwin64\bin;D:\Program Files\JDK\bin;F:\Programs\arthas-bin;F:\Programs\IKVM\bin;;F:/Xilinx/Vivado/2018.3\tps\mingw\6.2.0\win64.o\nt\bin;F:/Xilinx/Vivado/2018.3\tps\mingw\6.2.0\win64.o\nt\libexec\gcc\x86_64-w64-mingw32\6.2.0
USERNAME=lenovo
OS=Windows_NT
PROCESSOR_IDENTIFIER=Intel64 Family 6 Model 165 Stepping 2, GenuineIntel



---------------  S Y S T E M  ---------------

OS: Windows 10 , 64 bit Build 22621 (10.0.22621.2070)

CPU:total 16 (initial active 16) (8 cores per cpu, 2 threads per core) family 6 model 165 stepping 2, cmov, cx8, fxsr, mmx, sse, sse2, sse3, ssse3, sse4.1, sse4.2, popcnt, avx, avx2, aes, clmul, erms, 3dnowpref, lzcnt, ht, tsc, tscinvbit, bmi1, bmi2, adx, fma

Memory: 4k page, physical 16640816k(3676404k free), swap 48130864k(28571140k free)

vm_info: Java HotSpot(TM) 64-Bit Server VM (9.0.4+11) for windows-amd64 JRE (9.0.4+11), built on Dec 20 2017 02:18:54 by "mach5one" with MS VC++ 12.0 (VS2013)

END.
