#
# A fatal error has been detected by the Java Runtime Environment:
#
#  EXCEPTION_ACCESS_VIOLATION (0xc0000005) at pc=0x00007ffac519880f, pid=31052, tid=19320
#
# JRE version: Java(TM) SE Runtime Environment (9.0+11) (build 9.0.4+11)
# Java VM: Java HotSpot(TM) 64-Bit Server VM (9.0.4+11, mixed mode, tiered, compressed oops, g1 gc, windows-amd64)
# Problematic frame:
# C  [librdi_common.dll+0x17880f]
#
# No core dump will be written. Minidumps are not enabled by default on client versions of Windows
#
# If you would like to submit a bug report, please visit:
#   http://bugreport.java.com/bugreport/crash.jsp
# The crash happened outside the Java Virtual Machine in native code.
# See problematic frame for where to report the bug.
#

---------------  S U M M A R Y ------------

Command Line: -Dsun.java2d.pmoffscreen=false -Dsun.java2d.xrender=false -Dsun.java2d.d3d=false -Dsun.awt.nopixfmt=true -Dsun.java2d.dpiaware=true -Dsun.java2d.uiScale.enabled=false -Xverify:none -Dswing.aatext=true -XX:-UsePerfData -Djdk.map.althashing.threshold=512 -XX:StringTableSize=4072 --add-opens=java.base/java.nio=ALL-UNNAMED --add-opens=java.desktop/sun.swing=ALL-UNNAMED --add-opens=java.desktop/javax.swing=ALL-UNNAMED --add-opens=java.desktop/javax.swing.tree=ALL-UNNAMED --add-opens=java.desktop/javax.swing.plaf.basic=ALL-UNNAMED --add-opens=java.desktop/javax.swing.plaf.synth=ALL-UNNAMED --add-opens=java.desktop/com.sun.awt=ALL-UNNAMED -XX:NewSize=60m -XX:MaxNewSize=60m -Xms128m -Xmx3072m -Xss5m 

Host: Intel(R) Core(TM) i7-10875H CPU @ 2.30GHz, 16 cores, 15G,  Windows 10 , 64 bit Build 22621 (10.0.22621.2070)
Time: Mon Aug 28 13:15:18 2023 ?D1¨²¡À¨º¡Á?¨º¡À?? elapsed time: 401 seconds (0d 0h 6m 41s)

---------------  T H R E A D  ---------------

Current thread (0x00000231734fe800):  JavaThread "AWT-EventQueue-1" [_thread_in_native, id=19320, stack(0x000000f237d00000,0x000000f238200000)]

Stack: [0x000000f237d00000,0x000000f238200000],  sp=0x000000f2381fb360,  free space=5100k
Native frames: (J=compiled Java code, j=interpreted, Vv=VM code, C=native code)
C  [librdi_common.dll+0x17880f]
C  [librdi_common.dll+0x81bcd]
C  [librdi_wavedata.dll+0x1d9e1e]
C  [librdi_wavedata.dll+0x256eaf]
C  [librdi_wavedata.dll+0x25e869]
C  [librdi_wavedata.dll+0x22f5bb]
C  [librdi_wavedata.dll+0x26b487]
C  0x00000231614cdbba

Java frames: (J=compiled Java code, j=interpreted, Vv=VM code)
J 16792  ui.views.waveform.waveformi.WVExecutive_getTooltipTextDelayed(J)Ljava/lang/String; (0 bytes) @ 0x00000231614cdb21 [0x00000231614cdae0+0x0000000000000041]
J 22355 c2 ui.views.waveform.b.a.bI(Ljava/awt/event/MouseEvent;)V (135 bytes) @ 0x0000023161b28100 [0x0000023161b28000+0x0000000000000100]
J 22362 c2 ui.views.waveform.b.a.mouseMoved(Ljava/awt/event/MouseEvent;)V (32 bytes) @ 0x0000023161b2c6b4 [0x0000023161b2c5e0+0x00000000000000d4]
J 18293 c2 java.awt.AWTEventMulticaster.mouseMoved(Ljava/awt/event/MouseEvent;)V java.desktop@9.0.4 (27 bytes) @ 0x0000023161702074 [0x0000023161701fc0+0x00000000000000b4]
J 18293 c2 java.awt.AWTEventMulticaster.mouseMoved(Ljava/awt/event/MouseEvent;)V java.desktop@9.0.4 (27 bytes) @ 0x0000023161702034 [0x0000023161701fc0+0x0000000000000074]
J 22361 c2 ui.frmwork.c.i.processMouseMotionEvent(Ljava/awt/event/MouseEvent;)V (131 bytes) @ 0x0000023161b2d09c [0x0000023161b2cd40+0x000000000000035c]
J 21961 c2 java.awt.Container.processEvent(Ljava/awt/AWTEvent;)V java.desktop@9.0.4 (22 bytes) @ 0x00000231612665c0 [0x0000023161266440+0x0000000000000180]
J 21962 c2 java.awt.Component.dispatchEventImpl(Ljava/awt/AWTEvent;)V java.desktop@9.0.4 (739 bytes) @ 0x0000023161512f0c [0x00000231615120c0+0x0000000000000e4c]
J 21986 c2 java.awt.Container.dispatchEventImpl(Ljava/awt/AWTEvent;)V java.desktop@9.0.4 (129 bytes) @ 0x00000231613bc1d8 [0x00000231613bc100+0x00000000000000d8]
J 16204 c2 java.awt.LightweightDispatcher.retargetMouseEvent(Ljava/awt/Component;ILjava/awt/event/MouseEvent;)V java.desktop@9.0.4 (350 bytes) @ 0x00000231613d2588 [0x00000231613d1fa0+0x00000000000005e8]
J 21927 c2 java.awt.LightweightDispatcher.processMouseEvent(Ljava/awt/event/MouseEvent;)Z java.desktop@9.0.4 (265 bytes) @ 0x000002316122a798 [0x000002316122a260+0x0000000000000538]
J 21986 c2 java.awt.Container.dispatchEventImpl(Ljava/awt/AWTEvent;)V java.desktop@9.0.4 (129 bytes) @ 0x00000231613bc430 [0x00000231613bc100+0x0000000000000330]
J 17599 c2 java.awt.Window.dispatchEventImpl(Ljava/awt/AWTEvent;)V java.desktop@9.0.4 (23 bytes) @ 0x0000023160c99b0c [0x0000023160c99ac0+0x000000000000004c]
J 14880 c2 java.awt.EventQueue$3.run()Ljava/lang/Object; java.desktop@9.0.4 (5 bytes) @ 0x00000231612ea7f0 [0x00000231612ea200+0x00000000000005f0]
v  ~StubRoutines::call_stub
J 3335  java.security.AccessController.doPrivileged(Ljava/security/PrivilegedAction;Ljava/security/AccessControlContext;)Ljava/lang/Object; java.base@9.0.4 (0 bytes) @ 0x0000023160855ac6 [0x0000023160855a60+0x0000000000000066]
J 16685 c2 java.awt.EventQueue$4.run()Ljava/lang/Object; java.desktop@9.0.4 (5 bytes) @ 0x00000231614a2540 [0x00000231614a22e0+0x0000000000000260]
v  ~StubRoutines::call_stub
J 3335  java.security.AccessController.doPrivileged(Ljava/security/PrivilegedAction;Ljava/security/AccessControlContext;)Ljava/lang/Object; java.base@9.0.4 (0 bytes) @ 0x0000023160855ac6 [0x0000023160855a60+0x0000000000000066]
J 14869 c2 ui.frmwork.b.d.dispatchEvent(Ljava/awt/AWTEvent;)V (34 bytes) @ 0x00000231612e029c [0x00000231612dff20+0x000000000000037c]
J 20021 c2 java.awt.EventDispatchThread.pumpOneEventForFilters(I)V java.desktop@9.0.4 (218 bytes) @ 0x00000231618ddb68 [0x00000231618dd800+0x0000000000000368]
J 22363% c2 java.awt.EventDispatchThread.pumpEventsForFilter(ILjava/awt/Conditional;Ljava/awt/EventFilter;)V java.desktop@9.0.4 (47 bytes) @ 0x0000023161b2df58 [0x0000023161b2de40+0x0000000000000118]
j  java.awt.EventDispatchThread.pumpEventsForHierarchy(ILjava/awt/Conditional;Ljava/awt/Component;)V+11 java.desktop@9.0.4
j  java.awt.EventDispatchThread.pumpEvents(ILjava/awt/Conditional;)V+4 java.desktop@9.0.4
j  java.awt.EventDispatchThread.pumpEvents(Ljava/awt/Conditional;)V+3 java.desktop@9.0.4
j  java.awt.EventDispatchThread.run()V+9 java.desktop@9.0.4
v  ~StubRoutines::call_stub

siginfo: EXCEPTION_ACCESS_VIOLATION (0xc0000005), reading address 0xffffffffffffffff


Register to memory mapping:

RIP=0x00007ffac519880f librdi_common.dll
RAX=0x0000023149c73a01 is an unknown value
RBX=0x000000f2381fb420 is pointing into the stack for thread: 0x00000231734fe800
RCX=0x0000023149c73aa0 is an unknown value
RDX=0x900468319017ca22 is an unknown value
RSP=0x000000f2381fb360 is pointing into the stack for thread: 0x00000231734fe800
RBP=0x000000f2381fb5b0 is pointing into the stack for thread: 0x00000231734fe800
RSI=0x0000000000000000 is an unknown value
RDI=0x900468319017ca22 is an unknown value
R8 =0x00007ffa821037dc librdi_wavedata.dll
R9 =0x0000000000000000 is an unknown value
R10=0x0000000000000001 is an unknown value
R11=0x000000f2381fb3e8 is pointing into the stack for thread: 0x00000231734fe800
R12=0x0000000000000000 is an unknown value
R13=0x0000000000000000 is an unknown value
R14=0x0000023109591dc0 is an unknown value
R15=0x0000000002b004d0 is an unknown value


Registers:
RAX=0x0000023149c73a01, RBX=0x000000f2381fb420, RCX=0x0000023149c73aa0, RDX=0x900468319017ca22
RSP=0x000000f2381fb360, RBP=0x000000f2381fb5b0, RSI=0x0000000000000000, RDI=0x900468319017ca22
R8 =0x00007ffa821037dc, R9 =0x0000000000000000, R10=0x0000000000000001, R11=0x000000f2381fb3e8
R12=0x0000000000000000, R13=0x0000000000000000, R14=0x0000023109591dc0, R15=0x0000000002b004d0
RIP=0x00007ffac519880f, EFLAGS=0x0000000000010202

Top of Stack: (sp=0x000000f2381fb360)
0x000000f2381fb360:   0000000000000000 000000000000000f
0x000000f2381fb370:   000002317aa66000 000000f2381fb420
0x000000f2381fb380:   0000000000000000 fffffffffffffffe
0x000000f2381fb390:   00007ffa82116500 00007ffb25066248
0x000000f2381fb3a0:   0000000000000000 000000000000000f
0x000000f2381fb3b0:   0000000065757200 0000000000000000
0x000000f2381fb3c0:   0000000000000000 000000000000000f
0x000000f2381fb3d0:   00009e313ecbd34c 00007ffb25066220
0x000000f2381fb3e0:   000000f2381fb598 00007ffac50a1bcd
0x000000f2381fb3f0:   00007ffa82103798 0000023109591dc0
0x000000f2381fb400:   0000023109591dc0 00000231089a14c0
0x000000f2381fb410:   0000023109591dc0 fffffffffffffffe
0x000000f2381fb420:   0000000000000000 00007ffa81e98c87
0x000000f2381fb430:   0000000002b004d0 0000023109591dc0
0x000000f2381fb440:   00009e313ecbd3dc 0000000000000000
0x000000f2381fb450:   0000000000000000 00007ffa81e99e1e 

Instructions: (pc=0x00007ffac519880f)
0x00007ffac51987ef:   6e 00 cc 48 83 f9 27 76 07 ff 15 e2 64 6e 00 cc
0x00007ffac51987ff:   48 8b c8 e8 c9 b4 5a 00 48 8b c3 e9 1c 01 00 00
0x00007ffac519880f:   48 8b 4f 50 48 85 c9 0f 84 ff 00 00 00 48 8d 54
0x00007ffac519881f:   24 50 e8 ba e3 04 00 48 8b d0 48 8d 4c 24 30 e8 



---------------  P R O C E S S  ---------------

Java Threads: ( => current thread )
  0x0000023172b08800 JavaThread "Relaunch Simulation" [_thread_blocked, id=22124, stack(0x000000f23b600000,0x000000f23bb00000)]
  0x000002311e00b800 JavaThread "Thread-495" [_thread_in_native, id=24068, stack(0x000000f237000000,0x000000f237100000)]
  0x000002311e00a000 JavaThread "Thread-483" [_thread_in_native, id=32588, stack(0x000000f237200000,0x000000f237300000)]
  0x000002311e007800 JavaThread "Monitor File Timestamp Swing Worker" [_thread_blocked, id=10420, stack(0x000000f23c500000,0x000000f23ca00000)]
  0x000002311e009000 JavaThread "Timer-1" [_thread_blocked, id=20772, stack(0x000000f23b100000,0x000000f23b600000)]
  0x000002311e001800 JavaThread "Thread-153" [_thread_in_native, id=15232, stack(0x000000f237200000,0x000000f237300000)]
  0x000002311dfff800 JavaThread "Thread-142" [_thread_in_native, id=12312, stack(0x000000f23a000000,0x000000f23a100000)]
  0x000002311e008800 JavaThread "Image Animator 0" daemon [_thread_blocked, id=15320, stack(0x000000f23de00000,0x000000f23e300000)]
  0x0000023172b01000 JavaThread "Thread-67" [_thread_in_native, id=608, stack(0x000000f23b900000,0x000000f23ba00000)]
  0x0000023172b08000 JavaThread "Thread-59" [_thread_in_native, id=17216, stack(0x000000f23b900000,0x000000f23ba00000)]
  0x0000023172b0e800 JavaThread "Thread-44" [_thread_in_native, id=16700, stack(0x000000f23b900000,0x000000f23ba00000)]
  0x0000023172b0e000 JavaThread "SyntheticaAnimation 50" daemon [_thread_blocked, id=31984, stack(0x000000f23c000000,0x000000f23c500000)]
  0x0000023172b0a000 JavaThread "Image Fetcher 3" daemon [_thread_blocked, id=33148, stack(0x000000f23bb00000,0x000000f23c000000)]
  0x0000023172b02000 JavaThread "hw_ila_monitor" [_thread_blocked, id=35528, stack(0x000000f23ac00000,0x000000f23b100000)]
  0x0000023172b02800 JavaThread "Update Runs Swing Worker" [_thread_blocked, id=29760, stack(0x000000f23a700000,0x000000f23ac00000)]
  0x0000023172b07000 JavaThread "Refresh Filesets Swing Worker" [_thread_blocked, id=33780, stack(0x000000f23a200000,0x000000f23a700000)]
  0x000002314c803000 JavaThread "SyntheticaAnimation 70" daemon [_thread_blocked, id=1880, stack(0x000000f238200000,0x000000f238700000)]
  0x000002314c802000 JavaThread "SyntheticaAnimation 25" daemon [_thread_blocked, id=34936, stack(0x000000f239900000,0x000000f239e00000)]
  0x000002314c804000 JavaThread "SyntheticaAnimation 50" daemon [_thread_blocked, id=25644, stack(0x000000f239400000,0x000000f239900000)]
  0x000002314c809000 JavaThread "Monitor HEventQueue" [_thread_blocked, id=33456, stack(0x000000f238f00000,0x000000f239400000)]
  0x000002314c808800 JavaThread "Batik CleanerThread" daemon [_thread_blocked, id=35012, stack(0x000000f238700000,0x000000f238c00000)]
  0x000002314c806000 JavaThread "SyntheticaCleanerThread" daemon [_thread_blocked, id=7364, stack(0x000000f237300000,0x000000f237800000)]
=>0x00000231734fe800 JavaThread "AWT-EventQueue-1" [_thread_in_native, id=19320, stack(0x000000f237d00000,0x000000f238200000)]
  0x00000231728b5000 JavaThread "Process Messages" [_thread_blocked, id=32684, stack(0x000000f237800000,0x000000f237d00000)]
  0x0000023172838000 JavaThread "Thread-1" [_thread_in_native, id=34280, stack(0x000000f22f300000,0x000000f230700000)]
  0x00000231727b5000 JavaThread "TimerQueue" daemon [_thread_blocked, id=29248, stack(0x000000f236900000,0x000000f236e00000)]
  0x0000023151f2d800 JavaThread "AWT-Windows" daemon [_thread_in_native, id=34224, stack(0x000000f236400000,0x000000f236900000)]
  0x0000023151f2c800 JavaThread "AWT-Shutdown" [_thread_blocked, id=5756, stack(0x000000f235f00000,0x000000f236400000)]
  0x0000023151f2c000 JavaThread "Java2D Disposer" daemon [_thread_blocked, id=23852, stack(0x000000f235a00000,0x000000f235f00000)]
  0x00000231516cc000 JavaThread "Service Thread" daemon [_thread_blocked, id=29724, stack(0x000000f235400000,0x000000f235900000)]
  0x000002314dcdf000 JavaThread "Common-Cleaner" daemon [_thread_blocked, id=15412, stack(0x000000f234f00000,0x000000f235400000)]
  0x000002314c807800 JavaThread "Sweeper thread" daemon [_thread_blocked, id=1872, stack(0x000000f234a00000,0x000000f234f00000)]
  0x000002314e21c800 JavaThread "C1 CompilerThread11" daemon [_thread_blocked, id=33536, stack(0x000000f234900000,0x000000f234a00000)]
  0x000002314e21b000 JavaThread "C1 CompilerThread10" daemon [_thread_blocked, id=16300, stack(0x000000f234800000,0x000000f234900000)]
  0x000002314e21a000 JavaThread "C1 CompilerThread9" daemon [_thread_blocked, id=27800, stack(0x000000f234700000,0x000000f234800000)]
  0x0000023150f9e000 JavaThread "C1 CompilerThread8" daemon [_thread_blocked, id=19616, stack(0x000000f234600000,0x000000f234700000)]
  0x0000023150f9d000 JavaThread "C2 CompilerThread7" daemon [_thread_blocked, id=28844, stack(0x000000f234500000,0x000000f234600000)]
  0x000002314e218000 JavaThread "C2 CompilerThread6" daemon [_thread_blocked, id=12008, stack(0x000000f234400000,0x000000f234500000)]
  0x000002314e216800 JavaThread "C2 CompilerThread5" daemon [_thread_blocked, id=33952, stack(0x000000f234300000,0x000000f234400000)]
  0x000002314e215800 JavaThread "C2 CompilerThread4" daemon [_thread_blocked, id=25448, stack(0x000000f234200000,0x000000f234300000)]
  0x000002314e214000 JavaThread "C2 CompilerThread3" daemon [_thread_blocked, id=15276, stack(0x000000f234100000,0x000000f234200000)]
  0x000002314e213000 JavaThread "C2 CompilerThread2" daemon [_thread_blocked, id=5380, stack(0x000000f234000000,0x000000f234100000)]
  0x000002314dfc9800 JavaThread "C2 CompilerThread1" daemon [_thread_blocked, id=30368, stack(0x000000f233f00000,0x000000f234000000)]
  0x000002314dfc8800 JavaThread "C2 CompilerThread0" daemon [_thread_blocked, id=24356, stack(0x000000f233e00000,0x000000f233f00000)]
  0x000002314dfc7000 JavaThread "Attach Listener" daemon [_thread_blocked, id=30424, stack(0x000000f233900000,0x000000f233e00000)]
  0x000002314bb48800 JavaThread "Signal Dispatcher" daemon [_thread_blocked, id=21356, stack(0x000000f233400000,0x000000f233900000)]
  0x000002314e1a1000 JavaThread "Finalizer" daemon [_thread_blocked, id=30372, stack(0x000000f232f00000,0x000000f233400000)]
  0x000002315023c800 JavaThread "Reference Handler" daemon [_thread_blocked, id=26064, stack(0x000000f232a00000,0x000000f232f00000)]
  0x000002314f4a3800 JavaThread "main" [_thread_blocked, id=3292, stack(0x000000f22f200000,0x000000f22f300000)]

Other Threads:
  0x0000023151516000 VMThread "VM Thread" [stack: 0x000000f232900000,0x000000f232a00000] [id=34616]
  0x00000231516d3800 WatcherThread [stack: 0x000000f235900000,0x000000f235a00000] [id=19184]
  0x000002314d430800 GCTaskThread "GC Thread#0" [stack: 0x000000f230a00000,0x000000f230b00000] [id=26556]
  0x000002314d431000 GCTaskThread "GC Thread#1" [stack: 0x000000f230b00000,0x000000f230c00000] [id=4768]
  0x000002314f12e800 GCTaskThread "GC Thread#2" [stack: 0x000000f230c00000,0x000000f230d00000] [id=10468]
  0x000002314f12f000 GCTaskThread "GC Thread#3" [stack: 0x000000f230d00000,0x000000f230e00000] [id=14404]
  0x000002314f975800 GCTaskThread "GC Thread#4" [stack: 0x000000f230e00000,0x000000f230f00000] [id=33732]
  0x000002314f976000 GCTaskThread "GC Thread#5" [stack: 0x000000f230f00000,0x000000f231000000] [id=23140]
  0x000002314da11000 GCTaskThread "GC Thread#6" [stack: 0x000000f231000000,0x000000f231100000] [id=20760]
  0x000002314c78c800 GCTaskThread "GC Thread#7" [stack: 0x000000f231100000,0x000000f231200000] [id=18124]
  0x000002314c78d000 GCTaskThread "GC Thread#8" [stack: 0x000000f231200000,0x000000f231300000] [id=25304]
  0x000002314f642800 GCTaskThread "GC Thread#9" [stack: 0x000000f231300000,0x000000f231400000] [id=10600]
  0x000002314c568800 GCTaskThread "GC Thread#10" [stack: 0x000000f231400000,0x000000f231500000] [id=26320]
  0x000002314c658800 GCTaskThread "GC Thread#11" [stack: 0x000000f231500000,0x000000f231600000] [id=34772]
  0x000002314d27e800 GCTaskThread "GC Thread#12" [stack: 0x000000f231600000,0x000000f231700000] [id=8984]
  0x00000231505d2800 ConcurrentGCThread "G1 Main Marker" [stack: 0x000000f232500000,0x000000f232600000] [id=34400]
  0x000002314e194800 ConcurrentGCThread "G1 Marker#0" [stack: 0x000000f232600000,0x000000f232700000] [id=18900]
  0x000002314e199000 ConcurrentGCThread "G1 Marker#1" [stack: 0x000000f232700000,0x000000f232800000] [id=1876]
  0x000002314e198000 ConcurrentGCThread "G1 Marker#2" [stack: 0x000000f232800000,0x000000f232900000] [id=15184]
  0x00000231513c9800 ConcurrentGCThread "G1 Refine#0" [stack: 0x000000f232300000,0x000000f232400000] [id=12444]
  0x00000231513c5000 ConcurrentGCThread "G1 Refine#1" [stack: 0x000000f232200000,0x000000f232300000] [id=33252]
  0x00000231513c9000 ConcurrentGCThread "G1 Refine#2" [stack: 0x000000f232100000,0x000000f232200000] [id=22760]
  0x00000231513c4800 ConcurrentGCThread "G1 Refine#3" [stack: 0x000000f232000000,0x000000f232100000] [id=3600]
  0x00000231513c8000 ConcurrentGCThread "G1 Refine#4" [stack: 0x000000f231f00000,0x000000f232000000] [id=29804]
  0x000002314f3b1800 ConcurrentGCThread "G1 Refine#5" [stack: 0x000000f231e00000,0x000000f231f00000] [id=35392]
  0x0000023150f99000 ConcurrentGCThread "G1 Refine#6" [stack: 0x000000f231d00000,0x000000f231e00000] [id=28696]
  0x000002314f453800 ConcurrentGCThread "G1 Refine#7" [stack: 0x000000f231c00000,0x000000f231d00000] [id=28604]
  0x000002314f453000 ConcurrentGCThread "G1 Refine#8" [stack: 0x000000f231b00000,0x000000f231c00000] [id=35344]
  0x000002314c0e3000 ConcurrentGCThread "G1 Refine#9" [stack: 0x000000f231a00000,0x000000f231b00000] [id=18996]
  0x000002314c3e6800 ConcurrentGCThread "G1 Refine#10" [stack: 0x000000f231900000,0x000000f231a00000] [id=10056]
  0x000002314c3e5800 ConcurrentGCThread "G1 Refine#11" [stack: 0x000000f231800000,0x000000f231900000] [id=26796]
  0x000002314f735000 ConcurrentGCThread "G1 Refine#12" [stack: 0x000000f231700000,0x000000f231800000] [id=14228]
  0x000002314da84800 ConcurrentGCThread "G1 Young RemSet Sampling" [stack: 0x000000f232400000,0x000000f232500000] [id=20228]

Threads with active compile tasks:

VM state:not at safepoint (normal execution)

VM Mutex/Monitor currently owned by a thread: None

Heap address: 0x0000000700000000, size: 3072 MB, Compressed Oops mode: Zero based, Oop shift amount: 3
Narrow klass base: 0x0000000000000000, Narrow klass shift: 3
Compressed class space size: 1073741824 Address: 0x00000007c0000000

Heap:
 garbage-first heap   total 161792K, used 142382K [0x0000000700000000, 0x00000007001004f0, 0x00000007c0000000)
  region size 1024K, 51 young (52224K), 0 survivors (0K)
 Metaspace       used 85949K, capacity 92280K, committed 92464K, reserved 1128448K
  class space    used 11672K, capacity 12764K, committed 12848K, reserved 1048576K
Heap Regions: E=young(eden), S=young(survivor), O=old, HS=humongous(starts), HC=humongous(continues), CS=collection set, F=free, A=archive, TS=gc time stamp, AC=allocation context, TAMS=top-at-mark-start (previous, next)
|   0|0x0000000700000000, 0x0000000700100000, 0x0000000700100000|100%|HS|  |TS  0|AC  0|TAMS 0x0000000700000000, 0x0000000700000000|
|   1|0x0000000700100000, 0x0000000700200000, 0x0000000700200000|100%|HS|  |TS  0|AC  0|TAMS 0x0000000700100000, 0x0000000700100000|
|   2|0x0000000700200000, 0x0000000700300000, 0x0000000700300000|100%|HC|  |TS  0|AC  0|TAMS 0x0000000700200000, 0x0000000700200000|
|   3|0x0000000700300000, 0x0000000700400000, 0x0000000700400000|100%|HS|  |TS  0|AC  0|TAMS 0x0000000700300000, 0x0000000700300000|
|   4|0x0000000700400000, 0x00000007004fffe8, 0x0000000700500000| 99%| O|  |TS  0|AC  0|TAMS 0x0000000700400000, 0x0000000700400000|
|   5|0x0000000700500000, 0x00000007005ffeb0, 0x0000000700600000| 99%| O|  |TS  0|AC  0|TAMS 0x0000000700500000, 0x0000000700500000|
|   6|0x0000000700600000, 0x00000007006fffe0, 0x0000000700700000| 99%| O|  |TS  0|AC  0|TAMS 0x0000000700600000, 0x0000000700600000|
|   7|0x0000000700700000, 0x00000007007f54c8, 0x0000000700800000| 95%| O|  |TS  0|AC  0|TAMS 0x0000000700700000, 0x0000000700700000|
|   8|0x0000000700800000, 0x00000007008ffff0, 0x0000000700900000| 99%| O|  |TS  0|AC  0|TAMS 0x0000000700800000, 0x0000000700800000|
|   9|0x0000000700900000, 0x0000000700a00000, 0x0000000700a00000|100%| O|  |TS  0|AC  0|TAMS 0x0000000700900000, 0x0000000700900000|
|  10|0x0000000700a00000, 0x0000000700affff0, 0x0000000700b00000| 99%| O|  |TS  0|AC  0|TAMS 0x0000000700a00000, 0x0000000700a00000|
|  11|0x0000000700b00000, 0x0000000700be6ef8, 0x0000000700c00000| 90%| O|  |TS  0|AC  0|TAMS 0x0000000700b00000, 0x0000000700b00000|
|  12|0x0000000700c00000, 0x0000000700cff5a0, 0x0000000700d00000| 99%| O|  |TS  0|AC  0|TAMS 0x0000000700c00000, 0x0000000700c00000|
|  13|0x0000000700d00000, 0x0000000700dd74b0, 0x0000000700e00000| 84%| O|  |TS  0|AC  0|TAMS 0x0000000700d00000, 0x0000000700d00000|
|  14|0x0000000700e00000, 0x0000000700efe258, 0x0000000700f00000| 99%| O|  |TS  0|AC  0|TAMS 0x0000000700e00000, 0x0000000700e00000|
|  15|0x0000000700f00000, 0x0000000700ffe160, 0x0000000701000000| 99%| O|  |TS  0|AC  0|TAMS 0x0000000700f00000, 0x0000000700f00000|
|  16|0x0000000701000000, 0x0000000701100000, 0x0000000701100000|100%| O|  |TS  0|AC  0|TAMS 0x0000000701000000, 0x0000000701000000|
|  17|0x0000000701100000, 0x00000007011ffff0, 0x0000000701200000| 99%| O|  |TS  0|AC  0|TAMS 0x0000000701100000, 0x0000000701100000|
|  18|0x0000000701200000, 0x00000007012ffff0, 0x0000000701300000| 99%| O|  |TS  0|AC  0|TAMS 0x0000000701200000, 0x0000000701200000|
|  19|0x0000000701300000, 0x00000007013fffe8, 0x0000000701400000| 99%| O|  |TS  0|AC  0|TAMS 0x0000000701300000, 0x0000000701300000|
|  20|0x0000000701400000, 0x00000007014ffff0, 0x0000000701500000| 99%| O|  |TS  0|AC  0|TAMS 0x0000000701400000, 0x0000000701400000|
|  21|0x0000000701500000, 0x00000007015ff680, 0x0000000701600000| 99%| O|  |TS  0|AC  0|TAMS 0x0000000701500000, 0x0000000701500000|
|  22|0x0000000701600000, 0x0000000701700000, 0x0000000701700000|100%| O|  |TS  0|AC  0|TAMS 0x0000000701600000, 0x0000000701600000|
|  23|0x0000000701700000, 0x00000007017ffff0, 0x0000000701800000| 99%| O|  |TS  0|AC  0|TAMS 0x0000000701700000, 0x0000000701700000|
|  24|0x0000000701800000, 0x00000007018ffe18, 0x0000000701900000| 99%| O|  |TS  0|AC  0|TAMS 0x0000000701800000, 0x0000000701800000|
|  25|0x0000000701900000, 0x00000007019ffff8, 0x0000000701a00000| 99%| O|  |TS  0|AC  0|TAMS 0x0000000701900000, 0x0000000701900000|
|  26|0x0000000701a00000, 0x0000000701affff8, 0x0000000701b00000| 99%| O|  |TS  0|AC  0|TAMS 0x0000000701a00000, 0x0000000701a00000|
|  27|0x0000000701b00000, 0x0000000701c00000, 0x0000000701c00000|100%| O|  |TS  0|AC  0|TAMS 0x0000000701b00000, 0x0000000701b00000|
|  28|0x0000000701c00000, 0x0000000701d00000, 0x0000000701d00000|100%| O|  |TS  0|AC  0|TAMS 0x0000000701c00000, 0x0000000701c00000|
|  29|0x0000000701d00000, 0x0000000701dfffd0, 0x0000000701e00000| 99%| O|  |TS  0|AC  0|TAMS 0x0000000701d00000, 0x0000000701d00000|
|  30|0x0000000701e00000, 0x0000000701effff8, 0x0000000701f00000| 99%| O|  |TS  0|AC  0|TAMS 0x0000000701e00000, 0x0000000701e00000|
|  31|0x0000000701f00000, 0x0000000701ffffd8, 0x0000000702000000| 99%| O|  |TS  0|AC  0|TAMS 0x0000000701f00000, 0x0000000701f00000|
|  32|0x0000000702000000, 0x00000007020fffc8, 0x0000000702100000| 99%| O|  |TS  0|AC  0|TAMS 0x0000000702000000, 0x0000000702000000|
|  33|0x0000000702100000, 0x00000007021f0258, 0x0000000702200000| 93%| O|  |TS  0|AC  0|TAMS 0x0000000702100000, 0x0000000702100000|
|  34|0x0000000702200000, 0x00000007022cdf08, 0x0000000702300000| 80%| O|  |TS  0|AC  0|TAMS 0x0000000702200000, 0x0000000702200000|
|  35|0x0000000702300000, 0x00000007023ffa58, 0x0000000702400000| 99%| O|  |TS  0|AC  0|TAMS 0x0000000702300000, 0x0000000702300000|
|  36|0x0000000702400000, 0x00000007024ffff0, 0x0000000702500000| 99%| O|  |TS  0|AC  0|TAMS 0x0000000702400000, 0x0000000702400000|
|  37|0x0000000702500000, 0x00000007025fffe8, 0x0000000702600000| 99%| O|  |TS  0|AC  0|TAMS 0x0000000702500000, 0x0000000702500000|
|  38|0x0000000702600000, 0x0000000702700000, 0x0000000702700000|100%|HS|  |TS  0|AC  0|TAMS 0x0000000702600000, 0x0000000702600000|
|  39|0x0000000702700000, 0x0000000702800000, 0x0000000702800000|100%|HC|  |TS  0|AC  0|TAMS 0x0000000702700000, 0x0000000702700000|
|  40|0x0000000702800000, 0x0000000702900000, 0x0000000702900000|100%|HC|  |TS  0|AC  0|TAMS 0x0000000702800000, 0x0000000702800000|
|  41|0x0000000702900000, 0x0000000702a00000, 0x0000000702a00000|100%|HC|  |TS  0|AC  0|TAMS 0x0000000702900000, 0x0000000702900000|
|  42|0x0000000702a00000, 0x0000000702b00000, 0x0000000702b00000|100%|HC|  |TS  0|AC  0|TAMS 0x0000000702a00000, 0x0000000702a00000|
|  43|0x0000000702b00000, 0x0000000702c00000, 0x0000000702c00000|100%|HC|  |TS  0|AC  0|TAMS 0x0000000702b00000, 0x0000000702b00000|
|  44|0x0000000702c00000, 0x0000000702d00000, 0x0000000702d00000|100%|HC|  |TS  0|AC  0|TAMS 0x0000000702c00000, 0x0000000702c00000|
|  45|0x0000000702d00000, 0x0000000702e00000, 0x0000000702e00000|100%|HC|  |TS  0|AC  0|TAMS 0x0000000702d00000, 0x0000000702d00000|
|  46|0x0000000702e00000, 0x0000000702efff38, 0x0000000702f00000| 99%| O|  |TS  0|AC  0|TAMS 0x0000000702e00000, 0x0000000702e00000|
|  47|0x0000000702f00000, 0x0000000702ffffe8, 0x0000000703000000| 99%| O|  |TS  0|AC  0|TAMS 0x0000000702f00000, 0x0000000702f00000|
|  48|0x0000000703000000, 0x00000007030ffff8, 0x0000000703100000| 99%| O|  |TS  0|AC  0|TAMS 0x0000000703000000, 0x0000000703000000|
|  49|0x0000000703100000, 0x00000007031fffe0, 0x0000000703200000| 99%| O|  |TS  0|AC  0|TAMS 0x0000000703100000, 0x0000000703100000|
|  50|0x0000000703200000, 0x00000007032ffa70, 0x0000000703300000| 99%| O|  |TS  0|AC  0|TAMS 0x0000000703200000, 0x0000000703200000|
|  51|0x0000000703300000, 0x00000007033ffe90, 0x0000000703400000| 99%| O|  |TS  0|AC  0|TAMS 0x0000000703300000, 0x0000000703300000|
|  52|0x0000000703400000, 0x0000000703500000, 0x0000000703500000|100%| O|  |TS  0|AC  0|TAMS 0x0000000703400000, 0x0000000703400000|
|  53|0x0000000703500000, 0x00000007035ffff0, 0x0000000703600000| 99%| O|  |TS  0|AC  0|TAMS 0x0000000703500000, 0x0000000703500000|
|  54|0x0000000703600000, 0x00000007036fffc8, 0x0000000703700000| 99%| O|  |TS  0|AC  0|TAMS 0x0000000703600000, 0x0000000703600000|
|  55|0x0000000703700000, 0x00000007037ffff8, 0x0000000703800000| 99%| O|  |TS  0|AC  0|TAMS 0x0000000703700000, 0x0000000703700000|
|  56|0x0000000703800000, 0x00000007038ffef8, 0x0000000703900000| 99%| O|  |TS  0|AC  0|TAMS 0x0000000703800000, 0x0000000703800000|
|  57|0x0000000703900000, 0x00000007039fffd8, 0x0000000703a00000| 99%| O|  |TS  0|AC  0|TAMS 0x0000000703900000, 0x0000000703900000|
|  58|0x0000000703a00000, 0x0000000703afffe8, 0x0000000703b00000| 99%| O|  |TS  0|AC  0|TAMS 0x0000000703a00000, 0x0000000703a00000|
|  59|0x0000000703b00000, 0x0000000703bfffd8, 0x0000000703c00000| 99%| O|  |TS  0|AC  0|TAMS 0x0000000703b00000, 0x0000000703b00000|
|  60|0x0000000703c00000, 0x0000000703cffe78, 0x0000000703d00000| 99%| O|  |TS  0|AC  0|TAMS 0x0000000703c00000, 0x0000000703c00000|
|  61|0x0000000703d00000, 0x0000000703dffff0, 0x0000000703e00000| 99%| O|  |TS  0|AC  0|TAMS 0x0000000703d00000, 0x0000000703d00000|
|  62|0x0000000703e00000, 0x0000000703f00000, 0x0000000703f00000|100%| O|  |TS  0|AC  0|TAMS 0x0000000703e00000, 0x0000000703e00000|
|  63|0x0000000703f00000, 0x0000000703ffffc8, 0x0000000704000000| 99%| O|  |TS  0|AC  0|TAMS 0x0000000703f00000, 0x0000000703f00000|
|  64|0x0000000704000000, 0x0000000704100000, 0x0000000704100000|100%| O|  |TS  0|AC  0|TAMS 0x0000000704000000, 0x0000000704000000|
|  65|0x0000000704100000, 0x00000007041cf580, 0x0000000704200000| 80%| O|  |TS  0|AC  0|TAMS 0x0000000704100000, 0x0000000704100000|
|  66|0x0000000704200000, 0x0000000704300000, 0x0000000704300000|100%| O|  |TS  0|AC  0|TAMS 0x0000000704200000, 0x0000000704200000|
|  67|0x0000000704300000, 0x0000000704400000, 0x0000000704400000|100%| O|  |TS  0|AC  0|TAMS 0x0000000704300000, 0x0000000704300000|
|  68|0x0000000704400000, 0x00000007044ff2d0, 0x0000000704500000| 99%| O|  |TS  0|AC  0|TAMS 0x0000000704400000, 0x0000000704400000|
|  69|0x0000000704500000, 0x0000000704600000, 0x0000000704600000|100%| O|  |TS  0|AC  0|TAMS 0x0000000704500000, 0x0000000704500000|
|  70|0x0000000704600000, 0x00000007046ee2c8, 0x0000000704700000| 93%| O|  |TS  0|AC  0|TAMS 0x0000000704600000, 0x0000000704600000|
|  71|0x0000000704700000, 0x00000007047fff40, 0x0000000704800000| 99%| O|  |TS  0|AC  0|TAMS 0x0000000704700000, 0x0000000704700000|
|  72|0x0000000704800000, 0x00000007048ffeb8, 0x0000000704900000| 99%| O|  |TS  0|AC  0|TAMS 0x0000000704800000, 0x0000000704800000|
|  73|0x0000000704900000, 0x00000007049e3bd8, 0x0000000704a00000| 88%| O|  |TS  0|AC  0|TAMS 0x0000000704900000, 0x0000000704900000|
|  74|0x0000000704a00000, 0x0000000704a00000, 0x0000000704b00000|  0%| F|  |TS  0|AC  0|TAMS 0x0000000704a00000, 0x0000000704a00000|
|  75|0x0000000704b00000, 0x0000000704b00000, 0x0000000704c00000|  0%| F|  |TS  0|AC  0|TAMS 0x0000000704b00000, 0x0000000704b00000|
|  76|0x0000000704c00000, 0x0000000704d00000, 0x0000000704d00000|100%|HS|  |TS  0|AC  0|TAMS 0x0000000704c00000, 0x0000000704c00000|
|  77|0x0000000704d00000, 0x0000000704e00000, 0x0000000704e00000|100%|HC|  |TS  0|AC  0|TAMS 0x0000000704d00000, 0x0000000704d00000|
|  78|0x0000000704e00000, 0x0000000704f00000, 0x0000000704f00000|100%|HC|  |TS  0|AC  0|TAMS 0x0000000704e00000, 0x0000000704e00000|
|  79|0x0000000704f00000, 0x0000000704f00000, 0x0000000705000000|  0%| F|  |TS  0|AC  0|TAMS 0x0000000704f00000, 0x0000000704f00000|
|  80|0x0000000705000000, 0x0000000705000000, 0x0000000705100000|  0%| F|  |TS  0|AC  0|TAMS 0x0000000705000000, 0x0000000705000000|
|  81|0x0000000705100000, 0x0000000705200000, 0x0000000705200000|100%|HS|  |TS  0|AC  0|TAMS 0x0000000705100000, 0x0000000705100000|
|  82|0x0000000705200000, 0x0000000705200000, 0x0000000705300000|  0%| F|  |TS  0|AC  0|TAMS 0x0000000705200000, 0x0000000705200000|
|  83|0x0000000705300000, 0x0000000705300000, 0x0000000705400000|  0%| F|  |TS  0|AC  0|TAMS 0x0000000705300000, 0x0000000705300000|
|  84|0x0000000705400000, 0x0000000705400000, 0x0000000705500000|  0%| F|  |TS  0|AC  0|TAMS 0x0000000705400000, 0x0000000705400000|
|  85|0x0000000705500000, 0x0000000705500000, 0x0000000705600000|  0%| F|  |TS  0|AC  0|TAMS 0x0000000705500000, 0x0000000705500000|
|  86|0x0000000705600000, 0x0000000705600000, 0x0000000705700000|  0%| F|  |TS  0|AC  0|TAMS 0x0000000705600000, 0x0000000705600000|
|  87|0x0000000705700000, 0x0000000705700000, 0x0000000705800000|  0%| F|  |TS  0|AC  0|TAMS 0x0000000705700000, 0x0000000705700000|
|  88|0x0000000705800000, 0x0000000705800000, 0x0000000705900000|  0%| F|  |TS  0|AC  0|TAMS 0x0000000705800000, 0x0000000705800000|
|  89|0x0000000705900000, 0x0000000705a00000, 0x0000000705a00000|100%|HS|  |TS  0|AC  0|TAMS 0x0000000705900000, 0x0000000705900000|
|  90|0x0000000705a00000, 0x0000000705b00000, 0x0000000705b00000|100%|HC|  |TS  0|AC  0|TAMS 0x0000000705a00000, 0x0000000705a00000|
|  91|0x0000000705b00000, 0x0000000705c00000, 0x0000000705c00000|100%|HC|  |TS  0|AC  0|TAMS 0x0000000705b00000, 0x0000000705b00000|
|  92|0x0000000705c00000, 0x0000000705d00000, 0x0000000705d00000|100%|HC|  |TS  0|AC  0|TAMS 0x0000000705c00000, 0x0000000705c00000|
|  93|0x0000000705d00000, 0x0000000705e00000, 0x0000000705e00000|100%|HS|  |TS  0|AC  0|TAMS 0x0000000705d00000, 0x0000000705d00000|
|  94|0x0000000705e00000, 0x0000000705f00000, 0x0000000705f00000|100%|HC|  |TS  0|AC  0|TAMS 0x0000000705e00000, 0x0000000705e00000|
|  95|0x0000000705f00000, 0x0000000706000000, 0x0000000706000000|100%|HC|  |TS  0|AC  0|TAMS 0x0000000705f00000, 0x0000000705f00000|
|  96|0x0000000706000000, 0x0000000706100000, 0x0000000706100000|100%|HC|  |TS  0|AC  0|TAMS 0x0000000706000000, 0x0000000706000000|
|  97|0x0000000706100000, 0x0000000706200000, 0x0000000706200000|100%|HC|  |TS  0|AC  0|TAMS 0x0000000706100000, 0x0000000706100000|
|  98|0x0000000706200000, 0x0000000706300000, 0x0000000706300000|100%|HC|  |TS  0|AC  0|TAMS 0x0000000706200000, 0x0000000706200000|
|  99|0x0000000706300000, 0x0000000706400000, 0x0000000706400000|100%|HC|  |TS  0|AC  0|TAMS 0x0000000706300000, 0x0000000706300000|
| 100|0x0000000706400000, 0x0000000706500000, 0x0000000706500000|100%|HC|  |TS  0|AC  0|TAMS 0x0000000706400000, 0x0000000706400000|
| 101|0x0000000706500000, 0x0000000706500000, 0x0000000706600000|  0%| F|  |TS  0|AC  0|TAMS 0x0000000706500000, 0x0000000706500000|
| 102|0x0000000706600000, 0x0000000706600000, 0x0000000706700000|  0%| F|  |TS  0|AC  0|TAMS 0x0000000706600000, 0x0000000706600000|
| 103|0x0000000706700000, 0x0000000706700000, 0x0000000706800000|  0%| F|  |TS  0|AC  0|TAMS 0x0000000706700000, 0x0000000706700000|
| 104|0x0000000706800000, 0x0000000706800000, 0x0000000706900000|  0%| F|  |TS  0|AC  0|TAMS 0x0000000706800000, 0x0000000706800000|
| 105|0x0000000706900000, 0x0000000706900000, 0x0000000706a00000|  0%| F|  |TS  0|AC  0|TAMS 0x0000000706900000, 0x0000000706900000|
| 106|0x0000000706a00000, 0x0000000706a00000, 0x0000000706b00000|  0%| F|  |TS  0|AC  0|TAMS 0x0000000706a00000, 0x0000000706a00000|
| 107|0x0000000706b00000, 0x0000000706bac860, 0x0000000706c00000| 67%| E|  |TS  0|AC  0|TAMS 0x0000000706b00000, 0x0000000706b00000|
| 108|0x0000000706c00000, 0x0000000706d00000, 0x0000000706d00000|100%| E|CS|TS  0|AC  0|TAMS 0x0000000706c00000, 0x0000000706c00000|
| 109|0x0000000706d00000, 0x0000000706e00000, 0x0000000706e00000|100%| E|CS|TS  0|AC  0|TAMS 0x0000000706d00000, 0x0000000706d00000|
| 110|0x0000000706e00000, 0x0000000706f00000, 0x0000000706f00000|100%| E|CS|TS  0|AC  0|TAMS 0x0000000706e00000, 0x0000000706e00000|
| 111|0x0000000706f00000, 0x0000000707000000, 0x0000000707000000|100%| E|CS|TS  0|AC  0|TAMS 0x0000000706f00000, 0x0000000706f00000|
| 112|0x0000000707000000, 0x0000000707100000, 0x0000000707100000|100%| E|CS|TS  0|AC  0|TAMS 0x0000000707000000, 0x0000000707000000|
| 113|0x0000000707100000, 0x0000000707200000, 0x0000000707200000|100%| E|CS|TS  0|AC  0|TAMS 0x0000000707100000, 0x0000000707100000|
| 114|0x0000000707200000, 0x0000000707300000, 0x0000000707300000|100%| E|CS|TS  0|AC  0|TAMS 0x0000000707200000, 0x0000000707200000|
| 115|0x0000000707300000, 0x0000000707400000, 0x0000000707400000|100%| E|CS|TS  0|AC  0|TAMS 0x0000000707300000, 0x0000000707300000|
| 116|0x0000000707400000, 0x0000000707500000, 0x0000000707500000|100%| E|CS|TS  0|AC  0|TAMS 0x0000000707400000, 0x0000000707400000|
| 117|0x0000000707500000, 0x0000000707600000, 0x0000000707600000|100%| E|CS|TS  0|AC  0|TAMS 0x0000000707500000, 0x0000000707500000|
| 118|0x0000000707600000, 0x0000000707700000, 0x0000000707700000|100%| E|CS|TS  0|AC  0|TAMS 0x0000000707600000, 0x0000000707600000|
| 119|0x0000000707700000, 0x0000000707800000, 0x0000000707800000|100%| E|CS|TS  0|AC  0|TAMS 0x0000000707700000, 0x0000000707700000|
| 120|0x0000000707800000, 0x0000000707900000, 0x0000000707900000|100%| E|CS|TS  0|AC  0|TAMS 0x0000000707800000, 0x0000000707800000|
| 121|0x0000000707900000, 0x0000000707a00000, 0x0000000707a00000|100%| E|CS|TS  0|AC  0|TAMS 0x0000000707900000, 0x0000000707900000|
| 122|0x0000000707a00000, 0x0000000707b00000, 0x0000000707b00000|100%| E|CS|TS  0|AC  0|TAMS 0x0000000707a00000, 0x0000000707a00000|
| 123|0x0000000707b00000, 0x0000000707c00000, 0x0000000707c00000|100%| E|CS|TS  0|AC  0|TAMS 0x0000000707b00000, 0x0000000707b00000|
| 124|0x0000000707c00000, 0x0000000707d00000, 0x0000000707d00000|100%| E|CS|TS  0|AC  0|TAMS 0x0000000707c00000, 0x0000000707c00000|
| 125|0x0000000707d00000, 0x0000000707e00000, 0x0000000707e00000|100%| E|CS|TS  0|AC  0|TAMS 0x0000000707d00000, 0x0000000707d00000|
| 126|0x0000000707e00000, 0x0000000707f00000, 0x0000000707f00000|100%| E|CS|TS  0|AC  0|TAMS 0x0000000707e00000, 0x0000000707e00000|
| 127|0x0000000707f00000, 0x0000000708000000, 0x0000000708000000|100%| E|CS|TS  0|AC  0|TAMS 0x0000000707f00000, 0x0000000707f00000|
| 128|0x0000000708000000, 0x0000000708100000, 0x0000000708100000|100%| E|CS|TS  0|AC  0|TAMS 0x0000000708000000, 0x0000000708000000|
| 129|0x0000000708100000, 0x0000000708200000, 0x0000000708200000|100%| E|CS|TS  0|AC  0|TAMS 0x0000000708100000, 0x0000000708100000|
| 130|0x0000000708200000, 0x0000000708300000, 0x0000000708300000|100%| E|CS|TS  0|AC  0|TAMS 0x0000000708200000, 0x0000000708200000|
| 131|0x0000000708300000, 0x0000000708400000, 0x0000000708400000|100%| E|CS|TS  0|AC  0|TAMS 0x0000000708300000, 0x0000000708300000|
| 132|0x0000000708400000, 0x0000000708500000, 0x0000000708500000|100%| E|CS|TS  0|AC  0|TAMS 0x0000000708400000, 0x0000000708400000|
| 133|0x0000000708500000, 0x0000000708600000, 0x0000000708600000|100%| E|CS|TS  0|AC  0|TAMS 0x0000000708500000, 0x0000000708500000|
| 134|0x0000000708600000, 0x0000000708700000, 0x0000000708700000|100%| E|CS|TS  0|AC  0|TAMS 0x0000000708600000, 0x0000000708600000|
| 135|0x0000000708700000, 0x0000000708800000, 0x0000000708800000|100%| E|CS|TS  0|AC  0|TAMS 0x0000000708700000, 0x0000000708700000|
| 136|0x0000000708800000, 0x0000000708900000, 0x0000000708900000|100%| E|CS|TS  0|AC  0|TAMS 0x0000000708800000, 0x0000000708800000|
| 137|0x0000000708900000, 0x0000000708a00000, 0x0000000708a00000|100%| E|CS|TS  0|AC  0|TAMS 0x0000000708900000, 0x0000000708900000|
| 138|0x0000000708a00000, 0x0000000708b00000, 0x0000000708b00000|100%| E|CS|TS  0|AC  0|TAMS 0x0000000708a00000, 0x0000000708a00000|
| 139|0x0000000708b00000, 0x0000000708c00000, 0x0000000708c00000|100%| E|CS|TS  0|AC  0|TAMS 0x0000000708b00000, 0x0000000708b00000|
| 140|0x0000000708c00000, 0x0000000708d00000, 0x0000000708d00000|100%| E|CS|TS  0|AC  0|TAMS 0x0000000708c00000, 0x0000000708c00000|
| 141|0x0000000708d00000, 0x0000000708e00000, 0x0000000708e00000|100%| E|CS|TS  0|AC  0|TAMS 0x0000000708d00000, 0x0000000708d00000|
| 142|0x0000000708e00000, 0x0000000708f00000, 0x0000000708f00000|100%| E|CS|TS  0|AC  0|TAMS 0x0000000708e00000, 0x0000000708e00000|
| 143|0x0000000708f00000, 0x0000000709000000, 0x0000000709000000|100%| E|CS|TS  0|AC  0|TAMS 0x0000000708f00000, 0x0000000708f00000|
| 144|0x0000000709000000, 0x0000000709100000, 0x0000000709100000|100%| E|CS|TS  0|AC  0|TAMS 0x0000000709000000, 0x0000000709000000|
| 145|0x0000000709100000, 0x0000000709200000, 0x0000000709200000|100%| E|CS|TS  0|AC  0|TAMS 0x0000000709100000, 0x0000000709100000|
| 146|0x0000000709200000, 0x0000000709300000, 0x0000000709300000|100%| E|CS|TS  0|AC  0|TAMS 0x0000000709200000, 0x0000000709200000|
| 147|0x0000000709300000, 0x0000000709400000, 0x0000000709400000|100%| E|CS|TS  0|AC  0|TAMS 0x0000000709300000, 0x0000000709300000|
| 148|0x0000000709400000, 0x0000000709500000, 0x0000000709500000|100%| E|CS|TS  0|AC  0|TAMS 0x0000000709400000, 0x0000000709400000|
| 149|0x0000000709500000, 0x0000000709600000, 0x0000000709600000|100%| E|CS|TS  0|AC  0|TAMS 0x0000000709500000, 0x0000000709500000|
| 150|0x0000000709600000, 0x0000000709700000, 0x0000000709700000|100%| E|CS|TS  0|AC  0|TAMS 0x0000000709600000, 0x0000000709600000|
| 151|0x0000000709700000, 0x0000000709800000, 0x0000000709800000|100%| E|CS|TS  0|AC  0|TAMS 0x0000000709700000, 0x0000000709700000|
| 152|0x0000000709800000, 0x0000000709900000, 0x0000000709900000|100%| E|CS|TS  0|AC  0|TAMS 0x0000000709800000, 0x0000000709800000|
| 153|0x0000000709900000, 0x0000000709a00000, 0x0000000709a00000|100%| E|CS|TS  0|AC  0|TAMS 0x0000000709900000, 0x0000000709900000|
| 154|0x0000000709a00000, 0x0000000709b00000, 0x0000000709b00000|100%| E|CS|TS  0|AC  0|TAMS 0x0000000709a00000, 0x0000000709a00000|
| 155|0x0000000709b00000, 0x0000000709c00000, 0x0000000709c00000|100%| E|CS|TS  0|AC  0|TAMS 0x0000000709b00000, 0x0000000709b00000|
| 156|0x0000000709c00000, 0x0000000709d00000, 0x0000000709d00000|100%| E|CS|TS  0|AC  0|TAMS 0x0000000709c00000, 0x0000000709c00000|
| 157|0x0000000709d00000, 0x0000000709e00000, 0x0000000709e00000|100%| E|CS|TS  0|AC  0|TAMS 0x0000000709d00000, 0x0000000709d00000|

Card table byte_map: [0x00000231686b0000,0x0000023168cb0000] byte_map_base: 0x0000023164eb0000

Marking Bits (Prev, Next): (CMBitMap*) 0x000002314f674758, (CMBitMap*) 0x000002314f674720
 Prev Bits: [0x000002316c2b0000, 0x000002316f2b0000)
 Next Bits: [0x00000231692b0000, 0x000002316c2b0000)

Polling page: 0x00000231477e0000

CodeHeap 'non-profiled nmethods': size=119168Kb used=22465Kb max_used=22465Kb free=96702Kb
 bounds [0x0000023160650000, 0x0000023161c50000, 0x0000023167ab0000]
CodeHeap 'profiled nmethods': size=119168Kb used=50331Kb max_used=50331Kb free=68836Kb
 bounds [0x00000231591f0000, 0x000002315c360000, 0x0000023160650000]
CodeHeap 'non-nmethods': size=7424Kb used=3527Kb max_used=3621Kb free=3896Kb
 bounds [0x0000023158ab0000, 0x0000023158e50000, 0x00000231591f0000]
 total_blobs=33196 nmethods=19113 adapters=1204
 compilation: enabled

Compilation events (10 events):
Event: 400.896 Thread 0x000002314e21c800 nmethod 23034 0x000002315c34cf90 code [0x000002315c34d160, 0x000002315c34d510]
Event: 400.897 Thread 0x000002314e21b000 nmethod 23032 0x000002315c34d610 code [0x000002315c34d8e0, 0x000002315c34eb70]
Event: 400.932 Thread 0x0000023150f9e000 23036       3       sun.java2d.marlin.Renderer::quadTo (73 bytes)
Event: 400.932 Thread 0x000002314e21a000 23035       3       sun.java2d.marlin.Curve$BreakPtrIterator::next (99 bytes)
Event: 400.932 Thread 0x000002314e21a000 nmethod 23035 0x000002315c34f090 code [0x000002315c34f280, 0x000002315c34f510]
Event: 400.932 Thread 0x0000023150f9e000 nmethod 23036 0x000002315c34f610 code [0x000002315c34f840, 0x000002315c34fcc0]
Event: 400.932 Thread 0x000002314e21c800 23037       3       de.javasoft.plaf.synthetica.painter.ComboBoxPainter::paintComboBoxBorder (56 bytes)
Event: 400.933 Thread 0x000002314e21c800 nmethod 23037 0x000002315c34fe90 code [0x000002315c3500a0, 0x000002315c350860]
Event: 400.994 Thread 0x000002314dfc8800 23039  s    4       java.awt.geom.Path2D$Float::getBounds2D (138 bytes)
Event: 400.999 Thread 0x000002314dfc8800 nmethod 23039 0x0000023161c42910 code [0x0000023161c42ac0, 0x0000023161c430d8]

GC Heap History (10 events):
Event: 394.213 GC heap before
{Heap before GC invocations=254 (full 80):
 garbage-first heap   total 161792K, used 151076K [0x0000000700000000, 0x00000007001004f0, 0x00000007c0000000)
  region size 1024K, 60 young (61440K), 2 survivors (2048K)
 Metaspace       used 85707K, capacity 92024K, committed 92208K, reserved 1128448K
  class space    used 11672K, capacity 12764K, committed 12848K, reserved 1048576K
}
Event: 394.217 GC heap after
{Heap after GC invocations=255 (full 80):
 garbage-first heap   total 161792K, used 91680K [0x0000000700000000, 0x00000007001004f0, 0x00000007c0000000)
  region size 1024K, 2 young (2048K), 2 survivors (2048K)
 Metaspace       used 85707K, capacity 92024K, committed 92208K, reserved 1128448K
  class space    used 11672K, capacity 12764K, committed 12848K, reserved 1048576K
}
Event: 395.529 GC heap before
{Heap before GC invocations=256 (full 80):
 garbage-first heap   total 161792K, used 151072K [0x0000000700000000, 0x00000007001004f0, 0x00000007c0000000)
  region size 1024K, 60 young (61440K), 2 survivors (2048K)
 Metaspace       used 85781K, capacity 92088K, committed 92208K, reserved 1128448K
  class space    used 11672K, capacity 12764K, committed 12848K, reserved 1048576K
}
Event: 395.532 GC heap after
{Heap after GC invocations=257 (full 80):
 garbage-first heap   total 161792K, used 91952K [0x0000000700000000, 0x00000007001004f0, 0x00000007c0000000)
  region size 1024K, 3 young (3072K), 3 survivors (3072K)
 Metaspace       used 85781K, capacity 92088K, committed 92208K, reserved 1128448K
  class space    used 11672K, capacity 12764K, committed 12848K, reserved 1048576K
}
Event: 396.794 GC heap before
{Heap before GC invocations=257 (full 80):
 garbage-first heap   total 161792K, used 150320K [0x0000000700000000, 0x00000007001004f0, 0x00000007c0000000)
  region size 1024K, 60 young (61440K), 3 survivors (3072K)
 Metaspace       used 85885K, capacity 92216K, committed 92464K, reserved 1128448K
  class space    used 11672K, capacity 12764K, committed 12848K, reserved 1048576K
}
Event: 396.798 GC heap after
{Heap after GC invocations=258 (full 80):
 garbage-first heap   total 161792K, used 93134K [0x0000000700000000, 0x00000007001004f0, 0x00000007c0000000)
  region size 1024K, 4 young (4096K), 4 survivors (4096K)
 Metaspace       used 85885K, capacity 92216K, committed 92464K, reserved 1128448K
  class space    used 11672K, capacity 12764K, committed 12848K, reserved 1048576K
}
Event: 399.096 GC heap before
{Heap before GC invocations=259 (full 80):
 garbage-first heap   total 161792K, used 146382K [0x0000000700000000, 0x00000007001004f0, 0x00000007c0000000)
  region size 1024K, 57 young (58368K), 4 survivors (4096K)
 Metaspace       used 85903K, capacity 92216K, committed 92464K, reserved 1128448K
  class space    used 11672K, capacity 12764K, committed 12848K, reserved 1048576K
}
Event: 399.099 GC heap after
{Heap after GC invocations=260 (full 80):
 garbage-first heap   total 161792K, used 93199K [0x0000000700000000, 0x00000007001004f0, 0x00000007c0000000)
  region size 1024K, 4 young (4096K), 4 survivors (4096K)
 Metaspace       used 85903K, capacity 92216K, committed 92464K, reserved 1128448K
  class space    used 11672K, capacity 12764K, committed 12848K, reserved 1048576K
}
Event: 399.202 GC heap before
{Heap before GC invocations=261 (full 80):
 garbage-first heap   total 161792K, used 102415K [0x0000000700000000, 0x00000007001004f0, 0x00000007c0000000)
  region size 1024K, 11 young (11264K), 4 survivors (4096K)
 Metaspace       used 85928K, capacity 92280K, committed 92464K, reserved 1128448K
  class space    used 11672K, capacity 12764K, committed 12848K, reserved 1048576K
}
Event: 399.383 GC heap after
{Heap after GC invocations=262 (full 81):
 garbage-first heap   total 161792K, used 91182K [0x0000000700000000, 0x00000007001004f0, 0x00000007c0000000)
  region size 1024K, 0 young (0K), 0 survivors (0K)
 Metaspace       used 85928K, capacity 92280K, committed 92464K, reserved 1128448K
  class space    used 11672K, capacity 12764K, committed 12848K, reserved 1048576K
}

Deoptimization events (10 events):
Event: 399.103 Thread 0x00000231734fe800 Uncommon trap: reason=unstable_if action=reinterpret pc=0x0000023161135e5c method=ui.utils.o.h.b.f(Ljava/awt/Rectangle;Ljava/awt/Rectangle;)Z @ 73 c2
Event: 399.436 Thread 0x00000231734fe800 Uncommon trap: reason=unstable_if action=reinterpret pc=0x00000231615a1b3c method=sun.font.CompositeGlyphMapper.setCachedGlyphCode(II)V @ 3 c2
Event: 399.437 Thread 0x00000231734fe800 Uncommon trap: reason=unstable_if action=reinterpret pc=0x0000023161b199c4 method=sun.font.CompositeGlyphMapper.setCachedGlyphCode(II)V @ 3 c2
Event: 399.827 Thread 0x00000231734fe800 Uncommon trap: reason=class_check action=maybe_recompile pc=0x000002316132fcd8 method=sun.awt.geom.AreaOp.pruneEdges(Ljava/util/Vector;)Ljava/util/Vector; @ 225 c2
Event: 399.827 Thread 0x00000231734fe800 Uncommon trap: reason=class_check action=maybe_recompile pc=0x000002316132fcd8 method=sun.awt.geom.AreaOp.pruneEdges(Ljava/util/Vector;)Ljava/util/Vector; @ 225 c2
Event: 399.827 Thread 0x00000231734fe800 Uncommon trap: reason=bimorphic_or_optimized_type_check action=maybe_recompile pc=0x00000231613572a0 method=sun.java2d.SunGraphics2D.validateCompClip()V @ 69 c2
Event: 399.867 Thread 0x00000231734fe800 Uncommon trap: reason=class_check action=maybe_recompile pc=0x000002316132fcd8 method=sun.awt.geom.AreaOp.pruneEdges(Ljava/util/Vector;)Ljava/util/Vector; @ 225 c2
Event: 399.867 Thread 0x00000231734fe800 Uncommon trap: reason=class_check action=maybe_recompile pc=0x000002316132fcd8 method=sun.awt.geom.AreaOp.pruneEdges(Ljava/util/Vector;)Ljava/util/Vector; @ 225 c2
Event: 399.867 Thread 0x00000231734fe800 Uncommon trap: reason=bimorphic_or_optimized_type_check action=maybe_recompile pc=0x00000231613572a0 method=sun.java2d.SunGraphics2D.validateCompClip()V @ 69 c2
Event: 400.172 Thread 0x00000231734fe800 Uncommon trap: reason=class_check action=maybe_recompile pc=0x0000023160c10340 method=javax.swing.AbstractButton.setEnabled(Z)V @ 21 c2

Classes redefined (0 events):
No events

Internal exceptions (10 events):
Event: 388.712 Thread 0x00000231734fe800 Exception <a 'de/concept/nlview/NlviewException'{0x00000007066d6810}> (0x00000007066d6810) thrown at [t:/workspace/hotspot/src/share/vm/prims/jni.cpp, line 604]
Event: 388.712 Thread 0x00000231734fe800 Exception <a 'de/concept/nlview/NlviewException'{0x00000007066d7438}> (0x00000007066d7438) thrown at [t:/workspace/hotspot/src/share/vm/prims/jni.cpp, line 604]
Event: 388.712 Thread 0x00000231734fe800 Exception <a 'de/concept/nlview/NlviewException'{0x00000007066d8060}> (0x00000007066d8060) thrown at [t:/workspace/hotspot/src/share/vm/prims/jni.cpp, line 604]
Event: 388.730 Thread 0x00000231734fe800 Exception <a 'de/concept/nlview/NlviewException'{0x00000007066ecf50}> (0x00000007066ecf50) thrown at [t:/workspace/hotspot/src/share/vm/prims/jni.cpp, line 604]
Event: 388.730 Thread 0x00000231734fe800 Exception <a 'de/concept/nlview/NlviewException'{0x00000007066ed990}> (0x00000007066ed990) thrown at [t:/workspace/hotspot/src/share/vm/prims/jni.cpp, line 604]
Event: 388.730 Thread 0x00000231734fe800 Exception <a 'de/concept/nlview/NlviewException'{0x00000007066ee4b0}> (0x00000007066ee4b0) thrown at [t:/workspace/hotspot/src/share/vm/prims/jni.cpp, line 604]
Event: 388.731 Thread 0x00000231734fe800 Exception <a 'de/concept/nlview/NlviewException'{0x00000007066f1e70}> (0x00000007066f1e70) thrown at [t:/workspace/hotspot/src/share/vm/prims/jni.cpp, line 604]
Event: 388.731 Thread 0x00000231734fe800 Exception <a 'de/concept/nlview/NlviewException'{0x00000007066f2a98}> (0x00000007066f2a98) thrown at [t:/workspace/hotspot/src/share/vm/prims/jni.cpp, line 604]
Event: 388.731 Thread 0x00000231734fe800 Exception <a 'de/concept/nlview/NlviewException'{0x00000007066f36c0}> (0x00000007066f36c0) thrown at [t:/workspace/hotspot/src/share/vm/prims/jni.cpp, line 604]
Event: 399.176 Thread 0x0000023172b0a000 Exception <a 'java/lang/InterruptedException'{0x0000000709982bd8}: sleep interrupted> (0x0000000709982bd8) thrown at [t:/workspace/hotspot/src/share/vm/prims/jvm.cpp, line 2984]

Events (10 events):
Event: 400.144 Thread 0x0000023172b08800 Thread added: 0x0000023172b08800
Event: 400.146 Executing VM operation: RevokeBias
Event: 400.146 Executing VM operation: RevokeBias done
Event: 400.147 Executing VM operation: RevokeBias
Event: 400.147 Executing VM operation: RevokeBias done
Event: 400.172 Thread 0x00000231734fe800 Uncommon trap: trap_request=0xffffffde fr.pc=0x0000023160c10340 relative=0x0000000000000ec0
Event: 400.172 Thread 0x00000231734fe800 DEOPT PACKING pc=0x0000023160c10340 sp=0x000000f2381f6120
Event: 400.172 Thread 0x00000231734fe800 DEOPT UNPACKING pc=0x0000023158afdf29 sp=0x000000f2381f6128 mode 2
Event: 400.645 Thread 0x0000023172b0d000 Thread added: 0x0000023172b0d000
Event: 400.647 Thread 0x0000023172b0d000 Thread exited: 0x0000023172b0d000


Dynamic libraries:
0x00007ff67b830000 - 0x00007ff67b860000 	F:\Xilinx\Vivado\2018.3\bin\unwrapped\win64.o\vivado.exe
0x00007ffb3fd70000 - 0x00007ffb3ff84000 	C:\WINDOWS\SYSTEM32\ntdll.dll
0x00007ffb3ebc0000 - 0x00007ffb3ec84000 	C:\WINDOWS\System32\KERNEL32.DLL
0x00007ffb3d4f0000 - 0x00007ffb3d894000 	C:\WINDOWS\System32\KERNELBASE.dll
0x00007ffb3d330000 - 0x00007ffb3d441000 	C:\WINDOWS\System32\ucrtbase.dll
0x00007ffb25080000 - 0x00007ffb2510e000 	C:\WINDOWS\SYSTEM32\MSVCP140.dll
0x00007ffb25060000 - 0x00007ffb2507b000 	C:\WINDOWS\SYSTEM32\VCRUNTIME140.dll
0x00007ffb26ed0000 - 0x00007ffb26edc000 	C:\WINDOWS\SYSTEM32\VCRUNTIME140_1.dll
0x00007ffaf9c80000 - 0x00007ffaf9c94000 	F:\Xilinx\Vivado\2018.3\lib\win64.o\libboost_signals.dll
0x00007ffafbf20000 - 0x00007ffafbf34000 	F:\Xilinx\Vivado\2018.3\lib\win64.o\librdi_commonmain.dll
0x00007ffac5020000 - 0x00007ffac5eb4000 	F:\Xilinx\Vivado\2018.3\lib\win64.o\librdi_common.dll
0x00007ffb3f780000 - 0x00007ffb3f92a000 	C:\WINDOWS\System32\USER32.dll
0x00007ffb3d300000 - 0x00007ffb3d326000 	C:\WINDOWS\System32\win32u.dll
0x00007ffb3f230000 - 0x00007ffb3f259000 	C:\WINDOWS\System32\GDI32.dll
0x00007ffb3d8a0000 - 0x00007ffb3d9b9000 	C:\WINDOWS\System32\gdi32full.dll
0x00007ffb3d450000 - 0x00007ffb3d4ea000 	C:\WINDOWS\System32\msvcp_win.dll
0x00007ffb3dd60000 - 0x00007ffb3de10000 	C:\WINDOWS\System32\ADVAPI32.dll
0x00007ffacabf0000 - 0x00007ffacaf5e000 	F:\Xilinx\Vivado\2018.3\lib\win64.o\libCOIN-all.dll
0x00007ffb3ed40000 - 0x00007ffb3ede7000 	C:\WINDOWS\System32\msvcrt.dll
0x00007ffac8e70000 - 0x00007ffac9125000 	F:\Xilinx\Vivado\2018.3\lib\win64.o\libXil_lmgr11.dll
0x00007ffaf3710000 - 0x00007ffaf3736000 	F:\Xilinx\Vivado\2018.3\lib\win64.o\libboost_filesystem.dll
0x00007ffb3ec90000 - 0x00007ffb3ed36000 	C:\WINDOWS\System32\sechost.dll
0x00007ffb3efc0000 - 0x00007ffb3f0b7000 	C:\WINDOWS\System32\COMDLG32.dll
0x00007ffb3f110000 - 0x00007ffb3f227000 	C:\WINDOWS\System32\RPCRT4.dll
0x00007ffb3de50000 - 0x00007ffb3e1da000 	C:\WINDOWS\System32\combase.dll
0x00007ffb3e380000 - 0x00007ffb3eb96000 	C:\WINDOWS\System32\SHELL32.dll
0x00007ffb3fc30000 - 0x00007ffb3fd23000 	C:\WINDOWS\System32\shcore.dll
0x00007ffb20460000 - 0x00007ffb2046a000 	F:\Xilinx\Vivado\2018.3\lib\win64.o\librdi_commonversion.dll
0x00007ffb3fa40000 - 0x00007ffb3fa9e000 	C:\WINDOWS\System32\SHLWAPI.dll
0x00007ffadb1e0000 - 0x00007ffadb301000 	F:\Xilinx\Vivado\2018.3\lib\win64.o\librdi_commonxillic.dll
0x00007ffb3fb50000 - 0x00007ffb3fc27000 	C:\WINDOWS\System32\OLEAUT32.dll
0x00007ffb3e1e0000 - 0x00007ffb3e37c000 	C:\WINDOWS\System32\ole32.dll
0x0000000051440000 - 0x000000005156b000 	F:\Xilinx\Vivado\2018.3\lib\win64.o\tcl85t.dll
0x00007ffb3dbb0000 - 0x00007ffb3dc21000 	C:\WINDOWS\System32\WS2_32.dll
0x00007ffaf99e0000 - 0x00007ffaf99f4000 	F:\Xilinx\Vivado\2018.3\lib\win64.o\libboost_date_time.dll
0x00007ffb3d210000 - 0x00007ffb3d27b000 	C:\WINDOWS\System32\WINTRUST.dll
0x00007ffb3d9c0000 - 0x00007ffb3db27000 	C:\WINDOWS\System32\CRYPT32.dll
0x00007ffadad00000 - 0x00007ffadad7f000 	F:\Xilinx\Vivado\2018.3\lib\win64.o\libboost_program_options.dll
0x00007fface160000 - 0x00007fface274000 	F:\Xilinx\Vivado\2018.3\lib\win64.o\libboost_regex.dll
0x00007ffb201e0000 - 0x00007ffb201eb000 	F:\Xilinx\Vivado\2018.3\lib\win64.o\libboost_system.dll
0x00007ffae51a0000 - 0x00007ffae51c1000 	F:\Xilinx\Vivado\2018.3\lib\win64.o\libboost_thread.dll
0x00007ffb200b0000 - 0x00007ffb200bf000 	F:\Xilinx\Vivado\2018.3\lib\win64.o\libboost_xilinx.dll
0x00007ffadac70000 - 0x00007ffadacf2000 	F:\Xilinx\Vivado\2018.3\lib\win64.o\libhdlpsolve.dll
0x00007ffad2bc0000 - 0x00007ffad2c65000 	F:\Xilinx\Vivado\2018.3\lib\win64.o\libhdxml.dll
0x00007ffac83f0000 - 0x00007ffac8c3e600 	F:\Xilinx\Vivado\2018.3\lib\win64.o\libisl_iostreams.dll
0x00007ffade360000 - 0x00007ffade38e000 	F:\Xilinx\Vivado\2018.3\lib\win64.o\libisl_sysinfo.dll
0x00007fface0f0000 - 0x00007fface155000 	F:\Xilinx\Vivado\2018.3\lib\win64.o\liblmx6.0.dll
0x00007ffaf58e0000 - 0x00007ffaf58fa000 	F:\Xilinx\Vivado\2018.3\lib\win64.o\pthreadVC2.dll
0x00007ffaf34e0000 - 0x00007ffaf34fc000 	F:\Xilinx\Vivado\2018.3\lib\win64.o\librdiconfig.dll
0x00007ffb370f0000 - 0x00007ffb37109000 	C:\WINDOWS\SYSTEM32\NETAPI32.dll
0x0000000012000000 - 0x0000000012272000 	F:\Xilinx\Vivado\2018.3\lib\win64.o\xerces-c_3_1.dll
0x00007ffadd5b0000 - 0x00007ffadd5d1000 	F:\Xilinx\Vivado\2018.3\lib\win64.o\librdizlib.dll
0x00007ffb22ec0000 - 0x00007ffb233b4000 	C:\WINDOWS\SYSTEM32\WININET.dll
0x00007ffb367f0000 - 0x00007ffb36927000 	C:\WINDOWS\SYSTEM32\WINHTTP.dll
0x00007ffb311c0000 - 0x00007ffb313b0000 	C:\WINDOWS\SYSTEM32\urlmon.dll
0x00007ffb1f800000 - 0x00007ffb1f809000 	C:\WINDOWS\SYSTEM32\WSOCK32.dll
0x00007ffadd260000 - 0x00007ffadd291000 	C:\WINDOWS\SYSTEM32\VCOMP140.DLL
0x00007ffabdbd0000 - 0x00007ffabea61000 	F:\Xilinx\Vivado\2018.3\lib\win64.o\gurobi65.dll
0x00007ffb22b80000 - 0x00007ffb22c33000 	C:\WINDOWS\WinSxS\amd64_microsoft.windows.common-controls_6595b64144ccf1df_5.82.22621.608_none_fb280a3c7926c2cc\COMCTL32.dll
0x00007ffb366a0000 - 0x00007ffb366bf000 	C:\WINDOWS\SYSTEM32\dhcpcsvc.DLL
0x00007ffb30b80000 - 0x00007ffb30e3c000 	C:\WINDOWS\SYSTEM32\iertutil.dll
0x00007ffb1fee0000 - 0x00007ffb1feed000 	F:\Xilinx\Vivado\2018.3\lib\win64.o\libboost_chrono.dll
0x00007ffaf3290000 - 0x00007ffaf32ab000 	F:\Xilinx\Vivado\2018.3\lib\win64.o\libboost_iostreams.dll
0x00007ffadd4f0000 - 0x00007ffadd515000 	F:\Xilinx\Vivado\2018.3\lib\win64.o\libisl_iosutils.dll
0x00007ffb30470000 - 0x00007ffb30499000 	C:\WINDOWS\SYSTEM32\srvcli.dll
0x00007ffb3bc90000 - 0x00007ffb3bc9c000 	C:\WINDOWS\SYSTEM32\netutils.dll
0x00007ffb3de10000 - 0x00007ffb3de41000 	C:\WINDOWS\System32\IMM32.DLL
0x00007ffb3cdf0000 - 0x00007ffb3ce02000 	C:\WINDOWS\SYSTEM32\MSASN1.dll
0x00007ffb3c240000 - 0x00007ffb3c258000 	C:\WINDOWS\SYSTEM32\kernel.appcore.dll
0x00007ffac7950000 - 0x00007ffac7e45000 	F:\Xilinx\Vivado\2018.3\lib\win64.o\librdi_commontasks.dll
0x00007ffb34ac0000 - 0x00007ffb34aca000 	C:\WINDOWS\SYSTEM32\VERSION.dll
0x00007ffac8170000 - 0x00007ffac83ef000 	F:\Xilinx\Vivado\2018.3\lib\win64.o\librdi_sio.dll
0x0000000050a10000 - 0x0000000051435000 	F:\Xilinx\Vivado\2018.3\tps\win64\jre9.0.4\bin\server\jvm.dll
0x00007ffb3f9d0000 - 0x00007ffb3f9d8000 	C:\WINDOWS\System32\PSAPI.DLL
0x00007ffb3bca0000 - 0x00007ffb3bccd000 	C:\WINDOWS\SYSTEM32\IPHLPAPI.DLL
0x00007ffb22480000 - 0x00007ffb224b4000 	C:\WINDOWS\SYSTEM32\WINMM.dll
0x00007ffacab00000 - 0x00007ffacabef000 	C:\WINDOWS\SYSTEM32\MSVCR120.dll
0x00007ffb3c6e0000 - 0x00007ffb3c749000 	C:\WINDOWS\SYSTEM32\MSWSOCK.DLL
0x00007ffb3b0e0000 - 0x00007ffb3b9ca000 	C:\WINDOWS\SYSTEM32\windows.storage.dll
0x00007ffb3afa0000 - 0x00007ffb3b0de000 	C:\WINDOWS\SYSTEM32\wintypes.dll
0x00007ffaa3220000 - 0x00007ffaa55e2000 	F:\Xilinx\Vivado\2018.3\lib\win64.o\librdi_tcltasks.dll
0x00007ffac77d0000 - 0x00007ffac794e000 	F:\Xilinx\Vivado\2018.3\lib\win64.o\librdi_board.dll
0x00007ffac6fe0000 - 0x00007ffac73bc000 	F:\Xilinx\Vivado\2018.3\lib\win64.o\librdi_bitstream.dll
0x00007ffac9fa0000 - 0x00007ffaca07c000 	F:\Xilinx\Vivado\2018.3\lib\win64.o\librdi_chipscope.dll
0x00007ffacb430000 - 0x00007ffacb49a000 	F:\Xilinx\Vivado\2018.3\lib\win64.o\librdi_boarddep.dll
0x00007ffac7440000 - 0x00007ffac75f9000 	F:\Xilinx\Vivado\2018.3\lib\win64.o\librdi_chipscopeimpl.dll
0x00007ffabad80000 - 0x00007ffabc685000 	F:\Xilinx\Vivado\2018.3\lib\win64.o\librdi_constraints.dll
0x00007ffac7e80000 - 0x00007ffac7fc8000 	F:\Xilinx\Vivado\2018.3\lib\win64.o\librdi_containers.dll
0x00007ffaa1400000 - 0x00007ffaa321f000 	F:\Xilinx\Vivado\2018.3\lib\win64.o\librdi_coregen.dll
0x00007ffac6770000 - 0x00007ffac6e4a000 	F:\Xilinx\Vivado\2018.3\lib\win64.o\librdi_coregenipxact.dll
0x00007ffa9d600000 - 0x00007ffaa13fb000 	F:\Xilinx\Vivado\2018.3\lib\win64.o\librdi_designutils.dll
0x00007ffa83b90000 - 0x00007ffa948e2000 	F:\Xilinx\Vivado\2018.3\lib\win64.o\librdi_device.dll
0x00007ffac6450000 - 0x00007ffac676b000 	F:\Xilinx\Vivado\2018.3\lib\win64.o\librdi_dlyest.dll
0x00007ffac4ac0000 - 0x00007ffac5020000 	F:\Xilinx\Vivado\2018.3\lib\win64.o\librdi_drc.dll
0x00007ffac8da0000 - 0x00007ffac8e62000 	F:\Xilinx\Vivado\2018.3\lib\win64.o\librdi_dsp.dll
0x00007ffabd590000 - 0x00007ffabdbcf000 	F:\Xilinx\Vivado\2018.3\lib\win64.o\librdi_filemgmt.dll
0x00007ffac6170000 - 0x00007ffac644a000 	F:\Xilinx\Vivado\2018.3\lib\win64.o\librdi_guitools.dll
0x00007ffac9f40000 - 0x00007ffac9f9d000 	F:\Xilinx\Vivado\2018.3\lib\win64.o\librdi_hdf.dll
0x00007ffa9c260000 - 0x00007ffa9d5f1000 	F:\Xilinx\Vivado\2018.3\lib\win64.o\librdi_implflow.dll
0x00007ffabcf70000 - 0x00007ffabd585000 	F:\Xilinx\Vivado\2018.3\lib\win64.o\librdi_memdata.dll
0x00007ffac7750000 - 0x00007ffac77c1000 	F:\Xilinx\Vivado\2018.3\lib\win64.o\librdi_memoryarray.dll
0x00007ffa988b0000 - 0x00007ffa9c25c000 	F:\Xilinx\Vivado\2018.3\lib\win64.o\librdi_mig.dll
0x00007ffabc930000 - 0x00007ffabcf6b000 	F:\Xilinx\Vivado\2018.3\lib\win64.o\librdi_netlist.dll
0x00007ffac7700000 - 0x00007ffac7750000 	F:\Xilinx\Vivado\2018.3\lib\win64.o\librdi_pfi.dll
0x00007ffa95050000 - 0x00007ffa97564000 	F:\Xilinx\Vivado\2018.3\lib\win64.o\librdi_place.dll
0x00007ffabaa70000 - 0x00007ffabad77000 	F:\Xilinx\Vivado\2018.3\lib\win64.o\librdi_platform.dll
0x00007ffab98d0000 - 0x00007ffab9fc5000 	F:\Xilinx\Vivado\2018.3\lib\win64.o\librdi_power.dll
0x00007ffab9370000 - 0x00007ffab98c6000 	F:\Xilinx\Vivado\2018.3\lib\win64.o\librdi_project.dll
0x00007ffa981b0000 - 0x00007ffa988a3000 	F:\Xilinx\Vivado\2018.3\lib\win64.o\librdi_psta.dll
0x00007ffa97ad0000 - 0x00007ffa981a9000 	F:\Xilinx\Vivado\2018.3\lib\win64.o\librdi_rsb.dll
0x00007ffac6f00000 - 0x00007ffac6fd8000 	F:\Xilinx\Vivado\2018.3\lib\win64.o\librdi_runsbase.dll
0x00007ffab8f90000 - 0x00007ffab9367000 	F:\Xilinx\Vivado\2018.3\lib\win64.o\librdi_runs.dll
0x00007ffaba840000 - 0x00007ffabaa68000 	F:\Xilinx\Vivado\2018.3\lib\win64.o\librdi_simdata.dll
0x00007ffa82e00000 - 0x00007ffa83b8d000 	F:\Xilinx\Vivado\2018.3\lib\win64.o\librdi_timing.dll
0x00007ffac4960000 - 0x00007ffac4ab4000 	F:\Xilinx\Vivado\2018.3\lib\win64.o\librdi_advchipscopeimpl.dll
0x00007ffac76b0000 - 0x00007ffac76fc000 	F:\Xilinx\Vivado\2018.3\lib\win64.o\libboost_serialization.dll
0x00007ffabc870000 - 0x00007ffabc928000 	F:\Xilinx\Vivado\2018.3\lib\win64.o\librdi_hip_devdesign.dll
0x00007ffabc7c0000 - 0x00007ffabc86b000 	F:\Xilinx\Vivado\2018.3\lib\win64.o\librdi_ipconfig_readwrite.dll
0x00007ffadae90000 - 0x00007ffadaec8000 	F:\Xilinx\Vivado\2018.3\lib\win64.o\librdi_noc_frameworks.dll
0x00007ffa822b0000 - 0x00007ffa82df7000 	F:\Xilinx\Vivado\2018.3\lib\win64.o\libverific.dll
0x00007ffa97710000 - 0x00007ffa97ac5000 	F:\Xilinx\Vivado\2018.3\lib\win64.o\librdi_hip_config.dll
0x00007ffa94b00000 - 0x00007ffa9504e000 	F:\Xilinx\Vivado\2018.3\lib\win64.o\librdi_xdm.dll
0x00007ffaba7a0000 - 0x00007ffaba83e000 	F:\Xilinx\Vivado\2018.3\lib\win64.o\libise.dll
0x00007ffa81cc0000 - 0x00007ffa822a4000 	F:\Xilinx\Vivado\2018.3\lib\win64.o\librdi_wavedata.dll
0x00007ffac73f0000 - 0x00007ffac7439000 	F:\Xilinx\Vivado\2018.3\lib\win64.o\librdi_wavedata_SimpleApi.dll
0x00007ffac6100000 - 0x00007ffac6163000 	F:\Xilinx\Vivado\2018.3\lib\win64.o\librdi_hip_mathengine.dll
0x00007ffa7ed60000 - 0x00007ffa80ca2000 	F:\Xilinx\Vivado\2018.3\lib\win64.o\librdi_synth.dll
0x00007ffa80cb0000 - 0x00007ffa81cb2000 	F:\Xilinx\Vivado\2018.3\lib\win64.o\librdi_route.dll

VM Arguments:
jvm_args: -Dsun.java2d.pmoffscreen=false -Dsun.java2d.xrender=false -Dsun.java2d.d3d=false -Dsun.awt.nopixfmt=true -Dsun.java2d.dpiaware=true -Dsun.java2d.uiScale.enabled=false -Xverify:none -Dswing.aatext=true -XX:-UsePerfData -Djdk.map.althashing.threshold=512 -XX:StringTableSize=4072 --add-opens=java.base/java.nio=ALL-UNNAMED --add-opens=java.desktop/sun.swing=ALL-UNNAMED --add-opens=java.desktop/javax.swing=ALL-UNNAMED --add-opens=java.desktop/javax.swing.tree=ALL-UNNAMED --add-opens=java.desktop/javax.swing.plaf.basic=ALL-UNNAMED --add-opens=java.desktop/javax.swing.plaf.synth=ALL-UNNAMED --add-opens=java.desktop/com.sun.awt=ALL-UNNAMED -XX:NewSize=60m -XX:MaxNewSize=60m -Xms128m -Xmx3072m -Xss5m 
java_command: <unknown>
java_class_path (initial): F:/Xilinx/Vivado/2018.3\lib\classes\alloy.jar;F:/Xilinx/Vivado/2018.3\lib\classes\autopilot.scelaborator.jar;F:/Xilinx/Vivado/2018.3\lib\classes\autopilot.sourceprocessor.jar;F:/Xilinx/Vivado/2018.3\lib\classes\autopilot.tbprocessor.jar;F:/Xilinx/Vivado/2018.3\lib\classes\batik-anim.jar;F:/Xilinx/Vivado/2018.3\lib\classes\batik-awt-util.jar;F:/Xilinx/Vivado/2018.3\lib\classes\batik-bridge.jar;F:/Xilinx/Vivado/2018.3\lib\classes\batik-codec.jar;F:/Xilinx/Vivado/2018.3\lib\classes\batik-css.jar;F:/Xilinx/Vivado/2018.3\lib\classes\batik-dom.jar;F:/Xilinx/Vivado/2018.3\lib\classes\batik-ext.jar;F:/Xilinx/Vivado/2018.3\lib\classes\batik-gui-util.jar;F:/Xilinx/Vivado/2018.3\lib\classes\batik-gvt.jar;F:/Xilinx/Vivado/2018.3\lib\classes\batik-parser.jar;F:/Xilinx/Vivado/2018.3\lib\classes\batik-script.jar;F:/Xilinx/Vivado/2018.3\lib\classes\batik-svg-dom.jar;F:/Xilinx/Vivado/2018.3\lib\classes\batik-swing.jar;F:/Xilinx/Vivado/2018.3\lib\classes\batik-transcoder.jar;F:/Xilinx/Vivado/2018.3\lib\classes\batik-util.jar;F:/Xilinx/Vivado/2018.3\lib\classes\batik-xml.jar;F:/Xilinx/Vivado/2018.3\lib\classes\com.ibm.icu_4.4.2.v20110208.jar;F:/Xilinx/Vivado/2018.3\lib\classes\commons-collections4-4.1.jar;F:/Xilinx/Vivado/2018.3\lib\classes\commons-math-2.2.jar;F:/Xilinx/Vivado/2018.3\lib\classes\dom4j-1.6.1.jar;F:/Xilinx/Vivado/2018.3\lib\classes\guava-18.0.jar;F:/Xilinx/Vivado/2018.3\lib\classes\help.jar;F:/Xilinx/Vivado/2018.3\lib\classes\hsqldb.jar;F:/Xilinx/Vivado/2018.3\lib\classes\jargs.jar;F:/Xilinx/Vivado/2018.3\lib\classes\jaxb-api-2.3.0.jar;F:/Xilinx/Vivado/2018.3\lib\classes\jh.jar;F:/Xilinx/Vivado/2018.3\lib\classes\jide-action.jar;F:/Xilinx/Vivado/2018.3\lib\classes\jide-charts.jar;F:/Xilinx/Vivado/2018.3\lib\classes\jide-common.jar;F:/Xilinx/Vivado/2018.3\lib\classes\jide-components.jar;F:/Xilinx/Vivado/2018.3\lib\classes\jide-dashboard.jar;F:/Xilinx/Vivado/2018.3\lib\classes\jide-data.jar;F:/Xilinx/Vivado/2018.3\lib\classes\jide-dialogs.jar
Launcher Type: generic

Logging:
Log output configuration:
#0: stdout all=warning uptime,level,tags
#1: stderr all=off uptime,level,tags

Environment Variables:
JAVA_HOME=D:\Program Files\IntelliJ IDEA 2020.3.2\jbr
CLASSPATH=.;F:\Cache\JetBrains\Idea\config\plugins\antlr-intellij-plugin-v4\lib\;F:\Program Files\Apache Software Foundation\Tomcat 10.0\lib\servlet-api.jar;F:\Programs\MySQL\mysql-connector-java-8.0.28\mysql-connector-java-8.0.28.jar;
PATH=F:/Xilinx/Vivado/2018.3/bin;F:/Xilinx/Vivado/2018.3/lib/win64.o;F:/Xilinx/Vivado/2018.3/tps/win64/jre9.0.4/bin/server;F:/Xilinx/Vivado/2018.3/tps/win64/jre9.0.4/bin;F:/Xilinx/SDK/2018.3/bin;F:/Xilinx/Vivado/2018.3/ids_lite/ISE/bin/nt64;F:/Xilinx/Vivado/2018.3/ids_lite/ISE/lib/nt64;F:\Programs\JEnv;F:\Program Files\Microsoft MPI\Bin\;F:\Program Files (x86)\Eazfuscator.NET;C:\Program Files\Common Files\Oracle\Java\javapath;F:\Program Files (x86)\VMware\VMware Workstation\bin\;C:\Program Files\PlasticSCM5\server;C:\Program Files\PlasticSCM5\client;D:\Program Files\CUDA\CUDA_Dev\bin;D:\Program Files\CUDA\CUDA_Dev\libnvvp;C:\Windows\system32;C:\Windows;C:\Windows\System32\Wbem;C:\Windows\System32\WindowsPowerShell\v1.0\;C:\Windows\System32\OpenSSH\;D:\Program Files\Git\cmd;C:\Program Files\NVIDIA Corporation\Nsight Compute 2020.1.1\;D:\Program Files\CUDA\CUDA_Dev\lib\x64;D:\Program Files (x86)\Visual Leak Detector\bin\Win32;D:\Program Files (x86)\Visual Leak Detector\bin\Win64;D:\Program Files\Graphviz\bin;F:\Programs\MATLAB\runtime\win64;F:\Programs\MATLAB\bin;F:\Program Files\MVTec\HALCON-19.11-Progress\bin\x64-win64;C:\Program Files (x86)\NVIDIA Corporation\PhysX\Common;C:\Program Files\NVIDIA Corporation\NVIDIA NvDLISR;F:\Program Files (x86)\NetSarang\Xftp 7\;C:\Program Files\dotnet\;D:\Program Files\nodejs\;C:\Program Files (x86)\ZeroTier\One\;C:\Program Files\Pandoc\;C:\Program Files (x86)\dotnet\;F:\Program Files (x86)\WinSCP\;F:\Program Files (x86)\NetSarang\Xmanager 7\;F:\Program Files (x86)\NetSarang\Xshell 7\;F:\Program Files (x86)\NetSarang\Xlpd 7\;F:\Program Files (x86)\Arm GNU Toolchain arm-none-eabi\12.2 mpacbti-rel1\bin;F:\Users\.cargo\bin;F:\Program Files\qemu;F:\Programs\cygwin64\bin;D:\Program Files\JDK\bin;F:\Programs\arthas-bin;F:\Programs\IKVM\bin;;F:/Xilinx/Vivado/2018.3\tps\mingw\6.2.0\win64.o\nt\bin;F:/Xilinx/Vivado/2018.3\tps\mingw\6.2.0\win64.o\nt\libexec\gcc\x86_64-w64-mingw32\6.2.0
USERNAME=lenovo
OS=Windows_NT
PROCESSOR_IDENTIFIER=Intel64 Family 6 Model 165 Stepping 2, GenuineIntel



---------------  S Y S T E M  ---------------

OS: Windows 10 , 64 bit Build 22621 (10.0.22621.2070)

CPU:total 16 (initial active 16) (8 cores per cpu, 2 threads per core) family 6 model 165 stepping 2, cmov, cx8, fxsr, mmx, sse, sse2, sse3, ssse3, sse4.1, sse4.2, popcnt, avx, avx2, aes, clmul, erms, 3dnowpref, lzcnt, ht, tsc, tscinvbit, bmi1, bmi2, adx, fma

Memory: 4k page, physical 16640816k(2294516k free), swap 48130864k(27047412k free)

vm_info: Java HotSpot(TM) 64-Bit Server VM (9.0.4+11) for windows-amd64 JRE (9.0.4+11), built on Dec 20 2017 02:18:54 by "mach5one" with MS VC++ 12.0 (VS2013)

END.
